<?xml version="1.0" encoding="UTF-8"?>
<testsuite name="graphql.execution.reactive.SingleSubscriberPublisherTckVerificationTest" tests="38" skipped="13" failures="0" errors="0" timestamp="2019-10-01T16:24:28" hostname="pc1295" time="3.344">
  <properties/>
  <testcase name="optional_spec104_mustSignalOnErrorWhenFails" classname="graphql.execution.reactive.SingleSubscriberPublisherTckVerificationTest" time="0.125"/>
  <testcase name="optional_spec105_emptyStreamMustTerminateBySignallingOnComplete" classname="graphql.execution.reactive.SingleSubscriberPublisherTckVerificationTest" time="0.114"/>
  <testcase name="optional_spec111_maySupportMultiSubscribe" classname="graphql.execution.reactive.SingleSubscriberPublisherTckVerificationTest" time="0.011">
    <skipped/>
  </testcase>
  <testcase name="optional_spec111_multicast_mustProduceTheSameElementsInTheSameSequenceToAllOfItsSubscribersWhenRequestingManyUpfront" classname="graphql.execution.reactive.SingleSubscriberPublisherTckVerificationTest" time="0.004">
    <skipped/>
  </testcase>
  <testcase name="optional_spec111_multicast_mustProduceTheSameElementsInTheSameSequenceToAllOfItsSubscribersWhenRequestingManyUpfrontAndCompleteAsExpected" classname="graphql.execution.reactive.SingleSubscriberPublisherTckVerificationTest" time="0.003">
    <skipped/>
  </testcase>
  <testcase name="optional_spec111_multicast_mustProduceTheSameElementsInTheSameSequenceToAllOfItsSubscribersWhenRequestingOneByOne" classname="graphql.execution.reactive.SingleSubscriberPublisherTckVerificationTest" time="0.003">
    <skipped/>
  </testcase>
  <testcase name="optional_spec111_registeredSubscribersMustReceiveOnNextOrOnCompleteSignals" classname="graphql.execution.reactive.SingleSubscriberPublisherTckVerificationTest" time="0.004">
    <skipped/>
  </testcase>
  <testcase name="optional_spec309_requestNegativeNumberMaySignalIllegalArgumentExceptionWithSpecificMessage" classname="graphql.execution.reactive.SingleSubscriberPublisherTckVerificationTest" time="0.105"/>
  <testcase name="required_createPublisher1MustProduceAStreamOfExactly1Element" classname="graphql.execution.reactive.SingleSubscriberPublisherTckVerificationTest" time="0.011"/>
  <testcase name="required_createPublisher3MustProduceAStreamOfExactly3Elements" classname="graphql.execution.reactive.SingleSubscriberPublisherTckVerificationTest" time="0.002"/>
  <testcase name="required_spec101_subscriptionRequestMustResultInTheCorrectNumberOfProducedElements" classname="graphql.execution.reactive.SingleSubscriberPublisherTckVerificationTest" time="0.304"/>
  <testcase name="required_spec102_maySignalLessThanRequestedAndTerminateSubscription" classname="graphql.execution.reactive.SingleSubscriberPublisherTckVerificationTest" time="0.004"/>
  <testcase name="required_spec105_mustSignalOnCompleteWhenFiniteStreamTerminates" classname="graphql.execution.reactive.SingleSubscriberPublisherTckVerificationTest" time="0.104"/>
  <testcase name="required_spec107_mustNotEmitFurtherSignalsOnceOnCompleteHasBeenSignalled" classname="graphql.execution.reactive.SingleSubscriberPublisherTckVerificationTest" time="0.104"/>
  <testcase name="required_spec109_mayRejectCallsToSubscribeIfPublisherIsUnableOrUnwillingToServeThemRejectionMustTriggerOnErrorAfterOnSubscribe" classname="graphql.execution.reactive.SingleSubscriberPublisherTckVerificationTest" time="0.002"/>
  <testcase name="required_spec109_mustIssueOnSubscribeForNonNullSubscriber" classname="graphql.execution.reactive.SingleSubscriberPublisherTckVerificationTest" time="0.003"/>
  <testcase name="required_spec109_subscribeThrowNPEOnNullSubscriber" classname="graphql.execution.reactive.SingleSubscriberPublisherTckVerificationTest" time="0.003"/>
  <testcase name="required_spec302_mustAllowSynchronousRequestCallsFromOnNextAndOnSubscribe" classname="graphql.execution.reactive.SingleSubscriberPublisherTckVerificationTest" time="0.103"/>
  <testcase name="required_spec303_mustNotAllowUnboundedRecursion" classname="graphql.execution.reactive.SingleSubscriberPublisherTckVerificationTest" time="0.001"/>
  <testcase name="required_spec306_afterSubscriptionIsCancelledRequestMustBeNops" classname="graphql.execution.reactive.SingleSubscriberPublisherTckVerificationTest" time="0.102"/>
  <testcase name="required_spec307_afterSubscriptionIsCancelledAdditionalCancelationsMustBeNops" classname="graphql.execution.reactive.SingleSubscriberPublisherTckVerificationTest" time="0.102"/>
  <testcase name="required_spec309_requestNegativeNumberMustSignalIllegalArgumentException" classname="graphql.execution.reactive.SingleSubscriberPublisherTckVerificationTest" time="0.103"/>
  <testcase name="required_spec309_requestZeroMustSignalIllegalArgumentException" classname="graphql.execution.reactive.SingleSubscriberPublisherTckVerificationTest" time="0.102"/>
  <testcase name="required_spec312_cancelMustMakeThePublisherToEventuallyStopSignaling" classname="graphql.execution.reactive.SingleSubscriberPublisherTckVerificationTest" time="1.514"/>
  <testcase name="required_spec313_cancelMustMakeThePublisherEventuallyDropAllReferencesToTheSubscriber" classname="graphql.execution.reactive.SingleSubscriberPublisherTckVerificationTest" time="0.324"/>
  <testcase name="required_spec317_mustNotSignalOnErrorWhenPendingAboveLongMaxValue" classname="graphql.execution.reactive.SingleSubscriberPublisherTckVerificationTest" time="0.003">
    <skipped/>
  </testcase>
  <testcase name="required_spec317_mustSupportACumulativePendingElementCountUpToLongMaxValue" classname="graphql.execution.reactive.SingleSubscriberPublisherTckVerificationTest" time="0.003"/>
  <testcase name="required_spec317_mustSupportAPendingElementCountUpToLongMaxValue" classname="graphql.execution.reactive.SingleSubscriberPublisherTckVerificationTest" time="0.003"/>
  <testcase name="required_validate_boundedDepthOfOnNextAndRequestRecursion" classname="graphql.execution.reactive.SingleSubscriberPublisherTckVerificationTest" time="0.001"/>
  <testcase name="required_validate_maxElementsFromPublisher" classname="graphql.execution.reactive.SingleSubscriberPublisherTckVerificationTest" time="0.0"/>
  <testcase name="stochastic_spec103_mustSignalOnMethodsSequentially" classname="graphql.execution.reactive.SingleSubscriberPublisherTckVerificationTest" time="0.044"/>
  <testcase name="untested_spec106_mustConsiderSubscriptionCancelledAfterOnErrorOrOnCompleteHasBeenCalled" classname="graphql.execution.reactive.SingleSubscriberPublisherTckVerificationTest" time="0.001">
    <skipped/>
  </testcase>
  <testcase name="untested_spec107_mustNotEmitFurtherSignalsOnceOnErrorHasBeenSignalled" classname="graphql.execution.reactive.SingleSubscriberPublisherTckVerificationTest" time="0.0">
    <skipped/>
  </testcase>
  <testcase name="untested_spec108_possiblyCanceledSubscriptionShouldNotReceiveOnErrorOrOnCompleteSignals" classname="graphql.execution.reactive.SingleSubscriberPublisherTckVerificationTest" time="0.001">
    <skipped/>
  </testcase>
  <testcase name="untested_spec109_subscribeShouldNotThrowNonFatalThrowable" classname="graphql.execution.reactive.SingleSubscriberPublisherTckVerificationTest" time="0.0">
    <skipped/>
  </testcase>
  <testcase name="untested_spec110_rejectASubscriptionRequestIfTheSameSubscriberSubscribesTwice" classname="graphql.execution.reactive.SingleSubscriberPublisherTckVerificationTest" time="0.0">
    <skipped/>
  </testcase>
  <testcase name="untested_spec304_requestShouldNotPerformHeavyComputations" classname="graphql.execution.reactive.SingleSubscriberPublisherTckVerificationTest" time="0.0">
    <skipped/>
  </testcase>
  <testcase name="untested_spec305_cancelMustNotSynchronouslyPerformHeavyComputation" classname="graphql.execution.reactive.SingleSubscriberPublisherTckVerificationTest" time="0.0">
    <skipped/>
  </testcase>
  <system-out><![CDATA[]]></system-out>
  <system-err><![CDATA[]]></system-err>
</testsuite>
