<?xml version="1.0" encoding="UTF-8"?>
<testsuite name="graphql.validation.rules.NoUnusedFragmentsTest" tests="4" skipped="0" failures="0" errors="0" timestamp="2019-10-01T16:24:18" hostname="pc1295" time="0.01">
  <properties/>
  <testcase name="all fragment names are used" classname="graphql.validation.rules.NoUnusedFragmentsTest" time="0.006"/>
  <testcase name="all fragment names are used by multiple operations" classname="graphql.validation.rules.NoUnusedFragmentsTest" time="0.001"/>
  <testcase name="contains unknown fragments" classname="graphql.validation.rules.NoUnusedFragmentsTest" time="0.002"/>
  <testcase name="contains unknown fragments with ref cycle" classname="graphql.validation.rules.NoUnusedFragmentsTest" time="0.001"/>
  <system-out><![CDATA[]]></system-out>
  <system-err><![CDATA[]]></system-err>
</testsuite>
