<?xml version="1.0" encoding="UTF-8"?>
<testsuite name="graphql.language.SerialisationTest" tests="4" skipped="0" failures="0" errors="0" timestamp="2019-10-01T16:24:20" hostname="pc1295" time="0.103">
  <properties/>
  <testcase name="#1071 basic document serialisation" classname="graphql.language.SerialisationTest" time="0.072"/>
  <testcase name="basic error serialisation" classname="graphql.language.SerialisationTest" time="0.001"/>
  <testcase name="PreparsedDocumentEntry with document is serializable" classname="graphql.language.SerialisationTest" time="0.027"/>
  <testcase name="PreparsedDocumentEntry with errors is serializable" classname="graphql.language.SerialisationTest" time="0.002"/>
  <system-out><![CDATA[]]></system-out>
  <system-err><![CDATA[]]></system-err>
</testsuite>
