<?xml version="1.0" encoding="UTF-8"?>
<testsuite name="graphql.execution.preparsed.NoOpPreparsedDocumentProviderTest" tests="1" skipped="0" failures="0" errors="0" timestamp="2019-10-01T16:24:17" hostname="pc1295" time="0.016">
  <properties/>
  <testcase name="NoOp always returns result of compute function" classname="graphql.execution.preparsed.NoOpPreparsedDocumentProviderTest" time="0.016"/>
  <system-out><![CDATA[]]></system-out>
  <system-err><![CDATA[]]></system-err>
</testsuite>
