<?xml version="1.0" encoding="UTF-8"?>
<testsuite name="graphql.execution.instrumentation.ChainedInstrumentationStateTest" tests="2" skipped="0" failures="0" errors="0" timestamp="2019-10-01T16:24:14" hostname="pc1295" time="0.015">
  <properties/>
  <testcase name="basic chaining and state management" classname="graphql.execution.instrumentation.ChainedInstrumentationStateTest" time="0.014"/>
  <testcase name="empty chain" classname="graphql.execution.instrumentation.ChainedInstrumentationStateTest" time="0.001"/>
  <system-out><![CDATA[Started execution...
Started execution...
Started execution...
Started parse...
Started parse...
Started parse...
	Ended parse in 0ms
	Ended parse in 0ms
	Ended parse in 0ms
Started validation...
Started validation...
Started validation...
	Ended validation in 0ms
	Ended validation in 0ms
	Ended validation in 0ms
Started execute-operation...
Started execute-operation...
Started execute-operation...
Started execution-strategy...
Started execution-strategy...
Started execution-strategy...
Started field-hero...
Started field-hero...
Started field-hero...
Started fetch-hero...
Started fetch-hero...
Started fetch-hero...
	Ended fetch-hero in 0ms
	Ended fetch-hero in 0ms
	Ended fetch-hero in 0ms
Started complete-hero...
Started complete-hero...
Started complete-hero...
Started execution-strategy...
Started execution-strategy...
Started execution-strategy...
Started field-id...
Started field-id...
Started field-id...
Started fetch-id...
Started fetch-id...
Started fetch-id...
	Ended fetch-id in 0ms
	Ended fetch-id in 0ms
	Ended fetch-id in 0ms
Started complete-id...
Started complete-id...
Started complete-id...
	Ended complete-id in 0ms
	Ended complete-id in 0ms
	Ended complete-id in 0ms
	Ended field-id in 0ms
	Ended field-id in 0ms
	Ended field-id in 0ms
	Ended execution-strategy in 0ms
	Ended execution-strategy in 0ms
	Ended execution-strategy in 0ms
	Ended complete-hero in 0ms
	Ended complete-hero in 0ms
	Ended complete-hero in 0ms
	Ended field-hero in 1ms
	Ended field-hero in 1ms
	Ended field-hero in 1ms
	Ended execution-strategy in 1ms
	Ended execution-strategy in 1ms
	Ended execution-strategy in 1ms
	Ended execute-operation in 1ms
	Ended execute-operation in 1ms
	Ended execute-operation in 1ms
	Ended execution in 3ms
	Ended execution in 2ms
	Ended execution in 2ms
]]></system-out>
  <system-err><![CDATA[]]></system-err>
</testsuite>
