<?xml version="1.0" encoding="UTF-8"?>
<testsuite name="graphql.validation.SpecValidation282Test" tests="1" skipped="0" failures="0" errors="0" timestamp="2019-10-01T16:24:18" hostname="pc1295" time="0.004">
  <properties/>
  <testcase name="Inline fragment can omit type condition" classname="graphql.validation.SpecValidation282Test" time="0.004"/>
  <system-out><![CDATA[]]></system-out>
  <system-err><![CDATA[]]></system-err>
</testsuite>
