<?xml version="1.0" encoding="UTF-8"?>
<testsuite name="graphql.language.DocumentTest" tests="1" skipped="0" failures="0" errors="0" timestamp="2019-10-01T16:24:19" hostname="pc1295" time="0.005">
  <properties/>
  <testcase name="test deep copy works as expected" classname="graphql.language.DocumentTest" time="0.005"/>
  <system-out><![CDATA[]]></system-out>
  <system-err><![CDATA[]]></system-err>
</testsuite>
