<?xml version="1.0" encoding="UTF-8"?>
<testsuite name="graphql.introspection.IntrospectionJsonBugTest" tests="2" skipped="0" failures="0" errors="0" timestamp="2019-10-01T16:24:17" hostname="pc1295" time="0.578">
  <properties/>
  <testcase name="1509 - can load data and generate schema from json first bug" classname="graphql.introspection.IntrospectionJsonBugTest" time="0.498"/>
  <testcase name="1509 - can load data and generate schema from json second bug" classname="graphql.introspection.IntrospectionJsonBugTest" time="0.08"/>
  <system-out><![CDATA[]]></system-out>
  <system-err><![CDATA[]]></system-err>
</testsuite>
