<?xml version="1.0" encoding="UTF-8"?>
<testsuite name="graphql.schema.GraphQLInterfaceTypeTest" tests="2" skipped="0" failures="0" errors="0" timestamp="2019-10-01T16:24:06" hostname="pc1295" time="0.006">
  <properties/>
  <testcase name="duplicate field definition fails" classname="graphql.schema.GraphQLInterfaceTypeTest" time="0.004"/>
  <testcase name="builder can change existing object into a new one" classname="graphql.schema.GraphQLInterfaceTypeTest" time="0.002"/>
  <system-out><![CDATA[]]></system-out>
  <system-err><![CDATA[]]></system-err>
</testsuite>
