<?xml version="1.0" encoding="UTF-8"?>
<testsuite name="graphql.TypeMismatchErrorTest" tests="8" skipped="0" failures="0" errors="0" timestamp="2019-10-01T16:24:19" hostname="pc1295" time="0.004">
  <properties/>
  <testcase name="test GraphQLTypeToTypeKindMapping mapping GraphQLList" classname="graphql.TypeMismatchErrorTest" time="0.003"/>
  <testcase name="test GraphQLTypeToTypeKindMapping mapping GraphQLScalarType" classname="graphql.TypeMismatchErrorTest" time="0.0"/>
  <testcase name="test GraphQLTypeToTypeKindMapping mapping GraphQLObjectType" classname="graphql.TypeMismatchErrorTest" time="0.0"/>
  <testcase name="test GraphQLTypeToTypeKindMapping mapping GraphQLEnumType" classname="graphql.TypeMismatchErrorTest" time="0.0"/>
  <testcase name="test GraphQLTypeToTypeKindMapping mapping GraphQLInputObjectType" classname="graphql.TypeMismatchErrorTest" time="0.0"/>
  <testcase name="test GraphQLTypeToTypeKindMapping mapping GraphQLInterfaceType" classname="graphql.TypeMismatchErrorTest" time="0.0"/>
  <testcase name="test GraphQLTypeToTypeKindMapping mapping GraphQLNonNull" classname="graphql.TypeMismatchErrorTest" time="0.0"/>
  <testcase name="test GraphQLTypeToTypeKindMapping mapping GraphQLUnionType" classname="graphql.TypeMismatchErrorTest" time="0.0"/>
  <system-out><![CDATA[]]></system-out>
  <system-err><![CDATA[]]></system-err>
</testsuite>
