<?xml version="1.0" encoding="UTF-8"?>
<testsuite name="graphql.execution.AsyncSerialExecutionStrategyTest" tests="2" skipped="0" failures="0" errors="0" timestamp="2019-10-01T16:24:17" hostname="pc1295" time="0.012">
  <properties/>
  <testcase name="serial execution" classname="graphql.execution.AsyncSerialExecutionStrategyTest" time="0.01"/>
  <testcase name="async serial execution test" classname="graphql.execution.AsyncSerialExecutionStrategyTest" time="0.002"/>
  <system-out><![CDATA[]]></system-out>
  <system-err><![CDATA[]]></system-err>
</testsuite>
