<?xml version="1.0" encoding="UTF-8"?>
<testsuite name="graphql.language.NodeParentTreeTest" tests="4" skipped="0" failures="0" errors="0" timestamp="2019-10-01T16:24:20" hostname="pc1295" time="0.011">
  <properties/>
  <testcase name="basic hierarchy" classname="graphql.language.NodeParentTreeTest" time="0.01"/>
  <testcase name="non named nodes don't contribute to the path" classname="graphql.language.NodeParentTreeTest" time="0.001"/>
  <testcase name="single stack has no parent" classname="graphql.language.NodeParentTreeTest" time="0.0"/>
  <testcase name="empty and null stack is not allowed" classname="graphql.language.NodeParentTreeTest" time="0.0"/>
  <system-out><![CDATA[]]></system-out>
  <system-err><![CDATA[]]></system-err>
</testsuite>
