<?xml version="1.0" encoding="UTF-8"?>
<testsuite name="graphql.execution.FieldValueInfoTest" tests="2" skipped="0" failures="0" errors="0" timestamp="2019-10-01T16:24:10" hostname="pc1295" time="0.012">
  <properties/>
  <testcase name="simple constructor test" classname="graphql.execution.FieldValueInfoTest" time="0.012"/>
  <testcase name="negative constructor test" classname="graphql.execution.FieldValueInfoTest" time="0.0"/>
  <system-out><![CDATA[]]></system-out>
  <system-err><![CDATA[]]></system-err>
</testsuite>
