<?xml version="1.0" encoding="UTF-8"?>
<testsuite name="graphql.schema.CoercingTest" tests="1" skipped="0" failures="0" errors="0" timestamp="2019-10-01T16:24:08" hostname="pc1295" time="0.029">
  <properties/>
  <testcase name="end to end test of coercing with variables references" classname="graphql.schema.CoercingTest" time="0.029"/>
  <system-out><![CDATA[]]></system-out>
  <system-err><![CDATA[]]></system-err>
</testsuite>
