<?xml version="1.0" encoding="UTF-8"?>
<testsuite name="graphql.schema.GraphqlTypeComparatorEnvironmentTest" tests="7" skipped="0" failures="0" errors="0" timestamp="2019-10-01T16:24:08" hostname="pc1295" time="0.009">
  <properties/>
  <testcase name="valid instance" classname="graphql.schema.GraphqlTypeComparatorEnvironmentTest" time="0.004"/>
  <testcase name="invalid instance with missing elementType" classname="graphql.schema.GraphqlTypeComparatorEnvironmentTest" time="0.0"/>
  <testcase name="equals handles optional parentType" classname="graphql.schema.GraphqlTypeComparatorEnvironmentTest" time="0.001"/>
  <testcase name="hashCode handles optional parentType" classname="graphql.schema.GraphqlTypeComparatorEnvironmentTest" time="0.0"/>
  <testcase name="new environment can be created from an existing one" classname="graphql.schema.GraphqlTypeComparatorEnvironmentTest" time="0.0"/>
  <testcase name="object can be transformed into a valid state" classname="graphql.schema.GraphqlTypeComparatorEnvironmentTest" time="0.002"/>
  <testcase name="object cannot be transformed into an invalid state" classname="graphql.schema.GraphqlTypeComparatorEnvironmentTest" time="0.002"/>
  <system-out><![CDATA[]]></system-out>
  <system-err><![CDATA[]]></system-err>
</testsuite>
