<?xml version="1.0" encoding="UTF-8"?>
<testsuite name="graphql.validation.RulesVisitorTest" tests="2" skipped="0" failures="0" errors="0" timestamp="2019-10-01T16:24:18" hostname="pc1295" time="0.005">
  <properties/>
  <testcase name="RulesVisitor does not repeatedly spread directly recursive fragments leading to a stackoverflow" classname="graphql.validation.RulesVisitorTest" time="0.004"/>
  <testcase name="RulesVisitor does not repeatedly spread indirectly recursive fragments leading to a stackoverflow" classname="graphql.validation.RulesVisitorTest" time="0.0"/>
  <system-out><![CDATA[]]></system-out>
  <system-err><![CDATA[]]></system-err>
</testsuite>
