<?xml version="1.0" encoding="UTF-8"?>
<testsuite name="graphql.ExecutionInputTest" tests="5" skipped="0" failures="0" errors="0" timestamp="2019-10-01T16:24:20" hostname="pc1295" time="0.017">
  <properties/>
  <testcase name="build works" classname="graphql.ExecutionInputTest" time="0.004"/>
  <testcase name="context methods work" classname="graphql.ExecutionInputTest" time="0.011"/>
  <testcase name="context is defaulted" classname="graphql.ExecutionInputTest" time="0.0"/>
  <testcase name="transform works and copies values" classname="graphql.ExecutionInputTest" time="0.002"/>
  <testcase name="defaults query into builder as expected" classname="graphql.ExecutionInputTest" time="0.0"/>
  <system-out><![CDATA[]]></system-out>
  <system-err><![CDATA[]]></system-err>
</testsuite>
