<?xml version="1.0" encoding="UTF-8"?>
<testsuite name="graphql.execution.nextgen.BatchedExecutionStrategyTest" tests="10" skipped="0" failures="0" errors="0" timestamp="2019-10-01T16:24:16" hostname="pc1295" time="0.104">
  <properties/>
  <testcase name="test simple execution" classname="graphql.execution.nextgen.BatchedExecutionStrategyTest" time="0.064"/>
  <testcase name="test execution with lists" classname="graphql.execution.nextgen.BatchedExecutionStrategyTest" time="0.007"/>
  <testcase name="test execution with null element " classname="graphql.execution.nextgen.BatchedExecutionStrategyTest" time="0.003"/>
  <testcase name="test execution with null element in list" classname="graphql.execution.nextgen.BatchedExecutionStrategyTest" time="0.004"/>
  <testcase name="test execution with null element in non null list" classname="graphql.execution.nextgen.BatchedExecutionStrategyTest" time="0.004"/>
  <testcase name="test execution with null element bubbling up because of non null " classname="graphql.execution.nextgen.BatchedExecutionStrategyTest" time="0.004"/>
  <testcase name="test execution with null element bubbling up to top " classname="graphql.execution.nextgen.BatchedExecutionStrategyTest" time="0.004"/>
  <testcase name="test list" classname="graphql.execution.nextgen.BatchedExecutionStrategyTest" time="0.003"/>
  <testcase name="test list in lists " classname="graphql.execution.nextgen.BatchedExecutionStrategyTest" time="0.008"/>
  <testcase name="test simple batching with null value in list" classname="graphql.execution.nextgen.BatchedExecutionStrategyTest" time="0.003"/>
  <system-out><![CDATA[]]></system-out>
  <system-err><![CDATA[]]></system-err>
</testsuite>
