<?xml version="1.0" encoding="UTF-8"?>
<testsuite name="graphql.language.DirectiveTest" tests="2" skipped="0" failures="0" errors="0" timestamp="2019-10-01T16:24:20" hostname="pc1295" time="0.004">
  <properties/>
  <testcase name="can get arguments correctly" classname="graphql.language.DirectiveTest" time="0.003"/>
  <testcase name="list of directives can be turned into a map" classname="graphql.language.DirectiveTest" time="0.001"/>
  <system-out><![CDATA[]]></system-out>
  <system-err><![CDATA[]]></system-err>
</testsuite>
