<?xml version="1.0" encoding="UTF-8"?>
<testsuite name="graphql.Issue1559" tests="2" skipped="0" failures="0" errors="0" timestamp="2019-10-01T16:24:03" hostname="pc1295" time="0.039">
  <properties/>
  <testcase name="#1559 test if a list of DataFetcherResults is processed properly" classname="graphql.Issue1559" time="0.034"/>
  <testcase name="#1559 test if null validations are processed properly on DataFetcherResult List" classname="graphql.Issue1559" time="0.005"/>
  <system-out><![CDATA[]]></system-out>
  <system-err><![CDATA[]]></system-err>
</testsuite>
