<?xml version="1.0" encoding="UTF-8"?>
<testsuite name="graphql.util.LogKitTest" tests="1" skipped="0" failures="0" errors="0" timestamp="2019-10-01T16:24:21" hostname="pc1295" time="0.01">
  <properties/>
  <testcase name="logger has a prefixed name" classname="graphql.util.LogKitTest" time="0.01"/>
  <system-out><![CDATA[]]></system-out>
  <system-err><![CDATA[]]></system-err>
</testsuite>
