<?xml version="1.0" encoding="UTF-8"?>
<testsuite name="graphql.schema.DataFetcherSelectionTest" tests="3" skipped="0" failures="0" errors="0" timestamp="2019-10-01T16:24:07" hostname="pc1295" time="0.037">
  <properties/>
  <testcase name="field selection can be captured via data environment" classname="graphql.schema.DataFetcherSelectionTest" time="0.026"/>
  <testcase name="#595 - field selection works for List types" classname="graphql.schema.DataFetcherSelectionTest" time="0.005"/>
  <testcase name="#832 - field selection captures field arguments" classname="graphql.schema.DataFetcherSelectionTest" time="0.006"/>
  <system-out><![CDATA[]]></system-out>
  <system-err><![CDATA[]]></system-err>
</testsuite>
