<?xml version="1.0" encoding="UTF-8"?>
<testsuite name="graphql.util.TreeParallelTraverserTest" tests="1" skipped="0" failures="0" errors="0" timestamp="2019-10-01T16:24:21" hostname="pc1295" time="0.12">
  <properties/>
  <testcase name="test parallel traversing" classname="graphql.util.TreeParallelTraverserTest" time="0.12"/>
  <system-out><![CDATA[]]></system-out>
  <system-err><![CDATA[]]></system-err>
</testsuite>
