<?xml version="1.0" encoding="UTF-8"?>
<testsuite name="graphql.DataFetcherTest" tests="4" skipped="0" failures="0" errors="0" timestamp="2019-10-01T16:24:19" hostname="pc1295" time="0.009">
  <properties/>
  <testcase name="get property value" classname="graphql.DataFetcherTest" time="0.009"/>
  <testcase name="get Boolean property value" classname="graphql.DataFetcherTest" time="0.0"/>
  <testcase name="get Boolean property value with get" classname="graphql.DataFetcherTest" time="0.0"/>
  <testcase name="get public field value as property" classname="graphql.DataFetcherTest" time="0.0"/>
  <system-out><![CDATA[]]></system-out>
  <system-err><![CDATA[]]></system-err>
</testsuite>
