<?xml version="1.0" encoding="UTF-8"?>
<testsuite name="graphql.validation.rules.KnownFragmentNamesTest" tests="1" skipped="0" failures="0" errors="0" timestamp="2019-10-01T16:24:18" hostname="pc1295" time="0.014">
  <properties/>
  <testcase name="unknown fragment reference in fragment spread" classname="graphql.validation.rules.KnownFragmentNamesTest" time="0.014"/>
  <system-out><![CDATA[]]></system-out>
  <system-err><![CDATA[]]></system-err>
</testsuite>
