<?xml version="1.0" encoding="UTF-8"?>
<testsuite name="graphql.Issue296" tests="2" skipped="0" failures="0" errors="0" timestamp="2019-10-01T16:24:19" hostname="pc1295" time="0.011">
  <properties/>
  <testcase name="test introspection for #296 with map" classname="graphql.Issue296" time="0.005"/>
  <testcase name="test introspection for #296 with some object" classname="graphql.Issue296" time="0.006"/>
  <system-out><![CDATA[]]></system-out>
  <system-err><![CDATA[]]></system-err>
</testsuite>
