<?xml version="1.0" encoding="UTF-8"?>
<testsuite name="graphql.util.TreeParallelTransformerTest" tests="2" skipped="0" failures="0" errors="0" timestamp="2019-10-01T16:24:21" hostname="pc1295" time="0.022">
  <properties/>
  <testcase name="one node changed" classname="graphql.util.TreeParallelTransformerTest" time="0.015"/>
  <testcase name="abort traversing" classname="graphql.util.TreeParallelTransformerTest" time="0.007"/>
  <system-out><![CDATA[]]></system-out>
  <system-err><![CDATA[]]></system-err>
</testsuite>
