<?xml version="1.0" encoding="UTF-8"?>
<testsuite name="graphql.ScalarsShortTest" tests="43" skipped="0" failures="0" errors="0" timestamp="2019-10-01T16:24:21" hostname="pc1295" time="0.008">
  <properties/>
  <testcase name="Short parse literal 42 as 42" classname="graphql.ScalarsShortTest" time="0.004"/>
  <testcase name="Short parse literal 32767 as 32767" classname="graphql.ScalarsShortTest" time="0.0"/>
  <testcase name="Short parse literal -32768 as -32768" classname="graphql.ScalarsShortTest" time="0.0"/>
  <testcase name="Short returns null for invalid IntValue{value=12345678910}" classname="graphql.ScalarsShortTest" time="0.0"/>
  <testcase name="Short returns null for invalid StringValue{value='-1'}" classname="graphql.ScalarsShortTest" time="0.0"/>
  <testcase name="Short returns null for invalid FloatValue{value=42.3}" classname="graphql.ScalarsShortTest" time="0.0"/>
  <testcase name="Short returns null for invalid IntValue{value=32768}" classname="graphql.ScalarsShortTest" time="0.0"/>
  <testcase name="Short returns null for invalid IntValue{value=-32769}" classname="graphql.ScalarsShortTest" time="0.0"/>
  <testcase name="Short returns null for invalid StringValue{value='-1'}" classname="graphql.ScalarsShortTest" time="0.0"/>
  <testcase name="Short returns null for invalid FloatValue{value=42.3}" classname="graphql.ScalarsShortTest" time="0.0"/>
  <testcase name="Short serialize 42 into 42 (class java.lang.Integer)" classname="graphql.ScalarsShortTest" time="0.0"/>
  <testcase name="Short serialize 42.0000 into 42 (class java.lang.Integer)" classname="graphql.ScalarsShortTest" time="0.0"/>
  <testcase name="Short serialize 42.0 into 42 (class java.lang.Integer)" classname="graphql.ScalarsShortTest" time="0.0"/>
  <testcase name="Short serialize 42 into 42 (class java.lang.Integer)" classname="graphql.ScalarsShortTest" time="0.0"/>
  <testcase name="Short serialize -1 into -1 (class java.lang.Integer)" classname="graphql.ScalarsShortTest" time="0.0"/>
  <testcase name="Short serialize 42 into 42 (class java.lang.Integer)" classname="graphql.ScalarsShortTest" time="0.0"/>
  <testcase name="Short serialize 42 into 42 (class java.lang.Integer)" classname="graphql.ScalarsShortTest" time="0.0"/>
  <testcase name="Short serialize 42.0 into 42 (class java.lang.Integer)" classname="graphql.ScalarsShortTest" time="0.0"/>
  <testcase name="Short serialize 42.0 into 42 (class java.lang.Integer)" classname="graphql.ScalarsShortTest" time="0.0"/>
  <testcase name="Short serialize 42 into 42 (class java.lang.Integer)" classname="graphql.ScalarsShortTest" time="0.0"/>
  <testcase name="Short serialize 42 into 42 (class java.lang.Integer)" classname="graphql.ScalarsShortTest" time="0.0"/>
  <testcase name="Short serialize 1234 into 1234 (class java.lang.Integer)" classname="graphql.ScalarsShortTest" time="0.0"/>
  <testcase name="Short serialize 42 into 42 (class java.lang.Integer)" classname="graphql.ScalarsShortTest" time="0.0"/>
  <testcase name="Short serialize 32767 into 32767 (class java.lang.Short)" classname="graphql.ScalarsShortTest" time="0.0"/>
  <testcase name="Short serialize -32768 into -32768 (class java.lang.Short)" classname="graphql.ScalarsShortTest" time="0.001"/>
  <testcase name="serialize throws exception for invalid input " classname="graphql.ScalarsShortTest" time="0.0"/>
  <testcase name="serialize throws exception for invalid input not a number " classname="graphql.ScalarsShortTest" time="0.0"/>
  <testcase name="serialize throws exception for invalid input 42.3" classname="graphql.ScalarsShortTest" time="0.0"/>
  <testcase name="serialize throws exception for invalid input 42345784398534785" classname="graphql.ScalarsShortTest" time="0.0"/>
  <testcase name="serialize throws exception for invalid input 42.3" classname="graphql.ScalarsShortTest" time="0.0"/>
  <testcase name="serialize throws exception for invalid input 42.3" classname="graphql.ScalarsShortTest" time="0.0"/>
  <testcase name="serialize throws exception for invalid input 32768" classname="graphql.ScalarsShortTest" time="0.0"/>
  <testcase name="serialize throws exception for invalid input -32769" classname="graphql.ScalarsShortTest" time="0.0"/>
  <testcase name="serialize throws exception for invalid input java.lang.Object@d6d16bb" classname="graphql.ScalarsShortTest" time="0.0"/>
  <testcase name="parseValue throws exception for invalid input " classname="graphql.ScalarsShortTest" time="0.0"/>
  <testcase name="parseValue throws exception for invalid input not a number " classname="graphql.ScalarsShortTest" time="0.0"/>
  <testcase name="parseValue throws exception for invalid input 42.3" classname="graphql.ScalarsShortTest" time="0.0"/>
  <testcase name="parseValue throws exception for invalid input 42345784398534785" classname="graphql.ScalarsShortTest" time="0.0"/>
  <testcase name="parseValue throws exception for invalid input 42.3" classname="graphql.ScalarsShortTest" time="0.0"/>
  <testcase name="parseValue throws exception for invalid input 42.3" classname="graphql.ScalarsShortTest" time="0.0"/>
  <testcase name="parseValue throws exception for invalid input 32768" classname="graphql.ScalarsShortTest" time="0.0"/>
  <testcase name="parseValue throws exception for invalid input -32769" classname="graphql.ScalarsShortTest" time="0.0"/>
  <testcase name="parseValue throws exception for invalid input java.lang.Object@470925e0" classname="graphql.ScalarsShortTest" time="0.0"/>
  <system-out><![CDATA[]]></system-out>
  <system-err><![CDATA[]]></system-err>
</testsuite>
