<?xml version="1.0" encoding="UTF-8"?>
<testsuite name="graphql.language.AstZipperTest" tests="1" skipped="0" failures="0" errors="0" timestamp="2019-10-01T16:24:20" hostname="pc1295" time="0.022">
  <properties/>
  <testcase name="modify a child node" classname="graphql.language.AstZipperTest" time="0.022"/>
  <system-out><![CDATA[]]></system-out>
  <system-err><![CDATA[]]></system-err>
</testsuite>
