<?xml version="1.0" encoding="UTF-8"?>
<testsuite name="graphql.execution.ExecutorServiceExecutionStrategyTest" tests="1" skipped="0" failures="0" errors="0" timestamp="2019-10-01T16:24:16" hostname="pc1295" time="0.009">
  <properties/>
  <testcase name="Example usage of ExecutorServiceExecutionStrategy" classname="graphql.execution.ExecutorServiceExecutionStrategyTest" time="0.009"/>
  <system-out><![CDATA[]]></system-out>
  <system-err><![CDATA[]]></system-err>
</testsuite>
