<?xml version="1.0" encoding="UTF-8"?>
<testsuite name="graphql.execution.nextgen.result.ResultNodeAdapterTest" tests="1" skipped="0" failures="0" errors="0" timestamp="2019-10-01T16:24:16" hostname="pc1295" time="0.045">
  <properties/>
  <testcase name="can remove a child from a node" classname="graphql.execution.nextgen.result.ResultNodeAdapterTest" time="0.045"/>
  <system-out><![CDATA[]]></system-out>
  <system-err><![CDATA[]]></system-err>
</testsuite>
