<?xml version="1.0" encoding="UTF-8"?>
<testsuite name="graphql.schema.DataFetchingEnvironmentImplTest" tests="4" skipped="0" failures="0" errors="0" timestamp="2019-10-01T16:24:04" hostname="pc1295" time="0.219">
  <properties/>
  <testcase name="immutable arguments" classname="graphql.schema.DataFetchingEnvironmentImplTest" time="0.122"/>
  <testcase name="copying works as expected from execution context" classname="graphql.schema.DataFetchingEnvironmentImplTest" time="0.002"/>
  <testcase name="create environment from existing one will copy everything to new instance" classname="graphql.schema.DataFetchingEnvironmentImplTest" time="0.092"/>
  <testcase name="get or default support" classname="graphql.schema.DataFetchingEnvironmentImplTest" time="0.001"/>
  <system-out><![CDATA[]]></system-out>
  <system-err><![CDATA[]]></system-err>
</testsuite>
