<?xml version="1.0" encoding="UTF-8"?>
<testsuite name="graphql.validation.rules.ProvidedNonNullArgumentsTest" tests="6" skipped="0" failures="0" errors="0" timestamp="2019-10-01T16:24:18" hostname="pc1295" time="0.009">
  <properties/>
  <testcase name="not provided and not defaulted non null field argument" classname="graphql.validation.rules.ProvidedNonNullArgumentsTest" time="0.007"/>
  <testcase name="not provided and but defaulted non null field argument" classname="graphql.validation.rules.ProvidedNonNullArgumentsTest" time="0.0"/>
  <testcase name="all field arguments are provided" classname="graphql.validation.rules.ProvidedNonNullArgumentsTest" time="0.001"/>
  <testcase name="not provided not defaulted directive argument" classname="graphql.validation.rules.ProvidedNonNullArgumentsTest" time="0.0"/>
  <testcase name="not provided but defaulted directive argument" classname="graphql.validation.rules.ProvidedNonNullArgumentsTest" time="0.001"/>
  <testcase name="all directive arguments are provided" classname="graphql.validation.rules.ProvidedNonNullArgumentsTest" time="0.0"/>
  <system-out><![CDATA[]]></system-out>
  <system-err><![CDATA[]]></system-err>
</testsuite>
