<?xml version="1.0" encoding="UTF-8"?>
<testsuite name="graphql.execution.FieldCollectorTest" tests="2" skipped="0" failures="0" errors="0" timestamp="2019-10-01T16:24:16" hostname="pc1295" time="0.017">
  <properties/>
  <testcase name="collect fields" classname="graphql.execution.FieldCollectorTest" time="0.012"/>
  <testcase name="collect fields on inline fragments" classname="graphql.execution.FieldCollectorTest" time="0.005"/>
  <system-out><![CDATA[]]></system-out>
  <system-err><![CDATA[]]></system-err>
</testsuite>
