<?xml version="1.0" encoding="UTF-8"?>
<testsuite name="graphql.Issue921" tests="1" skipped="0" failures="0" errors="0" timestamp="2019-10-01T16:24:18" hostname="pc1295" time="0.01">
  <properties/>
  <testcase name="can run introspection on a default value enum schema" classname="graphql.Issue921" time="0.01"/>
  <system-out><![CDATA[]]></system-out>
  <system-err><![CDATA[]]></system-err>
</testsuite>
