<?xml version="1.0" encoding="UTF-8"?>
<testsuite name="graphql.schema.idl.RuntimeWiringTest" tests="2" skipped="0" failures="0" errors="0" timestamp="2019-10-01T16:24:07" hostname="pc1295" time="0.014">
  <properties/>
  <testcase name="basic call structure" classname="graphql.schema.idl.RuntimeWiringTest" time="0.014"/>
  <testcase name="scalars are present" classname="graphql.schema.idl.RuntimeWiringTest" time="0.0"/>
  <system-out><![CDATA[]]></system-out>
  <system-err><![CDATA[]]></system-err>
</testsuite>
