<?xml version="1.0" encoding="UTF-8"?>
<testsuite name="graphql.NonNullHandlingTest" tests="14" skipped="0" failures="0" errors="0" timestamp="2019-10-01T16:24:18" hostname="pc1295" time="0.044">
  <properties/>
  <testcase name="#268 - null child field values are allowed in nullable parent type (strategy: executor)" classname="graphql.NonNullHandlingTest" time="0.008"/>
  <testcase name="#268 - null child field values are allowed in nullable parent type (strategy: async)" classname="graphql.NonNullHandlingTest" time="0.002"/>
  <testcase name="#268 - null child field values are allowed in nullable parent type (strategy: asyncSerial)" classname="graphql.NonNullHandlingTest" time="0.001"/>
  <testcase name="#268 - null child field values are NOT allowed in non nullable parent types (strategy: asyncSerial)" classname="graphql.NonNullHandlingTest" time="0.003"/>
  <testcase name="#581 - null child field values are allowed in nullable grand parent type (strategy: executor)" classname="graphql.NonNullHandlingTest" time="0.008"/>
  <testcase name="#581 - null child field values are allowed in nullable grand parent type (strategy: async)" classname="graphql.NonNullHandlingTest" time="0.001"/>
  <testcase name="#581 - null child field values are allowed in nullable grand parent type (strategy: asyncSerial)" classname="graphql.NonNullHandlingTest" time="0.002"/>
  <testcase name="#581 - null child field values are NOT allowed in non nullable grand parent types (strategy: executor)" classname="graphql.NonNullHandlingTest" time="0.004"/>
  <testcase name="#581 - null child field values are NOT allowed in non nullable grand parent types (strategy: async)" classname="graphql.NonNullHandlingTest" time="0.002"/>
  <testcase name="#581 - null child field values are NOT allowed in non nullable grand parent types (strategy: asyncSerial)" classname="graphql.NonNullHandlingTest" time="0.001"/>
  <testcase name="#561 - null entry in non null list type with non null wrapper list (strategy: asyncSerial)" classname="graphql.NonNullHandlingTest" time="0.003"/>
  <testcase name="#561 - null entry in non null list type with nullable wrapper list(strategy: executor)" classname="graphql.NonNullHandlingTest" time="0.003"/>
  <testcase name="#561 - null entry in non null list type with nullable wrapper list(strategy: async)" classname="graphql.NonNullHandlingTest" time="0.001"/>
  <testcase name="#561 - null entry in non null list type with nullable wrapper list(strategy: asyncSerial)" classname="graphql.NonNullHandlingTest" time="0.001"/>
  <system-out><![CDATA[]]></system-out>
  <system-err><![CDATA[]]></system-err>
</testsuite>
