<?xml version="1.0" encoding="UTF-8"?>
<testsuite name="graphql.GraphqlErrorBuilderTest" tests="6" skipped="0" failures="0" errors="0" timestamp="2019-10-01T16:24:20" hostname="pc1295" time="0.013">
  <properties/>
  <testcase name="dfe is passed on" classname="graphql.GraphqlErrorBuilderTest" time="0.007"/>
  <testcase name="basic building" classname="graphql.GraphqlErrorBuilderTest" time="0.0"/>
  <testcase name="data fetcher result building works" classname="graphql.GraphqlErrorBuilderTest" time="0.0"/>
  <testcase name="integration test of this" classname="graphql.GraphqlErrorBuilderTest" time="0.004"/>
  <testcase name="java string format is safe" classname="graphql.GraphqlErrorBuilderTest" time="0.001"/>
  <testcase name="null message is not acceptable" classname="graphql.GraphqlErrorBuilderTest" time="0.0"/>
  <system-out><![CDATA[]]></system-out>
  <system-err><![CDATA[]]></system-err>
</testsuite>
