<?xml version="1.0" encoding="UTF-8"?>
<testsuite name="graphql.Issue526" tests="1" skipped="0" failures="0" errors="0" timestamp="2019-10-01T16:24:19" hostname="pc1295" time="0.018">
  <properties/>
  <testcase name="526 - Java enums can match string generated versions of them" classname="graphql.Issue526" time="0.018"/>
  <system-out><![CDATA[]]></system-out>
  <system-err><![CDATA[]]></system-err>
</testsuite>
