<?xml version="1.0" encoding="UTF-8"?>
<testsuite name="graphql.relay.RelayTest" tests="1" skipped="0" failures="0" errors="0" timestamp="2019-10-01T16:24:18" hostname="pc1295" time="0.015">
  <properties/>
  <testcase name="global id encoding is consistent and url-safe" classname="graphql.relay.RelayTest" time="0.015"/>
  <system-out><![CDATA[]]></system-out>
  <system-err><![CDATA[]]></system-err>
</testsuite>
