<?xml version="1.0" encoding="UTF-8"?>
<testsuite name="graphql.schema.GraphQLSchemaTest" tests="6" skipped="0" failures="0" errors="0" timestamp="2019-10-01T16:24:05" hostname="pc1295" time="0.041">
  <properties/>
  <testcase name="getImplementations works as expected" classname="graphql.schema.GraphQLSchemaTest" time="0.006"/>
  <testcase name="isPossibleType works as expected" classname="graphql.schema.GraphQLSchemaTest" time="0.002"/>
  <testcase name="isPossibleType when wrong abstract type is passed expect exception" classname="graphql.schema.GraphQLSchemaTest" time="0.001"/>
  <testcase name="#698 interfaces copied as expected" classname="graphql.schema.GraphQLSchemaTest" time="0.017"/>
  <testcase name="clear directives works as expected" classname="graphql.schema.GraphQLSchemaTest" time="0.008"/>
  <testcase name="clear additional types  works as expected" classname="graphql.schema.GraphQLSchemaTest" time="0.006"/>
  <system-out><![CDATA[]]></system-out>
  <system-err><![CDATA[]]></system-err>
</testsuite>
