<?xml version="1.0" encoding="UTF-8"?>
<testsuite name="graphql.nextgen.GraphqlNextGenTest" tests="1" skipped="0" failures="0" errors="0" timestamp="2019-10-01T16:24:19" hostname="pc1295" time="0.007">
  <properties/>
  <testcase name="simple query" classname="graphql.nextgen.GraphqlNextGenTest" time="0.007"/>
  <system-out><![CDATA[]]></system-out>
  <system-err><![CDATA[]]></system-err>
</testsuite>
