<?xml version="1.0" encoding="UTF-8"?>
<testsuite name="graphql.NullVariableCoercionTest" tests="1" skipped="0" failures="0" errors="0" timestamp="2019-10-01T16:24:21" hostname="pc1295" time="0.008">
  <properties/>
  <testcase name="null coercion errors have source locations" classname="graphql.NullVariableCoercionTest" time="0.008"/>
  <system-out><![CDATA[]]></system-out>
  <system-err><![CDATA[]]></system-err>
</testsuite>
