<?xml version="1.0" encoding="UTF-8"?>
<testsuite name="graphql.GraphqlErrorHelperTest" tests="2" skipped="0" failures="0" errors="0" timestamp="2019-10-01T16:24:20" hostname="pc1295" time="0.016">
  <properties/>
  <testcase name="can turn error classifications into extensions" classname="graphql.GraphqlErrorHelperTest" time="0.007"/>
  <testcase name="can handle custom extensions and custom error classification" classname="graphql.GraphqlErrorHelperTest" time="0.009"/>
  <system-out><![CDATA[]]></system-out>
  <system-err><![CDATA[]]></system-err>
</testsuite>
