<?xml version="1.0" encoding="UTF-8"?>
<testsuite name="graphql.schema.GraphQLTypeReferenceTest" tests="1" skipped="0" failures="0" errors="0" timestamp="2019-10-01T16:24:05" hostname="pc1295" time="0.005">
  <properties/>
  <testcase name="the same reference can be used multiple times without throwing exception" classname="graphql.schema.GraphQLTypeReferenceTest" time="0.005"/>
  <system-out><![CDATA[]]></system-out>
  <system-err><![CDATA[]]></system-err>
</testsuite>
