<?xml version="1.0" encoding="UTF-8"?>
<testsuite name="graphql.schema.idl.TestTripleQuotedCommentSupport" tests="1" skipped="0" failures="0" errors="0" timestamp="2019-10-01T16:24:07" hostname="pc1295" time="0.023">
  <properties/>
  <testcase name="1405 - triple quote support in Introspection" classname="graphql.schema.idl.TestTripleQuotedCommentSupport" time="0.023"/>
  <system-out><![CDATA[]]></system-out>
  <system-err><![CDATA[]]></system-err>
</testsuite>
