<?xml version="1.0" encoding="UTF-8"?>
<testsuite name="graphql.execution.NonNullableFieldValidatorTest" tests="2" skipped="0" failures="0" errors="0" timestamp="2019-10-01T16:24:16" hostname="pc1295" time="0.009">
  <properties/>
  <testcase name="non nullable field throws exception" classname="graphql.execution.NonNullableFieldValidatorTest" time="0.008"/>
  <testcase name="nullable field does not throw exception" classname="graphql.execution.NonNullableFieldValidatorTest" time="0.0"/>
  <system-out><![CDATA[]]></system-out>
  <system-err><![CDATA[]]></system-err>
</testsuite>
