<?xml version="1.0" encoding="UTF-8"?>
<testsuite name="graphql.schema.DataFetcherFactoriesTest" tests="2" skipped="0" failures="0" errors="0" timestamp="2019-10-01T16:24:05" hostname="pc1295" time="0.021">
  <properties/>
  <testcase name="delegation happens as expected" classname="graphql.schema.DataFetcherFactoriesTest" time="0.019"/>
  <testcase name="will use given df" classname="graphql.schema.DataFetcherFactoriesTest" time="0.002"/>
  <system-out><![CDATA[]]></system-out>
  <system-err><![CDATA[]]></system-err>
</testsuite>
