<?xml version="1.0" encoding="UTF-8"?>
<testsuite name="graphql.execution.instrumentation.InstrumentationTest" tests="5" skipped="0" failures="0" errors="0" timestamp="2019-10-01T16:24:11" hostname="pc1295" time="0.276">
  <properties/>
  <testcase name="Instrumentation of simple serial execution" classname="graphql.execution.instrumentation.InstrumentationTest" time="0.009"/>
  <testcase name="#630 - Instrumentation of batched execution strategy is called" classname="graphql.execution.instrumentation.InstrumentationTest" time="0.001"/>
  <testcase name="exceptions at field fetch will instrument exceptions correctly" classname="graphql.execution.instrumentation.InstrumentationTest" time="0.011"/>
  <testcase name="beginExecutionStrategy will be called for each invocation" classname="graphql.execution.instrumentation.InstrumentationTest" time="0.228"/>
  <testcase name="document and variables can be intercepted by instrumentation and changed" classname="graphql.execution.instrumentation.InstrumentationTest" time="0.027"/>
  <system-out><![CDATA[Started execution...
Started parse...
	Ended parse in 0ms
Started validation...
	Ended validation in 0ms
Started execute-operation...
Started execution-strategy...
Started field-hero...
Started fetch-hero...
	Ended fetch-hero in 0ms
Started complete-hero...
Started execution-strategy...
Started field-id...
Started fetch-id...
	Ended fetch-id in 0ms
Started complete-id...
	Ended complete-id in 0ms
	Ended field-id in 0ms
	Ended execution-strategy in 0ms
	Ended complete-hero in 1ms
	Ended field-hero in 4ms
	Ended execution-strategy in 4ms
	Ended execute-operation in 4ms
	Ended execution in 4ms
Started execution...
Started parse...
	Ended parse in 0ms
Started validation...
	Ended validation in 0ms
Started execute-operation...
Started execution-strategy...
Started field-hero...
Started fetch-hero...
	Ended fetch-hero in 0ms
	Ended field-hero in 0ms
Started field-id...
Started fetch-id...
	Ended fetch-id in 0ms
	Ended field-id in 0ms
	Ended execution-strategy in 0ms
	Ended execute-operation in 0ms
	Ended execution in 1ms
Started execution...
Started parse...
	Ended parse in 0ms
Started validation...
	Ended validation in 0ms
Started execute-operation...
Started execution-strategy...
Started field-hero...
Started fetch-hero...
	Ended fetch-hero in 5ms
Started complete-hero...
	Ended complete-hero in 0ms
	Ended field-hero in 6ms
	Ended execution-strategy in 6ms
	Ended execute-operation in 6ms
	Ended execution in 6ms
t12 setting go signal off
t12 instrument DF for /artoo
t12 instrument DF for /r2d2
t12 setting go signal on
   t18 awaiting /artoo
   t17 awaiting /r2d2
      t17 returning value /r2d2
t17 setting go signal off
      t18 returning value /artoo
t17 instrument DF for /r2d2/name
t18 setting go signal off
t17 setting go signal on
t18 instrument DF for /artoo/id
t18 setting go signal on
   t18 awaiting /artoo/id
   t17 awaiting /r2d2/name
      t17 returning value /r2d2/name
      t18 returning value /artoo/id
Started execution...
Started parse...
	Ended parse in 9ms
Started validation...
	Ended validation in 0ms
Started execute-operation...
Started execution-strategy...
Started field-human...
Started fetch-human...
	Ended fetch-human in 0ms
Started complete-human...
Started execution-strategy...
Started field-id...
Started fetch-id...
	Ended fetch-id in 2ms
Started complete-id...
	Ended complete-id in 0ms
	Ended field-id in 2ms
Started field-name...
Started fetch-name...
	Ended fetch-name in 0ms
Started complete-name...
	Ended complete-name in 0ms
	Ended field-name in 0ms
	Ended execution-strategy in 2ms
	Ended complete-human in 2ms
	Ended field-human in 2ms
	Ended execution-strategy in 3ms
	Ended execute-operation in 3ms
	Ended execution in 13ms
]]></system-out>
  <system-err><![CDATA[[Test worker] WARN notprivacysafe.graphql.execution.SimpleDataFetcherExceptionHandler - Exception while fetching data (/hero) : DF BANG!
java.lang.RuntimeException: DF BANG!
	at java.base/jdk.internal.reflect.NativeConstructorAccessorImpl.newInstance0(Native Method)
	at java.base/jdk.internal.reflect.NativeConstructorAccessorImpl.newInstance(NativeConstructorAccessorImpl.java:62)
	at java.base/jdk.internal.reflect.DelegatingConstructorAccessorImpl.newInstance(DelegatingConstructorAccessorImpl.java:45)
	at java.base/java.lang.reflect.Constructor.newInstance(Constructor.java:490)
	at org.codehaus.groovy.reflection.CachedConstructor.invoke(CachedConstructor.java:83)
	at org.codehaus.groovy.runtime.callsite.ConstructorSite$ConstructorSiteNoUnwrapNoCoerce.callConstructor(ConstructorSite.java:105)
	at org.codehaus.groovy.runtime.callsite.CallSiteArray.defaultCallConstructor(CallSiteArray.java:60)
	at org.codehaus.groovy.runtime.callsite.AbstractCallSite.callConstructor(AbstractCallSite.java:235)
	at org.codehaus.groovy.runtime.callsite.AbstractCallSite.callConstructor(AbstractCallSite.java:247)
	at graphql.execution.instrumentation.InstrumentationTest$1$2.get(InstrumentationTest.groovy:184)
	at graphql.execution.ExecutionStrategy.fetchField(ExecutionStrategy.java:272)
	at graphql.execution.ExecutionStrategy.resolveFieldWithInfo(ExecutionStrategy.java:200)
	at graphql.execution.AsyncExecutionStrategy.execute(AsyncExecutionStrategy.java:74)
	at graphql.execution.Execution.executeOperation(Execution.java:161)
	at graphql.execution.Execution.execute(Execution.java:102)
	at graphql.GraphQL.execute(GraphQL.java:607)
	at graphql.GraphQL.parseValidateAndExecute(GraphQL.java:540)
	at graphql.GraphQL.executeAsync(GraphQL.java:504)
	at graphql.GraphQL.execute(GraphQL.java:434)
	at graphql.GraphQL.execute(GraphQL.java:305)
	at graphql.GraphQL$execute$2.call(Unknown Source)
	at org.codehaus.groovy.runtime.callsite.CallSiteArray.defaultCall(CallSiteArray.java:48)
	at org.codehaus.groovy.runtime.callsite.AbstractCallSite.call(AbstractCallSite.java:113)
	at org.codehaus.groovy.runtime.callsite.AbstractCallSite.call(AbstractCallSite.java:125)
	at graphql.execution.instrumentation.InstrumentationTest.$spock_feature_0_2(InstrumentationTest.groovy:196)
	at java.base/jdk.internal.reflect.NativeMethodAccessorImpl.invoke0(Native Method)
	at java.base/jdk.internal.reflect.NativeMethodAccessorImpl.invoke(NativeMethodAccessorImpl.java:62)
	at java.base/jdk.internal.reflect.DelegatingMethodAccessorImpl.invoke(DelegatingMethodAccessorImpl.java:43)
	at java.base/java.lang.reflect.Method.invoke(Method.java:566)
	at org.spockframework.util.ReflectionUtil.invokeMethod(ReflectionUtil.java:188)
	at org.spockframework.runtime.model.MethodInfo.invoke(MethodInfo.java:84)
	at org.spockframework.runtime.BaseSpecRunner.invokeRaw(BaseSpecRunner.java:481)
	at org.spockframework.runtime.BaseSpecRunner.invoke(BaseSpecRunner.java:464)
	at org.spockframework.runtime.BaseSpecRunner.runFeatureMethod(BaseSpecRunner.java:406)
	at org.spockframework.runtime.BaseSpecRunner.doRunIteration(BaseSpecRunner.java:324)
	at org.spockframework.runtime.BaseSpecRunner$6.invoke(BaseSpecRunner.java:309)
	at org.spockframework.runtime.BaseSpecRunner.invokeRaw(BaseSpecRunner.java:481)
	at org.spockframework.runtime.BaseSpecRunner.invoke(BaseSpecRunner.java:464)
	at org.spockframework.runtime.BaseSpecRunner.runIteration(BaseSpecRunner.java:288)
	at org.spockframework.runtime.BaseSpecRunner.initializeAndRunIteration(BaseSpecRunner.java:278)
	at org.spockframework.runtime.BaseSpecRunner.runSimpleFeature(BaseSpecRunner.java:269)
	at org.spockframework.runtime.BaseSpecRunner.doRunFeature(BaseSpecRunner.java:263)
	at org.spockframework.runtime.BaseSpecRunner$5.invoke(BaseSpecRunner.java:246)
	at org.spockframework.runtime.BaseSpecRunner.invokeRaw(BaseSpecRunner.java:481)
	at org.spockframework.runtime.BaseSpecRunner.invoke(BaseSpecRunner.java:464)
	at org.spockframework.runtime.BaseSpecRunner.runFeature(BaseSpecRunner.java:238)
	at org.spockframework.runtime.BaseSpecRunner.runFeatures(BaseSpecRunner.java:188)
	at org.spockframework.runtime.BaseSpecRunner.doRunSpec(BaseSpecRunner.java:98)
	at org.spockframework.runtime.BaseSpecRunner$1.invoke(BaseSpecRunner.java:84)
	at org.spockframework.runtime.BaseSpecRunner.invokeRaw(BaseSpecRunner.java:481)
	at org.spockframework.runtime.BaseSpecRunner.invoke(BaseSpecRunner.java:464)
	at org.spockframework.runtime.BaseSpecRunner.runSpec(BaseSpecRunner.java:76)
	at org.spockframework.runtime.BaseSpecRunner.run(BaseSpecRunner.java:67)
	at org.spockframework.runtime.Sputnik.run(Sputnik.java:63)
	at org.gradle.api.internal.tasks.testing.junit.JUnitTestClassExecutor.runTestClass(JUnitTestClassExecutor.java:106)
	at org.gradle.api.internal.tasks.testing.junit.JUnitTestClassExecutor.execute(JUnitTestClassExecutor.java:58)
	at org.gradle.api.internal.tasks.testing.junit.JUnitTestClassExecutor.execute(JUnitTestClassExecutor.java:38)
	at org.gradle.api.internal.tasks.testing.junit.AbstractJUnitTestClassProcessor.processTestClass(AbstractJUnitTestClassProcessor.java:66)
	at org.gradle.api.internal.tasks.testing.SuiteTestClassProcessor.processTestClass(SuiteTestClassProcessor.java:51)
	at jdk.internal.reflect.GeneratedMethodAccessor54.invoke(Unknown Source)
	at java.base/jdk.internal.reflect.DelegatingMethodAccessorImpl.invoke(DelegatingMethodAccessorImpl.java:43)
	at java.base/java.lang.reflect.Method.invoke(Method.java:566)
	at org.gradle.internal.dispatch.ReflectionDispatch.dispatch(ReflectionDispatch.java:35)
	at org.gradle.internal.dispatch.ReflectionDispatch.dispatch(ReflectionDispatch.java:24)
	at org.gradle.internal.dispatch.ContextClassLoaderDispatch.dispatch(ContextClassLoaderDispatch.java:32)
	at org.gradle.internal.dispatch.ProxyDispatchAdapter$DispatchingInvocationHandler.invoke(ProxyDispatchAdapter.java:93)
	at com.sun.proxy.$Proxy2.processTestClass(Unknown Source)
	at org.gradle.api.internal.tasks.testing.worker.TestWorker.processTestClass(TestWorker.java:117)
	at jdk.internal.reflect.GeneratedMethodAccessor53.invoke(Unknown Source)
	at java.base/jdk.internal.reflect.DelegatingMethodAccessorImpl.invoke(DelegatingMethodAccessorImpl.java:43)
	at java.base/java.lang.reflect.Method.invoke(Method.java:566)
	at org.gradle.internal.dispatch.ReflectionDispatch.dispatch(ReflectionDispatch.java:35)
	at org.gradle.internal.dispatch.ReflectionDispatch.dispatch(ReflectionDispatch.java:24)
	at org.gradle.internal.remote.internal.hub.MessageHubBackedObjectConnection$DispatchWrapper.dispatch(MessageHubBackedObjectConnection.java:155)
	at org.gradle.internal.remote.internal.hub.MessageHubBackedObjectConnection$DispatchWrapper.dispatch(MessageHubBackedObjectConnection.java:137)
	at org.gradle.internal.remote.internal.hub.MessageHub$Handler.run(MessageHub.java:404)
	at org.gradle.internal.concurrent.ExecutorPolicy$CatchAndRecordFailures.onExecute(ExecutorPolicy.java:63)
	at org.gradle.internal.concurrent.ManagedExecutorImpl$1.run(ManagedExecutorImpl.java:46)
	at java.base/java.util.concurrent.ThreadPoolExecutor.runWorker(ThreadPoolExecutor.java:1128)
	at java.base/java.util.concurrent.ThreadPoolExecutor$Worker.run(ThreadPoolExecutor.java:628)
	at org.gradle.internal.concurrent.ThreadFactoryImpl$ManagedThreadRunnable.run(ThreadFactoryImpl.java:55)
	at java.base/java.lang.Thread.run(Thread.java:834)
]]></system-err>
</testsuite>
