<?xml version="1.0" encoding="UTF-8"?>
<testsuite name="graphql.validation.rules.VariablesAreInputTypesTest" tests="2" skipped="0" failures="0" errors="0" timestamp="2019-10-01T16:24:18" hostname="pc1295" time="0.009">
  <properties/>
  <testcase name="the unmodified ast type is not a schema input type" classname="graphql.validation.rules.VariablesAreInputTypesTest" time="0.006"/>
  <testcase name="when a variable is of type GraphQLObjectType then it should not throw ClassCastException and validate with errors" classname="graphql.validation.rules.VariablesAreInputTypesTest" time="0.003"/>
  <system-out><![CDATA[]]></system-out>
  <system-err><![CDATA[]]></system-err>
</testsuite>
