<?xml version="1.0" encoding="UTF-8"?>
<testsuite name="graphql.schema.visibility.BlockedFieldsTest" tests="12" skipped="0" failures="0" errors="0" timestamp="2019-10-01T16:24:06" hostname="pc1295" time="0.016">
  <properties/>
  <testcase name="basic blocking 'partial field name match'" classname="graphql.schema.visibility.BlockedFieldsTest" time="0.012"/>
  <testcase name="basic blocking 'no match'" classname="graphql.schema.visibility.BlockedFieldsTest" time="0.001"/>
  <testcase name="basic blocking 'all blocked'" classname="graphql.schema.visibility.BlockedFieldsTest" time="0.0"/>
  <testcase name="basic blocking 'needs FQN to match'" classname="graphql.schema.visibility.BlockedFieldsTest" time="0.0"/>
  <testcase name="basic blocking 'FQN'" classname="graphql.schema.visibility.BlockedFieldsTest" time="0.0"/>
  <testcase name="basic blocking 'multiple patterns'" classname="graphql.schema.visibility.BlockedFieldsTest" time="0.0"/>
  <testcase name="basic blocking 'input partial field name match'" classname="graphql.schema.visibility.BlockedFieldsTest" time="0.001"/>
  <testcase name="basic blocking 'input no match'" classname="graphql.schema.visibility.BlockedFieldsTest" time="0.0"/>
  <testcase name="basic blocking 'input all blocked'" classname="graphql.schema.visibility.BlockedFieldsTest" time="0.0"/>
  <testcase name="basic blocking 'input needs FQN to match'" classname="graphql.schema.visibility.BlockedFieldsTest" time="0.0"/>
  <testcase name="basic blocking 'input FQN'" classname="graphql.schema.visibility.BlockedFieldsTest" time="0.0"/>
  <testcase name="basic blocking 'input multiple patterns'" classname="graphql.schema.visibility.BlockedFieldsTest" time="0.0"/>
  <system-out><![CDATA[]]></system-out>
  <system-err><![CDATA[]]></system-err>
</testsuite>
