<?xml version="1.0" encoding="UTF-8"?>
<testsuite name="graphql.execution.instrumentation.dataloader.DataLoaderTypeMismatchTest" tests="1" skipped="0" failures="0" errors="0" timestamp="2019-10-01T16:24:11" hostname="pc1295" time="0.021">
  <properties/>
  <testcase name="when actual field value return type is different from expected return type, then it should not hang execution" classname="graphql.execution.instrumentation.dataloader.DataLoaderTypeMismatchTest" time="0.021"/>
  <system-out><![CDATA[]]></system-out>
  <system-err><![CDATA[[Test worker] WARN notprivacysafe.graphql.execution.ExecutionStrategy - Can't resolve value (/getTodos) : type mismatch error, expected type LIST got class java.util.LinkedHashMap
]]></system-err>
</testsuite>
