<?xml version="1.0" encoding="UTF-8"?>
<testsuite name="graphql.schema.GraphQLUnionTypeTest" tests="2" skipped="0" failures="0" errors="0" timestamp="2019-10-01T16:24:05" hostname="pc1295" time="0.012">
  <properties/>
  <testcase name="no possible types in union fails" classname="graphql.schema.GraphQLUnionTypeTest" time="0.009"/>
  <testcase name="object transformation works as expected" classname="graphql.schema.GraphQLUnionTypeTest" time="0.003"/>
  <system-out><![CDATA[]]></system-out>
  <system-err><![CDATA[]]></system-err>
</testsuite>
