<?xml version="1.0" encoding="UTF-8"?>
<testsuite name="graphql.execution.preparsed.PreparsedDocumentProviderTest" tests="3" skipped="0" failures="0" errors="0" timestamp="2019-10-01T16:24:17" hostname="pc1295" time="0.028">
  <properties/>
  <testcase name="Preparse of simple serial execution" classname="graphql.execution.preparsed.PreparsedDocumentProviderTest" time="0.012"/>
  <testcase name="Preparsed query with validation failure" classname="graphql.execution.preparsed.PreparsedDocumentProviderTest" time="0.001"/>
  <testcase name="swapping pre-parser will pass on swapped query" classname="graphql.execution.preparsed.PreparsedDocumentProviderTest" time="0.015"/>
  <system-out><![CDATA[Started execution...
Started parse...
	Ended parse in 0ms
Started validation...
	Ended validation in 0ms
Started execute-operation...
Started execution-strategy...
Started field-hero...
Started fetch-hero...
	Ended fetch-hero in 1ms
Started complete-hero...
Started execution-strategy...
Started field-id...
Started fetch-id...
	Ended fetch-id in 0ms
Started complete-id...
	Ended complete-id in 0ms
	Ended field-id in 0ms
	Ended execution-strategy in 0ms
	Ended complete-hero in 0ms
	Ended field-hero in 1ms
	Ended execution-strategy in 1ms
	Ended execute-operation in 1ms
	Ended execution in 3ms
Started execution...
Started execute-operation...
Started execution-strategy...
Started field-hero...
Started fetch-hero...
	Ended fetch-hero in 0ms
Started complete-hero...
Started execution-strategy...
Started field-id...
Started fetch-id...
	Ended fetch-id in 0ms
Started complete-id...
	Ended complete-id in 0ms
	Ended field-id in 1ms
	Ended execution-strategy in 1ms
	Ended complete-hero in 1ms
	Ended field-hero in 1ms
	Ended execution-strategy in 1ms
	Ended execute-operation in 1ms
	Ended execution in 1ms
]]></system-out>
  <system-err><![CDATA[[Test worker] WARN notprivacysafe.graphql.GraphQL - Query failed to validate : '
              query HeroNameAndFriendsQuery {
                  heroXXXX {
                      id
                  }
              }
              '
]]></system-err>
</testsuite>
