<?xml version="1.0" encoding="UTF-8"?>
<testsuite name="graphql.validation.rules.UniqueOperationNamesTest" tests="2" skipped="0" failures="0" errors="0" timestamp="2019-10-01T16:24:18" hostname="pc1295" time="0.009">
  <properties/>
  <testcase name="5.1.1.1 Operation Name Uniqueness Not Valid" classname="graphql.validation.rules.UniqueOperationNamesTest" time="0.009"/>
  <testcase name="5.1.1.1 Operation Name Uniqueness Not Valid Different Operations" classname="graphql.validation.rules.UniqueOperationNamesTest" time="0.0"/>
  <system-out><![CDATA[]]></system-out>
  <system-err><![CDATA[]]></system-err>
</testsuite>
