<?xml version="1.0" encoding="UTF-8"?>
<testsuite name="graphql.execution.ConditionalNodesTest" tests="2" skipped="0" failures="0" errors="0" timestamp="2019-10-01T16:24:16" hostname="pc1295" time="0.02">
  <properties/>
  <testcase name="should include false for skip = true" classname="graphql.execution.ConditionalNodesTest" time="0.02"/>
  <testcase name="no directives means include" classname="graphql.execution.ConditionalNodesTest" time="0.0"/>
  <system-out><![CDATA[]]></system-out>
  <system-err><![CDATA[]]></system-err>
</testsuite>
