<?xml version="1.0" encoding="UTF-8"?>
<testsuite name="graphql.TypeResolutionEnvironmentTest" tests="2" skipped="0" failures="0" errors="0" timestamp="2019-10-01T16:24:19" hostname="pc1295" time="0.021">
  <properties/>
  <testcase name="basic operations" classname="graphql.TypeResolutionEnvironmentTest" time="0.014"/>
  <testcase name="using context" classname="graphql.TypeResolutionEnvironmentTest" time="0.007"/>
  <system-out><![CDATA[]]></system-out>
  <system-err><![CDATA[]]></system-err>
</testsuite>
