<?xml version="1.0" encoding="UTF-8"?>
<testsuite name="graphql.schema.GraphQLObjectTypeTest" tests="3" skipped="0" failures="0" errors="0" timestamp="2019-10-01T16:24:05" hostname="pc1295" time="0.007">
  <properties/>
  <testcase name="duplicate field definition fails" classname="graphql.schema.GraphQLObjectTypeTest" time="0.003"/>
  <testcase name="duplicate field definition overwrites existing value" classname="graphql.schema.GraphQLObjectTypeTest" time="0.001"/>
  <testcase name="builder can change existing object into a new one" classname="graphql.schema.GraphQLObjectTypeTest" time="0.003"/>
  <system-out><![CDATA[]]></system-out>
  <system-err><![CDATA[]]></system-err>
</testsuite>
