<?xml version="1.0" encoding="UTF-8"?>
<testsuite name="graphql.validation.rules.DeferredDirectiveOnNonNullableFieldTest" tests="2" skipped="0" failures="0" errors="0" timestamp="2019-10-01T16:24:18" hostname="pc1295" time="0.01">
  <properties/>
  <testcase name="denies non nullable fields" classname="graphql.validation.rules.DeferredDirectiveOnNonNullableFieldTest" time="0.01"/>
  <testcase name="allows nullable fields" classname="graphql.validation.rules.DeferredDirectiveOnNonNullableFieldTest" time="0.0"/>
  <system-out><![CDATA[]]></system-out>
  <system-err><![CDATA[]]></system-err>
</testsuite>
