<?xml version="1.0" encoding="UTF-8"?>
<testsuite name="graphql.validation.SpecValidation573Test" tests="4" skipped="0" failures="0" errors="0" timestamp="2019-10-01T16:24:18" hostname="pc1295" time="0.004">
  <properties/>
  <testcase name="5.7.3 Variables Are Input Types - type mismatch (must be non-null)" classname="graphql.validation.SpecValidation573Test" time="0.003"/>
  <testcase name="5.7.3 Variables Are Input Types - unknown type" classname="graphql.validation.SpecValidation573Test" time="0.001"/>
  <testcase name="5.7.3 Variables Are Input Types - non-null unknown type" classname="graphql.validation.SpecValidation573Test" time="0.0"/>
  <testcase name="5.7.3 Variables Are Input Types - non-null list unknown type" classname="graphql.validation.SpecValidation573Test" time="0.0"/>
  <system-out><![CDATA[]]></system-out>
  <system-err><![CDATA[]]></system-err>
</testsuite>
