<?xml version="1.0" encoding="UTF-8"?>
<testsuite name="graphql.schema.GraphQLInputObjectFieldTest" tests="1" skipped="0" failures="0" errors="0" timestamp="2019-10-01T16:24:07" hostname="pc1295" time="0.006">
  <properties/>
  <testcase name="object can be transformed" classname="graphql.schema.GraphQLInputObjectFieldTest" time="0.006"/>
  <system-out><![CDATA[]]></system-out>
  <system-err><![CDATA[]]></system-err>
</testsuite>
