<?xml version="1.0" encoding="UTF-8"?>
<testsuite name="graphql.execution.AbortExecutionExceptionTest" tests="1" skipped="0" failures="0" errors="0" timestamp="2019-10-01T16:24:10" hostname="pc1295" time="0.008">
  <properties/>
  <testcase name="to excution result handling" classname="graphql.execution.AbortExecutionExceptionTest" time="0.008"/>
  <system-out><![CDATA[]]></system-out>
  <system-err><![CDATA[]]></system-err>
</testsuite>
