<?xml version="1.0" encoding="UTF-8"?>
<testsuite name="graphql.LocalContextAwareCascadingTest" tests="1" skipped="0" failures="0" errors="0" timestamp="2019-10-01T16:24:21" hostname="pc1295" time="0.027">
  <properties/>
  <testcase name="when a local context is provided, it can be consumed by the grandchildren node data fetchers" classname="graphql.LocalContextAwareCascadingTest" time="0.027"/>
  <system-out><![CDATA[]]></system-out>
  <system-err><![CDATA[]]></system-err>
</testsuite>
