<?xml version="1.0" encoding="UTF-8"?>
<testsuite name="graphql.validation.rules.NoUnusedVariablesTest" tests="3" skipped="0" failures="0" errors="0" timestamp="2019-10-01T16:24:18" hostname="pc1295" time="0.009">
  <properties/>
  <testcase name="uses all variables in fragments" classname="graphql.validation.rules.NoUnusedVariablesTest" time="0.008"/>
  <testcase name="variable used by fragment in multiple operations" classname="graphql.validation.rules.NoUnusedVariablesTest" time="0.0"/>
  <testcase name="variables not used" classname="graphql.validation.rules.NoUnusedVariablesTest" time="0.001"/>
  <system-out><![CDATA[]]></system-out>
  <system-err><![CDATA[]]></system-err>
</testsuite>
