<?xml version="1.0" encoding="UTF-8"?>
<testsuite name="graphql.execution.instrumentation.dataloader.PeopleCompaniesAndProductsDataLoaderTest" tests="1" skipped="0" failures="0" errors="0" timestamp="2019-10-01T16:24:11" hostname="pc1295" time="0.298">
  <properties/>
  <testcase name="ensure performant loading with field tracking" classname="graphql.execution.instrumentation.dataloader.PeopleCompaniesAndProductsDataLoaderTest" time="0.298"/>
  <system-out><![CDATA[]]></system-out>
  <system-err><![CDATA[]]></system-err>
</testsuite>
