<?xml version="1.0" encoding="UTF-8"?>
<testsuite name="graphql.validation.rules.DeferredDirectiveAbstractRuleTest" tests="3" skipped="0" failures="0" errors="0" timestamp="2019-10-01T16:24:18" hostname="pc1295" time="0.005">
  <properties/>
  <testcase name="if directive name is not deferred then empty errors" classname="graphql.validation.rules.DeferredDirectiveAbstractRuleTest" time="0.004"/>
  <testcase name="if parent type is empty then empty errors" classname="graphql.validation.rules.DeferredDirectiveAbstractRuleTest" time="0.0"/>
  <testcase name="if field def is empty then empty errors" classname="graphql.validation.rules.DeferredDirectiveAbstractRuleTest" time="0.001"/>
  <system-out><![CDATA[]]></system-out>
  <system-err><![CDATA[]]></system-err>
</testsuite>
