<?xml version="1.0" encoding="UTF-8"?>
<testsuite name="graphql.schema.GraphQLFieldDefinitionTest" tests="2" skipped="0" failures="0" errors="0" timestamp="2019-10-01T16:24:03" hostname="pc1295" time="0.055">
  <properties/>
  <testcase name="dataFetcher can't be null" classname="graphql.schema.GraphQLFieldDefinitionTest" time="0.022"/>
  <testcase name="object can be transformed" classname="graphql.schema.GraphQLFieldDefinitionTest" time="0.033"/>
  <system-out><![CDATA[]]></system-out>
  <system-err><![CDATA[]]></system-err>
</testsuite>
