<?xml version="1.0" encoding="UTF-8"?>
<testsuite name="graphql.schema.diff.SchemaDiffTest" tests="19" skipped="0" failures="0" errors="0" timestamp="2019-10-01T16:24:04" hostname="pc1295" time="1.311">
  <properties/>
  <testcase name="change_in_null_ness" classname="graphql.schema.diff.SchemaDiffTest" time="0.033"/>
  <testcase name="change_in_list_ness" classname="graphql.schema.diff.SchemaDiffTest" time="0.001"/>
  <testcase name="directives_controlled_via_options" classname="graphql.schema.diff.SchemaDiffTest" time="0.027"/>
  <testcase name="directives enforced to be the same" classname="graphql.schema.diff.SchemaDiffTest" time="0.013"/>
  <testcase name="same schema diff" classname="graphql.schema.diff.SchemaDiffTest" time="0.294"/>
  <testcase name="additional field" classname="graphql.schema.diff.SchemaDiffTest" time="0.165"/>
  <testcase name="missing fields on interface" classname="graphql.schema.diff.SchemaDiffTest" time="0.074"/>
  <testcase name="missing members on union" classname="graphql.schema.diff.SchemaDiffTest" time="0.11"/>
  <testcase name="missing fields on object" classname="graphql.schema.diff.SchemaDiffTest" time="0.061"/>
  <testcase name="missing operation" classname="graphql.schema.diff.SchemaDiffTest" time="0.067"/>
  <testcase name="missing input object fields" classname="graphql.schema.diff.SchemaDiffTest" time="0.062"/>
  <testcase name="changed nested input object field types" classname="graphql.schema.diff.SchemaDiffTest" time="0.058"/>
  <testcase name="changed input object field types" classname="graphql.schema.diff.SchemaDiffTest" time="0.048"/>
  <testcase name="changed type kind" classname="graphql.schema.diff.SchemaDiffTest" time="0.05"/>
  <testcase name="missing object field args" classname="graphql.schema.diff.SchemaDiffTest" time="0.046"/>
  <testcase name="missing enum value" classname="graphql.schema.diff.SchemaDiffTest" time="0.061"/>
  <testcase name="changed object field args" classname="graphql.schema.diff.SchemaDiffTest" time="0.046"/>
  <testcase name="changed type on object" classname="graphql.schema.diff.SchemaDiffTest" time="0.047"/>
  <testcase name="dangerous changes " classname="graphql.schema.diff.SchemaDiffTest" time="0.047"/>
  <system-out><![CDATA[	info - 'Operation' : 'Query' : Examining operation 'Query' ...
	info - 'Object' : 'Query' : Examining type 'Query' ...
	info - 'Object' : 'Query.allCharacters' : 	Examining field 'Query.allCharacters' ...
	info - 'Union' : 'Character' : Examining type 'Character' ...
	info - 'Object' : 'Query.being' : 	Examining field 'Query.being' ...
	info - 'Object' : 'Query.being' : 	Examining field argument 'Query.being.id' ...
	info - 'Object' : 'Query.being' : 	Examining field argument 'Query.being.type' ...
	info - 'Interface' : 'Being' : Examining type 'Being' ...
	info - 'Interface' : 'Being.id' : 	Examining field 'Being.id' ...
	info - 'Interface' : 'Being.invitedBy' : 	Examining field 'Being.invitedBy' ...
	info - 'Interface' : 'Being.invitedBy' : 	Examining field argument 'Being.invitedBy.id' ...
	info - 'Interface' : 'Being.name' : 	Examining field 'Being.name' ...
	info - 'Interface' : 'Being.nameInQuenyan' : 	Examining field 'Being.nameInQuenyan' ...
	info - 'Interface' : 'Being.id' : 	Examining field 'Being.id' ...
	info - 'Interface' : 'Being.invitedBy' : 	Examining field 'Being.invitedBy' ...
	info - 'Interface' : 'Being.name' : 	Examining field 'Being.name' ...
	info - 'Interface' : 'Being.nameInQuenyan' : 	Examining field 'Being.nameInQuenyan' ...
	info - 'Object' : 'Query.beings' : 	Examining field 'Query.beings' ...
	info - 'Object' : 'Query.beings' : 	Examining field argument 'Query.beings.type' ...
	info - 'Object' : 'Query.customScalar' : 	Examining field 'Query.customScalar' ...
	info - 'Scalar' : 'CustomScalar' : Examining type 'CustomScalar' ...
	info - 'Object' : 'Query.deities' : 	Examining field 'Query.deities' ...
	info - 'Object' : 'Deity' : Examining type 'Deity' ...
	info - 'Object' : 'Deity.id' : 	Examining field 'Deity.id' ...
	info - 'Object' : 'Deity.invitedBy' : 	Examining field 'Deity.invitedBy' ...
	info - 'Object' : 'Deity.invitedBy' : 	Examining field argument 'Deity.invitedBy.id' ...
	info - 'Object' : 'Deity.name' : 	Examining field 'Deity.name' ...
	info - 'Object' : 'Deity.nameInQuenyan' : 	Examining field 'Deity.nameInQuenyan' ...
	info - 'Object' : 'Deity.outlook' : 	Examining field 'Deity.outlook' ...
	info - 'Object' : 'Deity.id' : 	Examining field 'Deity.id' ...
	info - 'Object' : 'Deity.invitedBy' : 	Examining field 'Deity.invitedBy' ...
	info - 'Object' : 'Deity.name' : 	Examining field 'Deity.name' ...
	info - 'Object' : 'Deity.nameInQuenyan' : 	Examining field 'Deity.nameInQuenyan' ...
	info - 'Object' : 'Deity.outlook' : 	Examining field 'Deity.outlook' ...
	info - 'Interface' : 'Being.id' : 	Examining field 'Being.id' ...
	info - 'Interface' : 'Being.invitedBy' : 	Examining field 'Being.invitedBy' ...
	info - 'Interface' : 'Being.invitedBy' : 	Examining field argument 'Being.invitedBy.id' ...
	info - 'Interface' : 'Being.name' : 	Examining field 'Being.name' ...
	info - 'Interface' : 'Being.nameInQuenyan' : 	Examining field 'Being.nameInQuenyan' ...
	info - 'Interface' : 'Being.id' : 	Examining field 'Being.id' ...
	info - 'Interface' : 'Being.invitedBy' : 	Examining field 'Being.invitedBy' ...
	info - 'Interface' : 'Being.name' : 	Examining field 'Being.name' ...
	info - 'Interface' : 'Being.nameInQuenyan' : 	Examining field 'Being.nameInQuenyan' ...
	info - 'Object' : 'Query.gods' : 	Examining field 'Query.gods' ...
	info - 'Object' : 'Ainur' : Examining type 'Ainur' ...
	info - 'Object' : 'Ainur.id' : 	Examining field 'Ainur.id' ...
	info - 'Object' : 'Ainur.invitedBy' : 	Examining field 'Ainur.invitedBy' ...
	info - 'Object' : 'Ainur.invitedBy' : 	Examining field argument 'Ainur.invitedBy.id' ...
	info - 'Object' : 'Ainur.loves' : 	Examining field 'Ainur.loves' ...
	info - 'Object' : 'Ainur.name' : 	Examining field 'Ainur.name' ...
	info - 'Object' : 'Ainur.nameInQuenyan' : 	Examining field 'Ainur.nameInQuenyan' ...
	info - 'Object' : 'Ainur.id' : 	Examining field 'Ainur.id' ...
	info - 'Object' : 'Ainur.invitedBy' : 	Examining field 'Ainur.invitedBy' ...
	info - 'Object' : 'Ainur.loves' : 	Examining field 'Ainur.loves' ...
	info - 'Object' : 'Ainur.name' : 	Examining field 'Ainur.name' ...
	info - 'Object' : 'Ainur.nameInQuenyan' : 	Examining field 'Ainur.nameInQuenyan' ...
	info - 'Interface' : 'Being.id' : 	Examining field 'Being.id' ...
	info - 'Interface' : 'Being.invitedBy' : 	Examining field 'Being.invitedBy' ...
	info - 'Interface' : 'Being.invitedBy' : 	Examining field argument 'Being.invitedBy.id' ...
	info - 'Interface' : 'Being.name' : 	Examining field 'Being.name' ...
	info - 'Interface' : 'Being.nameInQuenyan' : 	Examining field 'Being.nameInQuenyan' ...
	info - 'Interface' : 'Being.id' : 	Examining field 'Being.id' ...
	info - 'Interface' : 'Being.invitedBy' : 	Examining field 'Being.invitedBy' ...
	info - 'Interface' : 'Being.name' : 	Examining field 'Being.name' ...
	info - 'Interface' : 'Being.nameInQuenyan' : 	Examining field 'Being.nameInQuenyan' ...
	info - 'Object' : 'Query.wizards' : 	Examining field 'Query.wizards' ...
	info - 'Object' : 'Istari' : Examining type 'Istari' ...
	info - 'Object' : 'Istari.colour' : 	Examining field 'Istari.colour' ...
	info - 'Object' : 'Istari.id' : 	Examining field 'Istari.id' ...
	info - 'Object' : 'Istari.invitedBy' : 	Examining field 'Istari.invitedBy' ...
	info - 'Object' : 'Istari.invitedBy' : 	Examining field argument 'Istari.invitedBy.id' ...
	info - 'Object' : 'Istari.name' : 	Examining field 'Istari.name' ...
	info - 'Object' : 'Istari.nameInQuenyan' : 	Examining field 'Istari.nameInQuenyan' ...
	info - 'Object' : 'Istari.temperament' : 	Examining field 'Istari.temperament' ...
	info - 'Enum' : 'Temperament' : Examining type 'Temperament' ...
	info - 'Object' : 'Istari.colour' : 	Examining field 'Istari.colour' ...
	info - 'Object' : 'Istari.id' : 	Examining field 'Istari.id' ...
	info - 'Object' : 'Istari.invitedBy' : 	Examining field 'Istari.invitedBy' ...
	info - 'Object' : 'Istari.name' : 	Examining field 'Istari.name' ...
	info - 'Object' : 'Istari.nameInQuenyan' : 	Examining field 'Istari.nameInQuenyan' ...
	info - 'Object' : 'Istari.temperament' : 	Examining field 'Istari.temperament' ...
	info - 'Interface' : 'Being.id' : 	Examining field 'Being.id' ...
	info - 'Interface' : 'Being.invitedBy' : 	Examining field 'Being.invitedBy' ...
	info - 'Interface' : 'Being.invitedBy' : 	Examining field argument 'Being.invitedBy.id' ...
	info - 'Interface' : 'Being.name' : 	Examining field 'Being.name' ...
	info - 'Interface' : 'Being.nameInQuenyan' : 	Examining field 'Being.nameInQuenyan' ...
	info - 'Interface' : 'Being.id' : 	Examining field 'Being.id' ...
	info - 'Interface' : 'Being.invitedBy' : 	Examining field 'Being.invitedBy' ...
	info - 'Interface' : 'Being.name' : 	Examining field 'Being.name' ...
	info - 'Interface' : 'Being.nameInQuenyan' : 	Examining field 'Being.nameInQuenyan' ...
	info - 'Object' : 'Query.allCharacters' : 	Examining field 'Query.allCharacters' ...
	info - 'Object' : 'Query.being' : 	Examining field 'Query.being' ...
	info - 'Object' : 'Query.beings' : 	Examining field 'Query.beings' ...
	info - 'Object' : 'Query.customScalar' : 	Examining field 'Query.customScalar' ...
	info - 'Object' : 'Query.deities' : 	Examining field 'Query.deities' ...
	info - 'Object' : 'Query.gods' : 	Examining field 'Query.gods' ...
	info - 'Object' : 'Query.wizards' : 	Examining field 'Query.wizards' ...
	info - 'Operation' : 'Mutation' : Examining operation 'Mutation' ...
	info - 'Object' : 'Mutation' : Examining type 'Mutation' ...
	info - 'Object' : 'Mutation.being' : 	Examining field 'Mutation.being' ...
	info - 'Object' : 'Mutation.being' : 	Examining field argument 'Mutation.being.questor' ...
	info - 'InputObject' : 'Questor' : Examining type 'Questor' ...
	info - 'InputObject' : 'Questor.beingID' : 	Examining input field 'Questor.beingID' ...
	info - 'InputObject' : 'Questor.nestedInput' : 	Examining input field 'Questor.nestedInput' ...
	info - 'InputObject' : 'NestedInput' : Examining type 'NestedInput' ...
	info - 'InputObject' : 'NestedInput.nestedInput' : 	Examining input field 'NestedInput.nestedInput' ...
	info - 'InputObject' : 'Questor.queryTarget' : 	Examining input field 'Questor.queryTarget' ...
	info - 'Object' : 'Mutation.sword' : 	Examining field 'Mutation.sword' ...
	info - 'Object' : 'Mutation.sword' : 	Examining field argument 'Mutation.sword.alloy' ...
	info - 'Object' : 'Mutation.sword' : 	Examining field argument 'Mutation.sword.bearer' ...
	info - 'Object' : 'Mutation.sword' : 	Examining field argument 'Mutation.sword.name' ...
	info - 'Object' : 'Mutation.sword' : 	Examining field argument 'Mutation.sword.temperament' ...
	info - 'Object' : 'Mutation.being' : 	Examining field 'Mutation.being' ...
	info - 'Object' : 'Mutation.sword' : 	Examining field 'Mutation.sword' ...


0 errors
0 warnings


	info - 'Operation' : 'Query' : Examining operation 'Query' ...
	info - 'Object' : 'Query' : Examining type 'Query' ...
	info - 'Object' : 'Query.allCharacters' : 	Examining field 'Query.allCharacters' ...
	info - 'Union' : 'Character' : Examining type 'Character' ...
	info - 'Object' : 'Query.being' : 	Examining field 'Query.being' ...
	info - 'Object' : 'Query.being' : 	Examining field argument 'Query.being.id' ...
	info - 'Object' : 'Query.being' : 	Examining field argument 'Query.being.type' ...
	info - 'Interface' : 'Being' : Examining type 'Being' ...
	info - 'Interface' : 'Being.id' : 	Examining field 'Being.id' ...
	info - 'Interface' : 'Being.invitedBy' : 	Examining field 'Being.invitedBy' ...
	info - 'Interface' : 'Being.invitedBy' : 	Examining field argument 'Being.invitedBy.id' ...
	info - 'Interface' : 'Being.name' : 	Examining field 'Being.name' ...
	info - 'Interface' : 'Being.nameInQuenyan' : 	Examining field 'Being.nameInQuenyan' ...
	info - 'Interface' : 'Being.id' : 	Examining field 'Being.id' ...
	info - 'Interface' : 'Being.invitedBy' : 	Examining field 'Being.invitedBy' ...
	info - 'Interface' : 'Being.name' : 	Examining field 'Being.name' ...
	info - 'Interface' : 'Being.nameInQuenyan' : 	Examining field 'Being.nameInQuenyan' ...
	info - 'Object' : 'Query.beings' : 	Examining field 'Query.beings' ...
	info - 'Object' : 'Query.beings' : 	Examining field argument 'Query.beings.type' ...
	info - 'Object' : 'Query.customScalar' : 	Examining field 'Query.customScalar' ...
	info - 'Scalar' : 'CustomScalar' : Examining type 'CustomScalar' ...
	info - 'Object' : 'Query.deities' : 	Examining field 'Query.deities' ...
	info - 'Object' : 'Deity' : Examining type 'Deity' ...
	info - 'Object' : 'Deity.id' : 	Examining field 'Deity.id' ...
	info - 'Object' : 'Deity.invitedBy' : 	Examining field 'Deity.invitedBy' ...
	info - 'Object' : 'Deity.invitedBy' : 	Examining field argument 'Deity.invitedBy.id' ...
	info - 'Object' : 'Deity.name' : 	Examining field 'Deity.name' ...
	info - 'Object' : 'Deity.nameInQuenyan' : 	Examining field 'Deity.nameInQuenyan' ...
	info - 'Object' : 'Deity.outlook' : 	Examining field 'Deity.outlook' ...
	info - 'Object' : 'Deity.id' : 	Examining field 'Deity.id' ...
	info - 'Object' : 'Deity.invitedBy' : 	Examining field 'Deity.invitedBy' ...
	info - 'Object' : 'Deity.name' : 	Examining field 'Deity.name' ...
	info - 'Object' : 'Deity.nameInQuenyan' : 	Examining field 'Deity.nameInQuenyan' ...
	info - 'Object' : 'Deity.outlook' : 	Examining field 'Deity.outlook' ...
	info - 'Interface' : 'Being.id' : 	Examining field 'Being.id' ...
	info - 'Interface' : 'Being.invitedBy' : 	Examining field 'Being.invitedBy' ...
	info - 'Interface' : 'Being.invitedBy' : 	Examining field argument 'Being.invitedBy.id' ...
	info - 'Interface' : 'Being.name' : 	Examining field 'Being.name' ...
	info - 'Interface' : 'Being.nameInQuenyan' : 	Examining field 'Being.nameInQuenyan' ...
	info - 'Interface' : 'Being.id' : 	Examining field 'Being.id' ...
	info - 'Interface' : 'Being.invitedBy' : 	Examining field 'Being.invitedBy' ...
	info - 'Interface' : 'Being.name' : 	Examining field 'Being.name' ...
	info - 'Interface' : 'Being.nameInQuenyan' : 	Examining field 'Being.nameInQuenyan' ...
	info - 'Object' : 'Query.gods' : 	Examining field 'Query.gods' ...
	info - 'Object' : 'Ainur' : Examining type 'Ainur' ...
	info - 'Object' : 'Ainur.id' : 	Examining field 'Ainur.id' ...
	info - 'Object' : 'Ainur.invitedBy' : 	Examining field 'Ainur.invitedBy' ...
	info - 'Object' : 'Ainur.invitedBy' : 	Examining field argument 'Ainur.invitedBy.id' ...
	info - 'Object' : 'Ainur.loves' : 	Examining field 'Ainur.loves' ...
	info - 'Object' : 'Ainur.name' : 	Examining field 'Ainur.name' ...
	info - 'Object' : 'Ainur.nameInQuenyan' : 	Examining field 'Ainur.nameInQuenyan' ...
	info - 'Object' : 'Ainur.id' : 	Examining field 'Ainur.id' ...
	info - 'Object' : 'Ainur.invitedBy' : 	Examining field 'Ainur.invitedBy' ...
	info - 'Object' : 'Ainur.loves' : 	Examining field 'Ainur.loves' ...
	info - 'Object' : 'Ainur.name' : 	Examining field 'Ainur.name' ...
	info - 'Object' : 'Ainur.nameInQuenyan' : 	Examining field 'Ainur.nameInQuenyan' ...
	info - 'Object' : 'Ainur.surname' : 	Examining field 'Ainur.surname' ...
	info - 'Object' : 'Ainur.surname' : The new API adds the field 'Ainur.surname'
	info - 'Interface' : 'Being.id' : 	Examining field 'Being.id' ...
	info - 'Interface' : 'Being.invitedBy' : 	Examining field 'Being.invitedBy' ...
	info - 'Interface' : 'Being.invitedBy' : 	Examining field argument 'Being.invitedBy.id' ...
	info - 'Interface' : 'Being.name' : 	Examining field 'Being.name' ...
	info - 'Interface' : 'Being.nameInQuenyan' : 	Examining field 'Being.nameInQuenyan' ...
	info - 'Interface' : 'Being.id' : 	Examining field 'Being.id' ...
	info - 'Interface' : 'Being.invitedBy' : 	Examining field 'Being.invitedBy' ...
	info - 'Interface' : 'Being.name' : 	Examining field 'Being.name' ...
	info - 'Interface' : 'Being.nameInQuenyan' : 	Examining field 'Being.nameInQuenyan' ...
	info - 'Object' : 'Query.wizards' : 	Examining field 'Query.wizards' ...
	info - 'Object' : 'Istari' : Examining type 'Istari' ...
	info - 'Object' : 'Istari.colour' : 	Examining field 'Istari.colour' ...
	info - 'Object' : 'Istari.id' : 	Examining field 'Istari.id' ...
	info - 'Object' : 'Istari.invitedBy' : 	Examining field 'Istari.invitedBy' ...
	info - 'Object' : 'Istari.invitedBy' : 	Examining field argument 'Istari.invitedBy.id' ...
	info - 'Object' : 'Istari.name' : 	Examining field 'Istari.name' ...
	info - 'Object' : 'Istari.nameInQuenyan' : 	Examining field 'Istari.nameInQuenyan' ...
	info - 'Object' : 'Istari.temperament' : 	Examining field 'Istari.temperament' ...
	info - 'Enum' : 'Temperament' : Examining type 'Temperament' ...
	info - 'Object' : 'Istari.colour' : 	Examining field 'Istari.colour' ...
	info - 'Object' : 'Istari.id' : 	Examining field 'Istari.id' ...
	info - 'Object' : 'Istari.invitedBy' : 	Examining field 'Istari.invitedBy' ...
	info - 'Object' : 'Istari.name' : 	Examining field 'Istari.name' ...
	info - 'Object' : 'Istari.nameInQuenyan' : 	Examining field 'Istari.nameInQuenyan' ...
	info - 'Object' : 'Istari.temperament' : 	Examining field 'Istari.temperament' ...
	info - 'Interface' : 'Being.id' : 	Examining field 'Being.id' ...
	info - 'Interface' : 'Being.invitedBy' : 	Examining field 'Being.invitedBy' ...
	info - 'Interface' : 'Being.invitedBy' : 	Examining field argument 'Being.invitedBy.id' ...
	info - 'Interface' : 'Being.name' : 	Examining field 'Being.name' ...
	info - 'Interface' : 'Being.nameInQuenyan' : 	Examining field 'Being.nameInQuenyan' ...
	info - 'Interface' : 'Being.id' : 	Examining field 'Being.id' ...
	info - 'Interface' : 'Being.invitedBy' : 	Examining field 'Being.invitedBy' ...
	info - 'Interface' : 'Being.name' : 	Examining field 'Being.name' ...
	info - 'Interface' : 'Being.nameInQuenyan' : 	Examining field 'Being.nameInQuenyan' ...
	info - 'Object' : 'Query.allCharacters' : 	Examining field 'Query.allCharacters' ...
	info - 'Object' : 'Query.being' : 	Examining field 'Query.being' ...
	info - 'Object' : 'Query.beings' : 	Examining field 'Query.beings' ...
	info - 'Object' : 'Query.customScalar' : 	Examining field 'Query.customScalar' ...
	info - 'Object' : 'Query.deities' : 	Examining field 'Query.deities' ...
	info - 'Object' : 'Query.gods' : 	Examining field 'Query.gods' ...
	info - 'Object' : 'Query.wizards' : 	Examining field 'Query.wizards' ...
	info - 'Operation' : 'Mutation' : Examining operation 'Mutation' ...
	info - 'Object' : 'Mutation' : Examining type 'Mutation' ...
	info - 'Object' : 'Mutation.being' : 	Examining field 'Mutation.being' ...
	info - 'Object' : 'Mutation.being' : 	Examining field argument 'Mutation.being.questor' ...
	info - 'InputObject' : 'Questor' : Examining type 'Questor' ...
	info - 'InputObject' : 'Questor.beingID' : 	Examining input field 'Questor.beingID' ...
	info - 'InputObject' : 'Questor.nestedInput' : 	Examining input field 'Questor.nestedInput' ...
	info - 'InputObject' : 'NestedInput' : Examining type 'NestedInput' ...
	info - 'InputObject' : 'NestedInput.nestedInput' : 	Examining input field 'NestedInput.nestedInput' ...
	info - 'InputObject' : 'Questor.queryTarget' : 	Examining input field 'Questor.queryTarget' ...
	info - 'Object' : 'Mutation.sword' : 	Examining field 'Mutation.sword' ...
	info - 'Object' : 'Mutation.sword' : 	Examining field argument 'Mutation.sword.alloy' ...
	info - 'Object' : 'Mutation.sword' : 	Examining field argument 'Mutation.sword.bearer' ...
	info - 'Object' : 'Mutation.sword' : 	Examining field argument 'Mutation.sword.name' ...
	info - 'Object' : 'Mutation.sword' : 	Examining field argument 'Mutation.sword.temperament' ...
	info - 'Object' : 'Mutation.being' : 	Examining field 'Mutation.being' ...
	info - 'Object' : 'Mutation.sword' : 	Examining field 'Mutation.sword' ...


0 errors
0 warnings


	info - 'Operation' : 'Query' : Examining operation 'Query' ...
	info - 'Object' : 'Query' : Examining type 'Query' ...
	info - 'Object' : 'Query.allCharacters' : 	Examining field 'Query.allCharacters' ...
	info - 'Union' : 'Character' : Examining type 'Character' ...
	info - 'Object' : 'Query.being' : 	Examining field 'Query.being' ...
	info - 'Object' : 'Query.being' : 	Examining field argument 'Query.being.id' ...
	info - 'Object' : 'Query.being' : 	Examining field argument 'Query.being.type' ...
	info - 'Interface' : 'Being' : Examining type 'Being' ...
	info - 'Interface' : 'Being.id' : 	Examining field 'Being.id' ...
	info - 'Interface' : 'Being.invitedBy' : 	Examining field 'Being.invitedBy' ...
	info - 'Interface' : 'Being.invitedBy' : 	Examining field argument 'Being.invitedBy.id' ...
	info - 'Interface' : 'Being.name' : 	Examining field 'Being.name' ...
BREAKING - 'Interface' : 'Being.name' : The new API is missing the field 'Being.name'
	info - 'Interface' : 'Being.nameInQuenyan' : 	Examining field 'Being.nameInQuenyan' ...
BREAKING - 'Interface' : 'Being.nameInQuenyan' : The new API is missing the field 'Being.nameInQuenyan'
	info - 'Interface' : 'Being.id' : 	Examining field 'Being.id' ...
	info - 'Interface' : 'Being.invitedBy' : 	Examining field 'Being.invitedBy' ...
	info - 'Object' : 'Query.beings' : 	Examining field 'Query.beings' ...
	info - 'Object' : 'Query.beings' : 	Examining field argument 'Query.beings.type' ...
	info - 'Object' : 'Query.customScalar' : 	Examining field 'Query.customScalar' ...
	info - 'Scalar' : 'CustomScalar' : Examining type 'CustomScalar' ...
	info - 'Object' : 'Query.deities' : 	Examining field 'Query.deities' ...
	info - 'Object' : 'Deity' : Examining type 'Deity' ...
	info - 'Object' : 'Deity.id' : 	Examining field 'Deity.id' ...
	info - 'Object' : 'Deity.invitedBy' : 	Examining field 'Deity.invitedBy' ...
	info - 'Object' : 'Deity.invitedBy' : 	Examining field argument 'Deity.invitedBy.id' ...
	info - 'Object' : 'Deity.name' : 	Examining field 'Deity.name' ...
	info - 'Object' : 'Deity.nameInQuenyan' : 	Examining field 'Deity.nameInQuenyan' ...
	info - 'Object' : 'Deity.outlook' : 	Examining field 'Deity.outlook' ...
	info - 'Object' : 'Deity.id' : 	Examining field 'Deity.id' ...
	info - 'Object' : 'Deity.invitedBy' : 	Examining field 'Deity.invitedBy' ...
	info - 'Object' : 'Deity.name' : 	Examining field 'Deity.name' ...
	info - 'Object' : 'Deity.nameInQuenyan' : 	Examining field 'Deity.nameInQuenyan' ...
	info - 'Object' : 'Deity.outlook' : 	Examining field 'Deity.outlook' ...
	info - 'Interface' : 'Being.id' : 	Examining field 'Being.id' ...
	info - 'Interface' : 'Being.invitedBy' : 	Examining field 'Being.invitedBy' ...
	info - 'Interface' : 'Being.invitedBy' : 	Examining field argument 'Being.invitedBy.id' ...
	info - 'Interface' : 'Being.name' : 	Examining field 'Being.name' ...
BREAKING - 'Interface' : 'Being.name' : The new API is missing the field 'Being.name'
	info - 'Interface' : 'Being.nameInQuenyan' : 	Examining field 'Being.nameInQuenyan' ...
BREAKING - 'Interface' : 'Being.nameInQuenyan' : The new API is missing the field 'Being.nameInQuenyan'
	info - 'Interface' : 'Being.id' : 	Examining field 'Being.id' ...
	info - 'Interface' : 'Being.invitedBy' : 	Examining field 'Being.invitedBy' ...
	info - 'Object' : 'Query.gods' : 	Examining field 'Query.gods' ...
	info - 'Object' : 'Ainur' : Examining type 'Ainur' ...
	info - 'Object' : 'Ainur.id' : 	Examining field 'Ainur.id' ...
	info - 'Object' : 'Ainur.invitedBy' : 	Examining field 'Ainur.invitedBy' ...
	info - 'Object' : 'Ainur.invitedBy' : 	Examining field argument 'Ainur.invitedBy.id' ...
	info - 'Object' : 'Ainur.loves' : 	Examining field 'Ainur.loves' ...
	info - 'Object' : 'Ainur.name' : 	Examining field 'Ainur.name' ...
	info - 'Object' : 'Ainur.nameInQuenyan' : 	Examining field 'Ainur.nameInQuenyan' ...
	info - 'Object' : 'Ainur.id' : 	Examining field 'Ainur.id' ...
	info - 'Object' : 'Ainur.invitedBy' : 	Examining field 'Ainur.invitedBy' ...
	info - 'Object' : 'Ainur.loves' : 	Examining field 'Ainur.loves' ...
	info - 'Object' : 'Ainur.name' : 	Examining field 'Ainur.name' ...
	info - 'Object' : 'Ainur.nameInQuenyan' : 	Examining field 'Ainur.nameInQuenyan' ...
	info - 'Interface' : 'Being.id' : 	Examining field 'Being.id' ...
	info - 'Interface' : 'Being.invitedBy' : 	Examining field 'Being.invitedBy' ...
	info - 'Interface' : 'Being.invitedBy' : 	Examining field argument 'Being.invitedBy.id' ...
	info - 'Interface' : 'Being.name' : 	Examining field 'Being.name' ...
BREAKING - 'Interface' : 'Being.name' : The new API is missing the field 'Being.name'
	info - 'Interface' : 'Being.nameInQuenyan' : 	Examining field 'Being.nameInQuenyan' ...
BREAKING - 'Interface' : 'Being.nameInQuenyan' : The new API is missing the field 'Being.nameInQuenyan'
	info - 'Interface' : 'Being.id' : 	Examining field 'Being.id' ...
	info - 'Interface' : 'Being.invitedBy' : 	Examining field 'Being.invitedBy' ...
	info - 'Object' : 'Query.wizards' : 	Examining field 'Query.wizards' ...
	info - 'Object' : 'Istari' : Examining type 'Istari' ...
	info - 'Object' : 'Istari.colour' : 	Examining field 'Istari.colour' ...
	info - 'Object' : 'Istari.id' : 	Examining field 'Istari.id' ...
	info - 'Object' : 'Istari.invitedBy' : 	Examining field 'Istari.invitedBy' ...
	info - 'Object' : 'Istari.invitedBy' : 	Examining field argument 'Istari.invitedBy.id' ...
	info - 'Object' : 'Istari.name' : 	Examining field 'Istari.name' ...
	info - 'Object' : 'Istari.nameInQuenyan' : 	Examining field 'Istari.nameInQuenyan' ...
	info - 'Object' : 'Istari.temperament' : 	Examining field 'Istari.temperament' ...
	info - 'Enum' : 'Temperament' : Examining type 'Temperament' ...
	info - 'Object' : 'Istari.colour' : 	Examining field 'Istari.colour' ...
	info - 'Object' : 'Istari.id' : 	Examining field 'Istari.id' ...
	info - 'Object' : 'Istari.invitedBy' : 	Examining field 'Istari.invitedBy' ...
	info - 'Object' : 'Istari.name' : 	Examining field 'Istari.name' ...
	info - 'Object' : 'Istari.nameInQuenyan' : 	Examining field 'Istari.nameInQuenyan' ...
	info - 'Object' : 'Istari.temperament' : 	Examining field 'Istari.temperament' ...
	info - 'Interface' : 'Being.id' : 	Examining field 'Being.id' ...
	info - 'Interface' : 'Being.invitedBy' : 	Examining field 'Being.invitedBy' ...
	info - 'Interface' : 'Being.invitedBy' : 	Examining field argument 'Being.invitedBy.id' ...
	info - 'Interface' : 'Being.name' : 	Examining field 'Being.name' ...
BREAKING - 'Interface' : 'Being.name' : The new API is missing the field 'Being.name'
	info - 'Interface' : 'Being.nameInQuenyan' : 	Examining field 'Being.nameInQuenyan' ...
BREAKING - 'Interface' : 'Being.nameInQuenyan' : The new API is missing the field 'Being.nameInQuenyan'
	info - 'Interface' : 'Being.id' : 	Examining field 'Being.id' ...
	info - 'Interface' : 'Being.invitedBy' : 	Examining field 'Being.invitedBy' ...
	info - 'Object' : 'Query.allCharacters' : 	Examining field 'Query.allCharacters' ...
	info - 'Object' : 'Query.being' : 	Examining field 'Query.being' ...
	info - 'Object' : 'Query.beings' : 	Examining field 'Query.beings' ...
	info - 'Object' : 'Query.customScalar' : 	Examining field 'Query.customScalar' ...
	info - 'Object' : 'Query.deities' : 	Examining field 'Query.deities' ...
	info - 'Object' : 'Query.gods' : 	Examining field 'Query.gods' ...
	info - 'Object' : 'Query.wizards' : 	Examining field 'Query.wizards' ...
	info - 'Operation' : 'Mutation' : Examining operation 'Mutation' ...
	info - 'Object' : 'Mutation' : Examining type 'Mutation' ...
	info - 'Object' : 'Mutation.being' : 	Examining field 'Mutation.being' ...
	info - 'Object' : 'Mutation.being' : 	Examining field argument 'Mutation.being.questor' ...
	info - 'InputObject' : 'Questor' : Examining type 'Questor' ...
	info - 'InputObject' : 'Questor.beingID' : 	Examining input field 'Questor.beingID' ...
	info - 'InputObject' : 'Questor.nestedInput' : 	Examining input field 'Questor.nestedInput' ...
	info - 'InputObject' : 'NestedInput' : Examining type 'NestedInput' ...
	info - 'InputObject' : 'NestedInput.nestedInput' : 	Examining input field 'NestedInput.nestedInput' ...
	info - 'InputObject' : 'Questor.queryTarget' : 	Examining input field 'Questor.queryTarget' ...
	info - 'Object' : 'Mutation.sword' : 	Examining field 'Mutation.sword' ...
	info - 'Object' : 'Mutation.sword' : 	Examining field argument 'Mutation.sword.alloy' ...
	info - 'Object' : 'Mutation.sword' : 	Examining field argument 'Mutation.sword.bearer' ...
	info - 'Object' : 'Mutation.sword' : 	Examining field argument 'Mutation.sword.name' ...
	info - 'Object' : 'Mutation.sword' : 	Examining field argument 'Mutation.sword.temperament' ...
	info - 'Object' : 'Mutation.being' : 	Examining field 'Mutation.being' ...
	info - 'Object' : 'Mutation.sword' : 	Examining field 'Mutation.sword' ...


8 errors
0 warnings


	info - 'Operation' : 'Query' : Examining operation 'Query' ...
	info - 'Object' : 'Query' : Examining type 'Query' ...
	info - 'Object' : 'Query.allCharacters' : 	Examining field 'Query.allCharacters' ...
	info - 'Union' : 'Character' : Examining type 'Character' ...
BREAKING - 'Union' : 'Character' : The new API does not contain union member type 'Istari'
	info - 'Object' : 'Query.being' : 	Examining field 'Query.being' ...
	info - 'Object' : 'Query.being' : 	Examining field argument 'Query.being.id' ...
	info - 'Object' : 'Query.being' : 	Examining field argument 'Query.being.type' ...
	info - 'Interface' : 'Being' : Examining type 'Being' ...
	info - 'Interface' : 'Being.id' : 	Examining field 'Being.id' ...
	info - 'Interface' : 'Being.invitedBy' : 	Examining field 'Being.invitedBy' ...
	info - 'Interface' : 'Being.invitedBy' : 	Examining field argument 'Being.invitedBy.id' ...
	info - 'Interface' : 'Being.name' : 	Examining field 'Being.name' ...
	info - 'Interface' : 'Being.nameInQuenyan' : 	Examining field 'Being.nameInQuenyan' ...
	info - 'Interface' : 'Being.id' : 	Examining field 'Being.id' ...
	info - 'Interface' : 'Being.invitedBy' : 	Examining field 'Being.invitedBy' ...
	info - 'Interface' : 'Being.name' : 	Examining field 'Being.name' ...
	info - 'Interface' : 'Being.nameInQuenyan' : 	Examining field 'Being.nameInQuenyan' ...
	info - 'Object' : 'Query.beings' : 	Examining field 'Query.beings' ...
	info - 'Object' : 'Query.beings' : 	Examining field argument 'Query.beings.type' ...
	info - 'Object' : 'Query.customScalar' : 	Examining field 'Query.customScalar' ...
	info - 'Scalar' : 'CustomScalar' : Examining type 'CustomScalar' ...
	info - 'Object' : 'Query.deities' : 	Examining field 'Query.deities' ...
	info - 'Object' : 'Deity' : Examining type 'Deity' ...
	info - 'Object' : 'Deity.id' : 	Examining field 'Deity.id' ...
	info - 'Object' : 'Deity.invitedBy' : 	Examining field 'Deity.invitedBy' ...
	info - 'Object' : 'Deity.invitedBy' : 	Examining field argument 'Deity.invitedBy.id' ...
	info - 'Object' : 'Deity.name' : 	Examining field 'Deity.name' ...
	info - 'Object' : 'Deity.nameInQuenyan' : 	Examining field 'Deity.nameInQuenyan' ...
	info - 'Object' : 'Deity.outlook' : 	Examining field 'Deity.outlook' ...
	info - 'Object' : 'Deity.id' : 	Examining field 'Deity.id' ...
	info - 'Object' : 'Deity.invitedBy' : 	Examining field 'Deity.invitedBy' ...
	info - 'Object' : 'Deity.name' : 	Examining field 'Deity.name' ...
	info - 'Object' : 'Deity.nameInQuenyan' : 	Examining field 'Deity.nameInQuenyan' ...
	info - 'Object' : 'Deity.outlook' : 	Examining field 'Deity.outlook' ...
	info - 'Interface' : 'Being.id' : 	Examining field 'Being.id' ...
	info - 'Interface' : 'Being.invitedBy' : 	Examining field 'Being.invitedBy' ...
	info - 'Interface' : 'Being.invitedBy' : 	Examining field argument 'Being.invitedBy.id' ...
	info - 'Interface' : 'Being.name' : 	Examining field 'Being.name' ...
	info - 'Interface' : 'Being.nameInQuenyan' : 	Examining field 'Being.nameInQuenyan' ...
	info - 'Interface' : 'Being.id' : 	Examining field 'Being.id' ...
	info - 'Interface' : 'Being.invitedBy' : 	Examining field 'Being.invitedBy' ...
	info - 'Interface' : 'Being.name' : 	Examining field 'Being.name' ...
	info - 'Interface' : 'Being.nameInQuenyan' : 	Examining field 'Being.nameInQuenyan' ...
	info - 'Object' : 'Query.gods' : 	Examining field 'Query.gods' ...
	info - 'Object' : 'Ainur' : Examining type 'Ainur' ...
	info - 'Object' : 'Ainur.id' : 	Examining field 'Ainur.id' ...
	info - 'Object' : 'Ainur.invitedBy' : 	Examining field 'Ainur.invitedBy' ...
	info - 'Object' : 'Ainur.invitedBy' : 	Examining field argument 'Ainur.invitedBy.id' ...
	info - 'Object' : 'Ainur.loves' : 	Examining field 'Ainur.loves' ...
	info - 'Object' : 'Ainur.name' : 	Examining field 'Ainur.name' ...
	info - 'Object' : 'Ainur.nameInQuenyan' : 	Examining field 'Ainur.nameInQuenyan' ...
	info - 'Object' : 'Ainur.id' : 	Examining field 'Ainur.id' ...
	info - 'Object' : 'Ainur.invitedBy' : 	Examining field 'Ainur.invitedBy' ...
	info - 'Object' : 'Ainur.loves' : 	Examining field 'Ainur.loves' ...
	info - 'Object' : 'Ainur.name' : 	Examining field 'Ainur.name' ...
	info - 'Object' : 'Ainur.nameInQuenyan' : 	Examining field 'Ainur.nameInQuenyan' ...
	info - 'Interface' : 'Being.id' : 	Examining field 'Being.id' ...
	info - 'Interface' : 'Being.invitedBy' : 	Examining field 'Being.invitedBy' ...
	info - 'Interface' : 'Being.invitedBy' : 	Examining field argument 'Being.invitedBy.id' ...
	info - 'Interface' : 'Being.name' : 	Examining field 'Being.name' ...
	info - 'Interface' : 'Being.nameInQuenyan' : 	Examining field 'Being.nameInQuenyan' ...
	info - 'Interface' : 'Being.id' : 	Examining field 'Being.id' ...
	info - 'Interface' : 'Being.invitedBy' : 	Examining field 'Being.invitedBy' ...
	info - 'Interface' : 'Being.name' : 	Examining field 'Being.name' ...
	info - 'Interface' : 'Being.nameInQuenyan' : 	Examining field 'Being.nameInQuenyan' ...
	info - 'Object' : 'Query.wizards' : 	Examining field 'Query.wizards' ...
	info - 'Object' : 'Istari' : Examining type 'Istari' ...
	info - 'Object' : 'Istari.colour' : 	Examining field 'Istari.colour' ...
	info - 'Object' : 'Istari.id' : 	Examining field 'Istari.id' ...
	info - 'Object' : 'Istari.invitedBy' : 	Examining field 'Istari.invitedBy' ...
	info - 'Object' : 'Istari.invitedBy' : 	Examining field argument 'Istari.invitedBy.id' ...
	info - 'Object' : 'Istari.name' : 	Examining field 'Istari.name' ...
	info - 'Object' : 'Istari.nameInQuenyan' : 	Examining field 'Istari.nameInQuenyan' ...
	info - 'Object' : 'Istari.temperament' : 	Examining field 'Istari.temperament' ...
	info - 'Enum' : 'Temperament' : Examining type 'Temperament' ...
	info - 'Object' : 'Istari.colour' : 	Examining field 'Istari.colour' ...
	info - 'Object' : 'Istari.id' : 	Examining field 'Istari.id' ...
	info - 'Object' : 'Istari.invitedBy' : 	Examining field 'Istari.invitedBy' ...
	info - 'Object' : 'Istari.name' : 	Examining field 'Istari.name' ...
	info - 'Object' : 'Istari.nameInQuenyan' : 	Examining field 'Istari.nameInQuenyan' ...
	info - 'Object' : 'Istari.temperament' : 	Examining field 'Istari.temperament' ...
	info - 'Interface' : 'Being.id' : 	Examining field 'Being.id' ...
	info - 'Interface' : 'Being.invitedBy' : 	Examining field 'Being.invitedBy' ...
	info - 'Interface' : 'Being.invitedBy' : 	Examining field argument 'Being.invitedBy.id' ...
	info - 'Interface' : 'Being.name' : 	Examining field 'Being.name' ...
	info - 'Interface' : 'Being.nameInQuenyan' : 	Examining field 'Being.nameInQuenyan' ...
	info - 'Interface' : 'Being.id' : 	Examining field 'Being.id' ...
	info - 'Interface' : 'Being.invitedBy' : 	Examining field 'Being.invitedBy' ...
	info - 'Interface' : 'Being.name' : 	Examining field 'Being.name' ...
	info - 'Interface' : 'Being.nameInQuenyan' : 	Examining field 'Being.nameInQuenyan' ...
	info - 'Object' : 'Query.allCharacters' : 	Examining field 'Query.allCharacters' ...
	info - 'Object' : 'Query.being' : 	Examining field 'Query.being' ...
	info - 'Object' : 'Query.beings' : 	Examining field 'Query.beings' ...
	info - 'Object' : 'Query.customScalar' : 	Examining field 'Query.customScalar' ...
	info - 'Object' : 'Query.deities' : 	Examining field 'Query.deities' ...
	info - 'Object' : 'Query.gods' : 	Examining field 'Query.gods' ...
	info - 'Object' : 'Query.wizards' : 	Examining field 'Query.wizards' ...
	info - 'Operation' : 'Mutation' : Examining operation 'Mutation' ...
	info - 'Object' : 'Mutation' : Examining type 'Mutation' ...
	info - 'Object' : 'Mutation.being' : 	Examining field 'Mutation.being' ...
	info - 'Object' : 'Mutation.being' : 	Examining field argument 'Mutation.being.questor' ...
	info - 'InputObject' : 'Questor' : Examining type 'Questor' ...
	info - 'InputObject' : 'Questor.beingID' : 	Examining input field 'Questor.beingID' ...
	info - 'InputObject' : 'Questor.nestedInput' : 	Examining input field 'Questor.nestedInput' ...
	info - 'InputObject' : 'NestedInput' : Examining type 'NestedInput' ...
	info - 'InputObject' : 'NestedInput.nestedInput' : 	Examining input field 'NestedInput.nestedInput' ...
	info - 'InputObject' : 'Questor.queryTarget' : 	Examining input field 'Questor.queryTarget' ...
	info - 'Object' : 'Mutation.sword' : 	Examining field 'Mutation.sword' ...
	info - 'Object' : 'Mutation.sword' : 	Examining field argument 'Mutation.sword.alloy' ...
	info - 'Object' : 'Mutation.sword' : 	Examining field argument 'Mutation.sword.bearer' ...
	info - 'Object' : 'Mutation.sword' : 	Examining field argument 'Mutation.sword.name' ...
	info - 'Object' : 'Mutation.sword' : 	Examining field argument 'Mutation.sword.temperament' ...
	info - 'Object' : 'Mutation.being' : 	Examining field 'Mutation.being' ...
	info - 'Object' : 'Mutation.sword' : 	Examining field 'Mutation.sword' ...


1 errors
0 warnings


	info - 'Operation' : 'Query' : Examining operation 'Query' ...
	info - 'Object' : 'Query' : Examining type 'Query' ...
	info - 'Object' : 'Query.allCharacters' : 	Examining field 'Query.allCharacters' ...
	info - 'Union' : 'Character' : Examining type 'Character' ...
	info - 'Object' : 'Query.being' : 	Examining field 'Query.being' ...
	info - 'Object' : 'Query.being' : 	Examining field argument 'Query.being.id' ...
	info - 'Object' : 'Query.being' : 	Examining field argument 'Query.being.type' ...
	info - 'Interface' : 'Being' : Examining type 'Being' ...
	info - 'Interface' : 'Being.id' : 	Examining field 'Being.id' ...
	info - 'Interface' : 'Being.invitedBy' : 	Examining field 'Being.invitedBy' ...
	info - 'Interface' : 'Being.invitedBy' : 	Examining field argument 'Being.invitedBy.id' ...
	info - 'Interface' : 'Being.name' : 	Examining field 'Being.name' ...
	info - 'Interface' : 'Being.nameInQuenyan' : 	Examining field 'Being.nameInQuenyan' ...
	info - 'Interface' : 'Being.id' : 	Examining field 'Being.id' ...
	info - 'Interface' : 'Being.invitedBy' : 	Examining field 'Being.invitedBy' ...
	info - 'Interface' : 'Being.name' : 	Examining field 'Being.name' ...
	info - 'Interface' : 'Being.nameInQuenyan' : 	Examining field 'Being.nameInQuenyan' ...
	info - 'Object' : 'Query.beings' : 	Examining field 'Query.beings' ...
	info - 'Object' : 'Query.beings' : 	Examining field argument 'Query.beings.type' ...
	info - 'Object' : 'Query.customScalar' : 	Examining field 'Query.customScalar' ...
	info - 'Scalar' : 'CustomScalar' : Examining type 'CustomScalar' ...
	info - 'Object' : 'Query.deities' : 	Examining field 'Query.deities' ...
	info - 'Object' : 'Deity' : Examining type 'Deity' ...
	info - 'Object' : 'Deity.id' : 	Examining field 'Deity.id' ...
	info - 'Object' : 'Deity.invitedBy' : 	Examining field 'Deity.invitedBy' ...
	info - 'Object' : 'Deity.invitedBy' : 	Examining field argument 'Deity.invitedBy.id' ...
	info - 'Object' : 'Deity.name' : 	Examining field 'Deity.name' ...
	info - 'Object' : 'Deity.nameInQuenyan' : 	Examining field 'Deity.nameInQuenyan' ...
	info - 'Object' : 'Deity.outlook' : 	Examining field 'Deity.outlook' ...
	info - 'Object' : 'Deity.id' : 	Examining field 'Deity.id' ...
	info - 'Object' : 'Deity.invitedBy' : 	Examining field 'Deity.invitedBy' ...
	info - 'Object' : 'Deity.name' : 	Examining field 'Deity.name' ...
	info - 'Object' : 'Deity.nameInQuenyan' : 	Examining field 'Deity.nameInQuenyan' ...
	info - 'Object' : 'Deity.outlook' : 	Examining field 'Deity.outlook' ...
	info - 'Interface' : 'Being.id' : 	Examining field 'Being.id' ...
	info - 'Interface' : 'Being.invitedBy' : 	Examining field 'Being.invitedBy' ...
	info - 'Interface' : 'Being.invitedBy' : 	Examining field argument 'Being.invitedBy.id' ...
	info - 'Interface' : 'Being.name' : 	Examining field 'Being.name' ...
	info - 'Interface' : 'Being.nameInQuenyan' : 	Examining field 'Being.nameInQuenyan' ...
	info - 'Interface' : 'Being.id' : 	Examining field 'Being.id' ...
	info - 'Interface' : 'Being.invitedBy' : 	Examining field 'Being.invitedBy' ...
	info - 'Interface' : 'Being.name' : 	Examining field 'Being.name' ...
	info - 'Interface' : 'Being.nameInQuenyan' : 	Examining field 'Being.nameInQuenyan' ...
	info - 'Object' : 'Query.gods' : 	Examining field 'Query.gods' ...
	info - 'Object' : 'Ainur' : Examining type 'Ainur' ...
	info - 'Object' : 'Ainur.id' : 	Examining field 'Ainur.id' ...
	info - 'Object' : 'Ainur.invitedBy' : 	Examining field 'Ainur.invitedBy' ...
	info - 'Object' : 'Ainur.invitedBy' : 	Examining field argument 'Ainur.invitedBy.id' ...
	info - 'Object' : 'Ainur.loves' : 	Examining field 'Ainur.loves' ...
	info - 'Object' : 'Ainur.name' : 	Examining field 'Ainur.name' ...
	info - 'Object' : 'Ainur.nameInQuenyan' : 	Examining field 'Ainur.nameInQuenyan' ...
	info - 'Object' : 'Ainur.id' : 	Examining field 'Ainur.id' ...
	info - 'Object' : 'Ainur.invitedBy' : 	Examining field 'Ainur.invitedBy' ...
	info - 'Object' : 'Ainur.loves' : 	Examining field 'Ainur.loves' ...
	info - 'Object' : 'Ainur.name' : 	Examining field 'Ainur.name' ...
	info - 'Object' : 'Ainur.nameInQuenyan' : 	Examining field 'Ainur.nameInQuenyan' ...
	info - 'Interface' : 'Being.id' : 	Examining field 'Being.id' ...
	info - 'Interface' : 'Being.invitedBy' : 	Examining field 'Being.invitedBy' ...
	info - 'Interface' : 'Being.invitedBy' : 	Examining field argument 'Being.invitedBy.id' ...
	info - 'Interface' : 'Being.name' : 	Examining field 'Being.name' ...
	info - 'Interface' : 'Being.nameInQuenyan' : 	Examining field 'Being.nameInQuenyan' ...
	info - 'Interface' : 'Being.id' : 	Examining field 'Being.id' ...
	info - 'Interface' : 'Being.invitedBy' : 	Examining field 'Being.invitedBy' ...
	info - 'Interface' : 'Being.name' : 	Examining field 'Being.name' ...
	info - 'Interface' : 'Being.nameInQuenyan' : 	Examining field 'Being.nameInQuenyan' ...
	info - 'Object' : 'Query.wizards' : 	Examining field 'Query.wizards' ...
	info - 'Object' : 'Istari' : Examining type 'Istari' ...
	info - 'Object' : 'Istari.colour' : 	Examining field 'Istari.colour' ...
BREAKING - 'Object' : 'Istari.colour' : The new API is missing the field 'Istari.colour'
	info - 'Object' : 'Istari.id' : 	Examining field 'Istari.id' ...
	info - 'Object' : 'Istari.invitedBy' : 	Examining field 'Istari.invitedBy' ...
	info - 'Object' : 'Istari.invitedBy' : 	Examining field argument 'Istari.invitedBy.id' ...
	info - 'Object' : 'Istari.name' : 	Examining field 'Istari.name' ...
	info - 'Object' : 'Istari.nameInQuenyan' : 	Examining field 'Istari.nameInQuenyan' ...
	info - 'Object' : 'Istari.temperament' : 	Examining field 'Istari.temperament' ...
BREAKING - 'Object' : 'Istari.temperament' : The new API is missing the field 'Istari.temperament'
	info - 'Object' : 'Istari.id' : 	Examining field 'Istari.id' ...
	info - 'Object' : 'Istari.invitedBy' : 	Examining field 'Istari.invitedBy' ...
	info - 'Object' : 'Istari.name' : 	Examining field 'Istari.name' ...
	info - 'Object' : 'Istari.nameInQuenyan' : 	Examining field 'Istari.nameInQuenyan' ...
	info - 'Interface' : 'Being.id' : 	Examining field 'Being.id' ...
	info - 'Interface' : 'Being.invitedBy' : 	Examining field 'Being.invitedBy' ...
	info - 'Interface' : 'Being.invitedBy' : 	Examining field argument 'Being.invitedBy.id' ...
	info - 'Interface' : 'Being.name' : 	Examining field 'Being.name' ...
	info - 'Interface' : 'Being.nameInQuenyan' : 	Examining field 'Being.nameInQuenyan' ...
	info - 'Interface' : 'Being.id' : 	Examining field 'Being.id' ...
	info - 'Interface' : 'Being.invitedBy' : 	Examining field 'Being.invitedBy' ...
	info - 'Interface' : 'Being.name' : 	Examining field 'Being.name' ...
	info - 'Interface' : 'Being.nameInQuenyan' : 	Examining field 'Being.nameInQuenyan' ...
	info - 'Object' : 'Query.allCharacters' : 	Examining field 'Query.allCharacters' ...
	info - 'Object' : 'Query.being' : 	Examining field 'Query.being' ...
	info - 'Object' : 'Query.beings' : 	Examining field 'Query.beings' ...
	info - 'Object' : 'Query.customScalar' : 	Examining field 'Query.customScalar' ...
	info - 'Object' : 'Query.deities' : 	Examining field 'Query.deities' ...
	info - 'Object' : 'Query.gods' : 	Examining field 'Query.gods' ...
	info - 'Object' : 'Query.wizards' : 	Examining field 'Query.wizards' ...
	info - 'Operation' : 'Mutation' : Examining operation 'Mutation' ...
	info - 'Object' : 'Mutation' : Examining type 'Mutation' ...
	info - 'Object' : 'Mutation.being' : 	Examining field 'Mutation.being' ...
	info - 'Object' : 'Mutation.being' : 	Examining field argument 'Mutation.being.questor' ...
	info - 'InputObject' : 'Questor' : Examining type 'Questor' ...
	info - 'InputObject' : 'Questor.beingID' : 	Examining input field 'Questor.beingID' ...
	info - 'InputObject' : 'Questor.nestedInput' : 	Examining input field 'Questor.nestedInput' ...
	info - 'InputObject' : 'NestedInput' : Examining type 'NestedInput' ...
	info - 'InputObject' : 'NestedInput.nestedInput' : 	Examining input field 'NestedInput.nestedInput' ...
	info - 'InputObject' : 'Questor.queryTarget' : 	Examining input field 'Questor.queryTarget' ...
	info - 'Object' : 'Mutation.sword' : 	Examining field 'Mutation.sword' ...
	info - 'Object' : 'Mutation.sword' : 	Examining field argument 'Mutation.sword.alloy' ...
	info - 'Object' : 'Mutation.sword' : 	Examining field argument 'Mutation.sword.bearer' ...
	info - 'Object' : 'Mutation.sword' : 	Examining field argument 'Mutation.sword.name' ...
	info - 'Object' : 'Mutation.sword' : 	Examining field argument 'Mutation.sword.temperament' ...
	info - 'Enum' : 'Temperament' : Examining type 'Temperament' ...
	info - 'Object' : 'Mutation.being' : 	Examining field 'Mutation.being' ...
	info - 'Object' : 'Mutation.sword' : 	Examining field 'Mutation.sword' ...


2 errors
0 warnings


	info - 'Operation' : 'Query' : Examining operation 'Query' ...
	info - 'Object' : 'Query' : Examining type 'Query' ...
	info - 'Object' : 'Query.allCharacters' : 	Examining field 'Query.allCharacters' ...
	info - 'Union' : 'Character' : Examining type 'Character' ...
	info - 'Object' : 'Query.being' : 	Examining field 'Query.being' ...
	info - 'Object' : 'Query.being' : 	Examining field argument 'Query.being.id' ...
	info - 'Object' : 'Query.being' : 	Examining field argument 'Query.being.type' ...
	info - 'Interface' : 'Being' : Examining type 'Being' ...
	info - 'Interface' : 'Being.id' : 	Examining field 'Being.id' ...
	info - 'Interface' : 'Being.invitedBy' : 	Examining field 'Being.invitedBy' ...
	info - 'Interface' : 'Being.invitedBy' : 	Examining field argument 'Being.invitedBy.id' ...
	info - 'Interface' : 'Being.name' : 	Examining field 'Being.name' ...
	info - 'Interface' : 'Being.nameInQuenyan' : 	Examining field 'Being.nameInQuenyan' ...
	info - 'Interface' : 'Being.id' : 	Examining field 'Being.id' ...
	info - 'Interface' : 'Being.invitedBy' : 	Examining field 'Being.invitedBy' ...
	info - 'Interface' : 'Being.name' : 	Examining field 'Being.name' ...
	info - 'Interface' : 'Being.nameInQuenyan' : 	Examining field 'Being.nameInQuenyan' ...
	info - 'Object' : 'Query.beings' : 	Examining field 'Query.beings' ...
	info - 'Object' : 'Query.beings' : 	Examining field argument 'Query.beings.type' ...
	info - 'Object' : 'Query.customScalar' : 	Examining field 'Query.customScalar' ...
	info - 'Scalar' : 'CustomScalar' : Examining type 'CustomScalar' ...
	info - 'Object' : 'Query.deities' : 	Examining field 'Query.deities' ...
	info - 'Object' : 'Deity' : Examining type 'Deity' ...
	info - 'Object' : 'Deity.id' : 	Examining field 'Deity.id' ...
	info - 'Object' : 'Deity.invitedBy' : 	Examining field 'Deity.invitedBy' ...
	info - 'Object' : 'Deity.invitedBy' : 	Examining field argument 'Deity.invitedBy.id' ...
	info - 'Object' : 'Deity.name' : 	Examining field 'Deity.name' ...
	info - 'Object' : 'Deity.nameInQuenyan' : 	Examining field 'Deity.nameInQuenyan' ...
	info - 'Object' : 'Deity.outlook' : 	Examining field 'Deity.outlook' ...
	info - 'Object' : 'Deity.id' : 	Examining field 'Deity.id' ...
	info - 'Object' : 'Deity.invitedBy' : 	Examining field 'Deity.invitedBy' ...
	info - 'Object' : 'Deity.name' : 	Examining field 'Deity.name' ...
	info - 'Object' : 'Deity.nameInQuenyan' : 	Examining field 'Deity.nameInQuenyan' ...
	info - 'Object' : 'Deity.outlook' : 	Examining field 'Deity.outlook' ...
	info - 'Interface' : 'Being.id' : 	Examining field 'Being.id' ...
	info - 'Interface' : 'Being.invitedBy' : 	Examining field 'Being.invitedBy' ...
	info - 'Interface' : 'Being.invitedBy' : 	Examining field argument 'Being.invitedBy.id' ...
	info - 'Interface' : 'Being.name' : 	Examining field 'Being.name' ...
	info - 'Interface' : 'Being.nameInQuenyan' : 	Examining field 'Being.nameInQuenyan' ...
	info - 'Interface' : 'Being.id' : 	Examining field 'Being.id' ...
	info - 'Interface' : 'Being.invitedBy' : 	Examining field 'Being.invitedBy' ...
	info - 'Interface' : 'Being.name' : 	Examining field 'Being.name' ...
	info - 'Interface' : 'Being.nameInQuenyan' : 	Examining field 'Being.nameInQuenyan' ...
	info - 'Object' : 'Query.gods' : 	Examining field 'Query.gods' ...
	info - 'Object' : 'Ainur' : Examining type 'Ainur' ...
	info - 'Object' : 'Ainur.id' : 	Examining field 'Ainur.id' ...
	info - 'Object' : 'Ainur.invitedBy' : 	Examining field 'Ainur.invitedBy' ...
	info - 'Object' : 'Ainur.invitedBy' : 	Examining field argument 'Ainur.invitedBy.id' ...
	info - 'Object' : 'Ainur.loves' : 	Examining field 'Ainur.loves' ...
	info - 'Object' : 'Ainur.name' : 	Examining field 'Ainur.name' ...
	info - 'Object' : 'Ainur.nameInQuenyan' : 	Examining field 'Ainur.nameInQuenyan' ...
	info - 'Object' : 'Ainur.id' : 	Examining field 'Ainur.id' ...
	info - 'Object' : 'Ainur.invitedBy' : 	Examining field 'Ainur.invitedBy' ...
	info - 'Object' : 'Ainur.loves' : 	Examining field 'Ainur.loves' ...
	info - 'Object' : 'Ainur.name' : 	Examining field 'Ainur.name' ...
	info - 'Object' : 'Ainur.nameInQuenyan' : 	Examining field 'Ainur.nameInQuenyan' ...
	info - 'Interface' : 'Being.id' : 	Examining field 'Being.id' ...
	info - 'Interface' : 'Being.invitedBy' : 	Examining field 'Being.invitedBy' ...
	info - 'Interface' : 'Being.invitedBy' : 	Examining field argument 'Being.invitedBy.id' ...
	info - 'Interface' : 'Being.name' : 	Examining field 'Being.name' ...
	info - 'Interface' : 'Being.nameInQuenyan' : 	Examining field 'Being.nameInQuenyan' ...
	info - 'Interface' : 'Being.id' : 	Examining field 'Being.id' ...
	info - 'Interface' : 'Being.invitedBy' : 	Examining field 'Being.invitedBy' ...
	info - 'Interface' : 'Being.name' : 	Examining field 'Being.name' ...
	info - 'Interface' : 'Being.nameInQuenyan' : 	Examining field 'Being.nameInQuenyan' ...
	info - 'Object' : 'Query.wizards' : 	Examining field 'Query.wizards' ...
	info - 'Object' : 'Istari' : Examining type 'Istari' ...
	info - 'Object' : 'Istari.colour' : 	Examining field 'Istari.colour' ...
	info - 'Object' : 'Istari.id' : 	Examining field 'Istari.id' ...
	info - 'Object' : 'Istari.invitedBy' : 	Examining field 'Istari.invitedBy' ...
	info - 'Object' : 'Istari.invitedBy' : 	Examining field argument 'Istari.invitedBy.id' ...
	info - 'Object' : 'Istari.name' : 	Examining field 'Istari.name' ...
	info - 'Object' : 'Istari.nameInQuenyan' : 	Examining field 'Istari.nameInQuenyan' ...
	info - 'Object' : 'Istari.temperament' : 	Examining field 'Istari.temperament' ...
	info - 'Enum' : 'Temperament' : Examining type 'Temperament' ...
	info - 'Object' : 'Istari.colour' : 	Examining field 'Istari.colour' ...
	info - 'Object' : 'Istari.id' : 	Examining field 'Istari.id' ...
	info - 'Object' : 'Istari.invitedBy' : 	Examining field 'Istari.invitedBy' ...
	info - 'Object' : 'Istari.name' : 	Examining field 'Istari.name' ...
	info - 'Object' : 'Istari.nameInQuenyan' : 	Examining field 'Istari.nameInQuenyan' ...
	info - 'Object' : 'Istari.temperament' : 	Examining field 'Istari.temperament' ...
	info - 'Interface' : 'Being.id' : 	Examining field 'Being.id' ...
	info - 'Interface' : 'Being.invitedBy' : 	Examining field 'Being.invitedBy' ...
	info - 'Interface' : 'Being.invitedBy' : 	Examining field argument 'Being.invitedBy.id' ...
	info - 'Interface' : 'Being.name' : 	Examining field 'Being.name' ...
	info - 'Interface' : 'Being.nameInQuenyan' : 	Examining field 'Being.nameInQuenyan' ...
	info - 'Interface' : 'Being.id' : 	Examining field 'Being.id' ...
	info - 'Interface' : 'Being.invitedBy' : 	Examining field 'Being.invitedBy' ...
	info - 'Interface' : 'Being.name' : 	Examining field 'Being.name' ...
	info - 'Interface' : 'Being.nameInQuenyan' : 	Examining field 'Being.nameInQuenyan' ...
	info - 'Object' : 'Query.allCharacters' : 	Examining field 'Query.allCharacters' ...
	info - 'Object' : 'Query.being' : 	Examining field 'Query.being' ...
	info - 'Object' : 'Query.beings' : 	Examining field 'Query.beings' ...
	info - 'Object' : 'Query.customScalar' : 	Examining field 'Query.customScalar' ...
	info - 'Object' : 'Query.deities' : 	Examining field 'Query.deities' ...
	info - 'Object' : 'Query.gods' : 	Examining field 'Query.gods' ...
	info - 'Object' : 'Query.wizards' : 	Examining field 'Query.wizards' ...
	info - 'Operation' : 'Mutation' : Examining operation 'Mutation' ...
BREAKING - 'Operation' : 'Mutation' : The new API no longer has the operation 'mutation'


1 errors
0 warnings


	info - 'Operation' : 'Query' : Examining operation 'Query' ...
	info - 'Object' : 'Query' : Examining type 'Query' ...
	info - 'Object' : 'Query.allCharacters' : 	Examining field 'Query.allCharacters' ...
	info - 'Union' : 'Character' : Examining type 'Character' ...
	info - 'Object' : 'Query.being' : 	Examining field 'Query.being' ...
	info - 'Object' : 'Query.being' : 	Examining field argument 'Query.being.id' ...
	info - 'Object' : 'Query.being' : 	Examining field argument 'Query.being.type' ...
	info - 'Interface' : 'Being' : Examining type 'Being' ...
	info - 'Interface' : 'Being.id' : 	Examining field 'Being.id' ...
	info - 'Interface' : 'Being.invitedBy' : 	Examining field 'Being.invitedBy' ...
	info - 'Interface' : 'Being.invitedBy' : 	Examining field argument 'Being.invitedBy.id' ...
	info - 'Interface' : 'Being.name' : 	Examining field 'Being.name' ...
	info - 'Interface' : 'Being.nameInQuenyan' : 	Examining field 'Being.nameInQuenyan' ...
	info - 'Interface' : 'Being.id' : 	Examining field 'Being.id' ...
	info - 'Interface' : 'Being.invitedBy' : 	Examining field 'Being.invitedBy' ...
	info - 'Interface' : 'Being.name' : 	Examining field 'Being.name' ...
	info - 'Interface' : 'Being.nameInQuenyan' : 	Examining field 'Being.nameInQuenyan' ...
	info - 'Object' : 'Query.beings' : 	Examining field 'Query.beings' ...
	info - 'Object' : 'Query.beings' : 	Examining field argument 'Query.beings.type' ...
	info - 'Object' : 'Query.customScalar' : 	Examining field 'Query.customScalar' ...
	info - 'Scalar' : 'CustomScalar' : Examining type 'CustomScalar' ...
	info - 'Object' : 'Query.deities' : 	Examining field 'Query.deities' ...
	info - 'Object' : 'Deity' : Examining type 'Deity' ...
	info - 'Object' : 'Deity.id' : 	Examining field 'Deity.id' ...
	info - 'Object' : 'Deity.invitedBy' : 	Examining field 'Deity.invitedBy' ...
	info - 'Object' : 'Deity.invitedBy' : 	Examining field argument 'Deity.invitedBy.id' ...
	info - 'Object' : 'Deity.name' : 	Examining field 'Deity.name' ...
	info - 'Object' : 'Deity.nameInQuenyan' : 	Examining field 'Deity.nameInQuenyan' ...
	info - 'Object' : 'Deity.outlook' : 	Examining field 'Deity.outlook' ...
	info - 'Object' : 'Deity.id' : 	Examining field 'Deity.id' ...
	info - 'Object' : 'Deity.invitedBy' : 	Examining field 'Deity.invitedBy' ...
	info - 'Object' : 'Deity.name' : 	Examining field 'Deity.name' ...
	info - 'Object' : 'Deity.nameInQuenyan' : 	Examining field 'Deity.nameInQuenyan' ...
	info - 'Object' : 'Deity.outlook' : 	Examining field 'Deity.outlook' ...
	info - 'Interface' : 'Being.id' : 	Examining field 'Being.id' ...
	info - 'Interface' : 'Being.invitedBy' : 	Examining field 'Being.invitedBy' ...
	info - 'Interface' : 'Being.invitedBy' : 	Examining field argument 'Being.invitedBy.id' ...
	info - 'Interface' : 'Being.name' : 	Examining field 'Being.name' ...
	info - 'Interface' : 'Being.nameInQuenyan' : 	Examining field 'Being.nameInQuenyan' ...
	info - 'Interface' : 'Being.id' : 	Examining field 'Being.id' ...
	info - 'Interface' : 'Being.invitedBy' : 	Examining field 'Being.invitedBy' ...
	info - 'Interface' : 'Being.name' : 	Examining field 'Being.name' ...
	info - 'Interface' : 'Being.nameInQuenyan' : 	Examining field 'Being.nameInQuenyan' ...
	info - 'Object' : 'Query.gods' : 	Examining field 'Query.gods' ...
	info - 'Object' : 'Ainur' : Examining type 'Ainur' ...
	info - 'Object' : 'Ainur.id' : 	Examining field 'Ainur.id' ...
	info - 'Object' : 'Ainur.invitedBy' : 	Examining field 'Ainur.invitedBy' ...
	info - 'Object' : 'Ainur.invitedBy' : 	Examining field argument 'Ainur.invitedBy.id' ...
	info - 'Object' : 'Ainur.loves' : 	Examining field 'Ainur.loves' ...
	info - 'Object' : 'Ainur.name' : 	Examining field 'Ainur.name' ...
	info - 'Object' : 'Ainur.nameInQuenyan' : 	Examining field 'Ainur.nameInQuenyan' ...
	info - 'Object' : 'Ainur.id' : 	Examining field 'Ainur.id' ...
	info - 'Object' : 'Ainur.invitedBy' : 	Examining field 'Ainur.invitedBy' ...
	info - 'Object' : 'Ainur.loves' : 	Examining field 'Ainur.loves' ...
	info - 'Object' : 'Ainur.name' : 	Examining field 'Ainur.name' ...
	info - 'Object' : 'Ainur.nameInQuenyan' : 	Examining field 'Ainur.nameInQuenyan' ...
	info - 'Interface' : 'Being.id' : 	Examining field 'Being.id' ...
	info - 'Interface' : 'Being.invitedBy' : 	Examining field 'Being.invitedBy' ...
	info - 'Interface' : 'Being.invitedBy' : 	Examining field argument 'Being.invitedBy.id' ...
	info - 'Interface' : 'Being.name' : 	Examining field 'Being.name' ...
	info - 'Interface' : 'Being.nameInQuenyan' : 	Examining field 'Being.nameInQuenyan' ...
	info - 'Interface' : 'Being.id' : 	Examining field 'Being.id' ...
	info - 'Interface' : 'Being.invitedBy' : 	Examining field 'Being.invitedBy' ...
	info - 'Interface' : 'Being.name' : 	Examining field 'Being.name' ...
	info - 'Interface' : 'Being.nameInQuenyan' : 	Examining field 'Being.nameInQuenyan' ...
	info - 'Object' : 'Query.wizards' : 	Examining field 'Query.wizards' ...
	info - 'Object' : 'Istari' : Examining type 'Istari' ...
	info - 'Object' : 'Istari.colour' : 	Examining field 'Istari.colour' ...
	info - 'Object' : 'Istari.id' : 	Examining field 'Istari.id' ...
	info - 'Object' : 'Istari.invitedBy' : 	Examining field 'Istari.invitedBy' ...
	info - 'Object' : 'Istari.invitedBy' : 	Examining field argument 'Istari.invitedBy.id' ...
	info - 'Object' : 'Istari.name' : 	Examining field 'Istari.name' ...
	info - 'Object' : 'Istari.nameInQuenyan' : 	Examining field 'Istari.nameInQuenyan' ...
	info - 'Object' : 'Istari.temperament' : 	Examining field 'Istari.temperament' ...
	info - 'Enum' : 'Temperament' : Examining type 'Temperament' ...
	info - 'Object' : 'Istari.colour' : 	Examining field 'Istari.colour' ...
	info - 'Object' : 'Istari.id' : 	Examining field 'Istari.id' ...
	info - 'Object' : 'Istari.invitedBy' : 	Examining field 'Istari.invitedBy' ...
	info - 'Object' : 'Istari.name' : 	Examining field 'Istari.name' ...
	info - 'Object' : 'Istari.nameInQuenyan' : 	Examining field 'Istari.nameInQuenyan' ...
	info - 'Object' : 'Istari.temperament' : 	Examining field 'Istari.temperament' ...
	info - 'Interface' : 'Being.id' : 	Examining field 'Being.id' ...
	info - 'Interface' : 'Being.invitedBy' : 	Examining field 'Being.invitedBy' ...
	info - 'Interface' : 'Being.invitedBy' : 	Examining field argument 'Being.invitedBy.id' ...
	info - 'Interface' : 'Being.name' : 	Examining field 'Being.name' ...
	info - 'Interface' : 'Being.nameInQuenyan' : 	Examining field 'Being.nameInQuenyan' ...
	info - 'Interface' : 'Being.id' : 	Examining field 'Being.id' ...
	info - 'Interface' : 'Being.invitedBy' : 	Examining field 'Being.invitedBy' ...
	info - 'Interface' : 'Being.name' : 	Examining field 'Being.name' ...
	info - 'Interface' : 'Being.nameInQuenyan' : 	Examining field 'Being.nameInQuenyan' ...
	info - 'Object' : 'Query.allCharacters' : 	Examining field 'Query.allCharacters' ...
	info - 'Object' : 'Query.being' : 	Examining field 'Query.being' ...
	info - 'Object' : 'Query.beings' : 	Examining field 'Query.beings' ...
	info - 'Object' : 'Query.customScalar' : 	Examining field 'Query.customScalar' ...
	info - 'Object' : 'Query.deities' : 	Examining field 'Query.deities' ...
	info - 'Object' : 'Query.gods' : 	Examining field 'Query.gods' ...
	info - 'Object' : 'Query.wizards' : 	Examining field 'Query.wizards' ...
	info - 'Operation' : 'Mutation' : Examining operation 'Mutation' ...
	info - 'Object' : 'Mutation' : Examining type 'Mutation' ...
	info - 'Object' : 'Mutation.being' : 	Examining field 'Mutation.being' ...
	info - 'Object' : 'Mutation.being' : 	Examining field argument 'Mutation.being.questor' ...
	info - 'InputObject' : 'Questor' : Examining type 'Questor' ...
	info - 'InputObject' : 'Questor.beingID' : 	Examining input field 'Questor.beingID' ...
	info - 'InputObject' : 'Questor.nestedInput' : 	Examining input field 'Questor.nestedInput' ...
	info - 'InputObject' : 'NestedInput' : Examining type 'NestedInput' ...
	info - 'InputObject' : 'NestedInput.nestedInput' : 	Examining input field 'NestedInput.nestedInput' ...
	info - 'InputObject' : 'Questor.queryTarget' : 	Examining input field 'Questor.queryTarget' ...
BREAKING - 'InputObject' : 'Questor.queryTarget' : The new API is missing an input field 'Questor.queryTarget'
	info - 'Object' : 'Mutation.sword' : 	Examining field 'Mutation.sword' ...
	info - 'Object' : 'Mutation.sword' : 	Examining field argument 'Mutation.sword.alloy' ...
	info - 'Object' : 'Mutation.sword' : 	Examining field argument 'Mutation.sword.bearer' ...
	info - 'Object' : 'Mutation.sword' : 	Examining field argument 'Mutation.sword.name' ...
	info - 'Object' : 'Mutation.sword' : 	Examining field argument 'Mutation.sword.temperament' ...
	info - 'Object' : 'Mutation.being' : 	Examining field 'Mutation.being' ...
	info - 'Object' : 'Mutation.sword' : 	Examining field 'Mutation.sword' ...


1 errors
0 warnings


	info - 'Operation' : 'Query' : Examining operation 'Query' ...
	info - 'Object' : 'Query' : Examining type 'Query' ...
	info - 'Object' : 'Query.allCharacters' : 	Examining field 'Query.allCharacters' ...
	info - 'Union' : 'Character' : Examining type 'Character' ...
	info - 'Object' : 'Query.being' : 	Examining field 'Query.being' ...
	info - 'Object' : 'Query.being' : 	Examining field argument 'Query.being.id' ...
	info - 'Object' : 'Query.being' : 	Examining field argument 'Query.being.type' ...
	info - 'Interface' : 'Being' : Examining type 'Being' ...
	info - 'Interface' : 'Being.id' : 	Examining field 'Being.id' ...
	info - 'Interface' : 'Being.invitedBy' : 	Examining field 'Being.invitedBy' ...
	info - 'Interface' : 'Being.invitedBy' : 	Examining field argument 'Being.invitedBy.id' ...
	info - 'Interface' : 'Being.name' : 	Examining field 'Being.name' ...
	info - 'Interface' : 'Being.nameInQuenyan' : 	Examining field 'Being.nameInQuenyan' ...
	info - 'Interface' : 'Being.id' : 	Examining field 'Being.id' ...
	info - 'Interface' : 'Being.invitedBy' : 	Examining field 'Being.invitedBy' ...
	info - 'Interface' : 'Being.name' : 	Examining field 'Being.name' ...
	info - 'Interface' : 'Being.nameInQuenyan' : 	Examining field 'Being.nameInQuenyan' ...
	info - 'Object' : 'Query.beings' : 	Examining field 'Query.beings' ...
	info - 'Object' : 'Query.beings' : 	Examining field argument 'Query.beings.type' ...
	info - 'Object' : 'Query.customScalar' : 	Examining field 'Query.customScalar' ...
	info - 'Scalar' : 'CustomScalar' : Examining type 'CustomScalar' ...
	info - 'Object' : 'Query.deities' : 	Examining field 'Query.deities' ...
	info - 'Object' : 'Deity' : Examining type 'Deity' ...
	info - 'Object' : 'Deity.id' : 	Examining field 'Deity.id' ...
	info - 'Object' : 'Deity.invitedBy' : 	Examining field 'Deity.invitedBy' ...
	info - 'Object' : 'Deity.invitedBy' : 	Examining field argument 'Deity.invitedBy.id' ...
	info - 'Object' : 'Deity.name' : 	Examining field 'Deity.name' ...
	info - 'Object' : 'Deity.nameInQuenyan' : 	Examining field 'Deity.nameInQuenyan' ...
	info - 'Object' : 'Deity.outlook' : 	Examining field 'Deity.outlook' ...
	info - 'Object' : 'Deity.id' : 	Examining field 'Deity.id' ...
	info - 'Object' : 'Deity.invitedBy' : 	Examining field 'Deity.invitedBy' ...
	info - 'Object' : 'Deity.name' : 	Examining field 'Deity.name' ...
	info - 'Object' : 'Deity.nameInQuenyan' : 	Examining field 'Deity.nameInQuenyan' ...
	info - 'Object' : 'Deity.outlook' : 	Examining field 'Deity.outlook' ...
	info - 'Interface' : 'Being.id' : 	Examining field 'Being.id' ...
	info - 'Interface' : 'Being.invitedBy' : 	Examining field 'Being.invitedBy' ...
	info - 'Interface' : 'Being.invitedBy' : 	Examining field argument 'Being.invitedBy.id' ...
	info - 'Interface' : 'Being.name' : 	Examining field 'Being.name' ...
	info - 'Interface' : 'Being.nameInQuenyan' : 	Examining field 'Being.nameInQuenyan' ...
	info - 'Interface' : 'Being.id' : 	Examining field 'Being.id' ...
	info - 'Interface' : 'Being.invitedBy' : 	Examining field 'Being.invitedBy' ...
	info - 'Interface' : 'Being.name' : 	Examining field 'Being.name' ...
	info - 'Interface' : 'Being.nameInQuenyan' : 	Examining field 'Being.nameInQuenyan' ...
	info - 'Object' : 'Query.gods' : 	Examining field 'Query.gods' ...
	info - 'Object' : 'Ainur' : Examining type 'Ainur' ...
	info - 'Object' : 'Ainur.id' : 	Examining field 'Ainur.id' ...
	info - 'Object' : 'Ainur.invitedBy' : 	Examining field 'Ainur.invitedBy' ...
	info - 'Object' : 'Ainur.invitedBy' : 	Examining field argument 'Ainur.invitedBy.id' ...
	info - 'Object' : 'Ainur.loves' : 	Examining field 'Ainur.loves' ...
	info - 'Object' : 'Ainur.name' : 	Examining field 'Ainur.name' ...
	info - 'Object' : 'Ainur.nameInQuenyan' : 	Examining field 'Ainur.nameInQuenyan' ...
	info - 'Object' : 'Ainur.id' : 	Examining field 'Ainur.id' ...
	info - 'Object' : 'Ainur.invitedBy' : 	Examining field 'Ainur.invitedBy' ...
	info - 'Object' : 'Ainur.loves' : 	Examining field 'Ainur.loves' ...
	info - 'Object' : 'Ainur.name' : 	Examining field 'Ainur.name' ...
	info - 'Object' : 'Ainur.nameInQuenyan' : 	Examining field 'Ainur.nameInQuenyan' ...
	info - 'Interface' : 'Being.id' : 	Examining field 'Being.id' ...
	info - 'Interface' : 'Being.invitedBy' : 	Examining field 'Being.invitedBy' ...
	info - 'Interface' : 'Being.invitedBy' : 	Examining field argument 'Being.invitedBy.id' ...
	info - 'Interface' : 'Being.name' : 	Examining field 'Being.name' ...
	info - 'Interface' : 'Being.nameInQuenyan' : 	Examining field 'Being.nameInQuenyan' ...
	info - 'Interface' : 'Being.id' : 	Examining field 'Being.id' ...
	info - 'Interface' : 'Being.invitedBy' : 	Examining field 'Being.invitedBy' ...
	info - 'Interface' : 'Being.name' : 	Examining field 'Being.name' ...
	info - 'Interface' : 'Being.nameInQuenyan' : 	Examining field 'Being.nameInQuenyan' ...
	info - 'Object' : 'Query.wizards' : 	Examining field 'Query.wizards' ...
	info - 'Object' : 'Istari' : Examining type 'Istari' ...
	info - 'Object' : 'Istari.colour' : 	Examining field 'Istari.colour' ...
	info - 'Object' : 'Istari.id' : 	Examining field 'Istari.id' ...
	info - 'Object' : 'Istari.invitedBy' : 	Examining field 'Istari.invitedBy' ...
	info - 'Object' : 'Istari.invitedBy' : 	Examining field argument 'Istari.invitedBy.id' ...
	info - 'Object' : 'Istari.name' : 	Examining field 'Istari.name' ...
	info - 'Object' : 'Istari.nameInQuenyan' : 	Examining field 'Istari.nameInQuenyan' ...
	info - 'Object' : 'Istari.temperament' : 	Examining field 'Istari.temperament' ...
	info - 'Enum' : 'Temperament' : Examining type 'Temperament' ...
	info - 'Object' : 'Istari.colour' : 	Examining field 'Istari.colour' ...
	info - 'Object' : 'Istari.id' : 	Examining field 'Istari.id' ...
	info - 'Object' : 'Istari.invitedBy' : 	Examining field 'Istari.invitedBy' ...
	info - 'Object' : 'Istari.name' : 	Examining field 'Istari.name' ...
	info - 'Object' : 'Istari.nameInQuenyan' : 	Examining field 'Istari.nameInQuenyan' ...
	info - 'Object' : 'Istari.temperament' : 	Examining field 'Istari.temperament' ...
	info - 'Interface' : 'Being.id' : 	Examining field 'Being.id' ...
	info - 'Interface' : 'Being.invitedBy' : 	Examining field 'Being.invitedBy' ...
	info - 'Interface' : 'Being.invitedBy' : 	Examining field argument 'Being.invitedBy.id' ...
	info - 'Interface' : 'Being.name' : 	Examining field 'Being.name' ...
	info - 'Interface' : 'Being.nameInQuenyan' : 	Examining field 'Being.nameInQuenyan' ...
	info - 'Interface' : 'Being.id' : 	Examining field 'Being.id' ...
	info - 'Interface' : 'Being.invitedBy' : 	Examining field 'Being.invitedBy' ...
	info - 'Interface' : 'Being.name' : 	Examining field 'Being.name' ...
	info - 'Interface' : 'Being.nameInQuenyan' : 	Examining field 'Being.nameInQuenyan' ...
	info - 'Object' : 'Query.allCharacters' : 	Examining field 'Query.allCharacters' ...
	info - 'Object' : 'Query.being' : 	Examining field 'Query.being' ...
	info - 'Object' : 'Query.beings' : 	Examining field 'Query.beings' ...
	info - 'Object' : 'Query.customScalar' : 	Examining field 'Query.customScalar' ...
	info - 'Object' : 'Query.deities' : 	Examining field 'Query.deities' ...
	info - 'Object' : 'Query.gods' : 	Examining field 'Query.gods' ...
	info - 'Object' : 'Query.wizards' : 	Examining field 'Query.wizards' ...
	info - 'Operation' : 'Mutation' : Examining operation 'Mutation' ...
	info - 'Object' : 'Mutation' : Examining type 'Mutation' ...
	info - 'Object' : 'Mutation.being' : 	Examining field 'Mutation.being' ...
	info - 'Object' : 'Mutation.being' : 	Examining field argument 'Mutation.being.questor' ...
	info - 'InputObject' : 'Questor' : Examining type 'Questor' ...
	info - 'InputObject' : 'Questor.beingID' : 	Examining input field 'Questor.beingID' ...
	info - 'InputObject' : 'Questor.nestedInput' : 	Examining input field 'Questor.nestedInput' ...
	info - 'InputObject' : 'NestedInput' : Examining type 'NestedInput' ...
	info - 'InputObject' : 'NestedInput.nestedInput' : 	Examining input field 'NestedInput.nestedInput' ...
BREAKING - 'InputObject' : 'NestedInput.nestedInput' : The new API has changed input field 'nestedInput' from type 'String' to 'Int'
	info - 'InputObject' : 'Questor.queryTarget' : 	Examining input field 'Questor.queryTarget' ...
	info - 'Object' : 'Mutation.sword' : 	Examining field 'Mutation.sword' ...
	info - 'Object' : 'Mutation.sword' : 	Examining field argument 'Mutation.sword.alloy' ...
	info - 'Object' : 'Mutation.sword' : 	Examining field argument 'Mutation.sword.bearer' ...
	info - 'Object' : 'Mutation.sword' : 	Examining field argument 'Mutation.sword.name' ...
	info - 'Object' : 'Mutation.sword' : 	Examining field argument 'Mutation.sword.temperament' ...
	info - 'Object' : 'Mutation.being' : 	Examining field 'Mutation.being' ...
	info - 'Object' : 'Mutation.sword' : 	Examining field 'Mutation.sword' ...


1 errors
0 warnings


	info - 'Operation' : 'Query' : Examining operation 'Query' ...
	info - 'Object' : 'Query' : Examining type 'Query' ...
	info - 'Object' : 'Query.allCharacters' : 	Examining field 'Query.allCharacters' ...
	info - 'Union' : 'Character' : Examining type 'Character' ...
	info - 'Object' : 'Query.being' : 	Examining field 'Query.being' ...
	info - 'Object' : 'Query.being' : 	Examining field argument 'Query.being.id' ...
	info - 'Object' : 'Query.being' : 	Examining field argument 'Query.being.type' ...
	info - 'Interface' : 'Being' : Examining type 'Being' ...
	info - 'Interface' : 'Being.id' : 	Examining field 'Being.id' ...
	info - 'Interface' : 'Being.invitedBy' : 	Examining field 'Being.invitedBy' ...
	info - 'Interface' : 'Being.invitedBy' : 	Examining field argument 'Being.invitedBy.id' ...
	info - 'Interface' : 'Being.name' : 	Examining field 'Being.name' ...
	info - 'Interface' : 'Being.nameInQuenyan' : 	Examining field 'Being.nameInQuenyan' ...
	info - 'Interface' : 'Being.id' : 	Examining field 'Being.id' ...
	info - 'Interface' : 'Being.invitedBy' : 	Examining field 'Being.invitedBy' ...
	info - 'Interface' : 'Being.name' : 	Examining field 'Being.name' ...
	info - 'Interface' : 'Being.nameInQuenyan' : 	Examining field 'Being.nameInQuenyan' ...
	info - 'Object' : 'Query.beings' : 	Examining field 'Query.beings' ...
	info - 'Object' : 'Query.beings' : 	Examining field argument 'Query.beings.type' ...
	info - 'Object' : 'Query.customScalar' : 	Examining field 'Query.customScalar' ...
	info - 'Scalar' : 'CustomScalar' : Examining type 'CustomScalar' ...
	info - 'Object' : 'Query.deities' : 	Examining field 'Query.deities' ...
	info - 'Object' : 'Deity' : Examining type 'Deity' ...
	info - 'Object' : 'Deity.id' : 	Examining field 'Deity.id' ...
	info - 'Object' : 'Deity.invitedBy' : 	Examining field 'Deity.invitedBy' ...
	info - 'Object' : 'Deity.invitedBy' : 	Examining field argument 'Deity.invitedBy.id' ...
	info - 'Object' : 'Deity.name' : 	Examining field 'Deity.name' ...
	info - 'Object' : 'Deity.nameInQuenyan' : 	Examining field 'Deity.nameInQuenyan' ...
	info - 'Object' : 'Deity.outlook' : 	Examining field 'Deity.outlook' ...
	info - 'Object' : 'Deity.id' : 	Examining field 'Deity.id' ...
	info - 'Object' : 'Deity.invitedBy' : 	Examining field 'Deity.invitedBy' ...
	info - 'Object' : 'Deity.name' : 	Examining field 'Deity.name' ...
	info - 'Object' : 'Deity.nameInQuenyan' : 	Examining field 'Deity.nameInQuenyan' ...
	info - 'Object' : 'Deity.outlook' : 	Examining field 'Deity.outlook' ...
	info - 'Interface' : 'Being.id' : 	Examining field 'Being.id' ...
	info - 'Interface' : 'Being.invitedBy' : 	Examining field 'Being.invitedBy' ...
	info - 'Interface' : 'Being.invitedBy' : 	Examining field argument 'Being.invitedBy.id' ...
	info - 'Interface' : 'Being.name' : 	Examining field 'Being.name' ...
	info - 'Interface' : 'Being.nameInQuenyan' : 	Examining field 'Being.nameInQuenyan' ...
	info - 'Interface' : 'Being.id' : 	Examining field 'Being.id' ...
	info - 'Interface' : 'Being.invitedBy' : 	Examining field 'Being.invitedBy' ...
	info - 'Interface' : 'Being.name' : 	Examining field 'Being.name' ...
	info - 'Interface' : 'Being.nameInQuenyan' : 	Examining field 'Being.nameInQuenyan' ...
	info - 'Object' : 'Query.gods' : 	Examining field 'Query.gods' ...
	info - 'Object' : 'Ainur' : Examining type 'Ainur' ...
	info - 'Object' : 'Ainur.id' : 	Examining field 'Ainur.id' ...
	info - 'Object' : 'Ainur.invitedBy' : 	Examining field 'Ainur.invitedBy' ...
	info - 'Object' : 'Ainur.invitedBy' : 	Examining field argument 'Ainur.invitedBy.id' ...
	info - 'Object' : 'Ainur.loves' : 	Examining field 'Ainur.loves' ...
	info - 'Object' : 'Ainur.name' : 	Examining field 'Ainur.name' ...
	info - 'Object' : 'Ainur.nameInQuenyan' : 	Examining field 'Ainur.nameInQuenyan' ...
	info - 'Object' : 'Ainur.id' : 	Examining field 'Ainur.id' ...
	info - 'Object' : 'Ainur.invitedBy' : 	Examining field 'Ainur.invitedBy' ...
	info - 'Object' : 'Ainur.loves' : 	Examining field 'Ainur.loves' ...
	info - 'Object' : 'Ainur.name' : 	Examining field 'Ainur.name' ...
	info - 'Object' : 'Ainur.nameInQuenyan' : 	Examining field 'Ainur.nameInQuenyan' ...
	info - 'Interface' : 'Being.id' : 	Examining field 'Being.id' ...
	info - 'Interface' : 'Being.invitedBy' : 	Examining field 'Being.invitedBy' ...
	info - 'Interface' : 'Being.invitedBy' : 	Examining field argument 'Being.invitedBy.id' ...
	info - 'Interface' : 'Being.name' : 	Examining field 'Being.name' ...
	info - 'Interface' : 'Being.nameInQuenyan' : 	Examining field 'Being.nameInQuenyan' ...
	info - 'Interface' : 'Being.id' : 	Examining field 'Being.id' ...
	info - 'Interface' : 'Being.invitedBy' : 	Examining field 'Being.invitedBy' ...
	info - 'Interface' : 'Being.name' : 	Examining field 'Being.name' ...
	info - 'Interface' : 'Being.nameInQuenyan' : 	Examining field 'Being.nameInQuenyan' ...
	info - 'Object' : 'Query.wizards' : 	Examining field 'Query.wizards' ...
	info - 'Object' : 'Istari' : Examining type 'Istari' ...
	info - 'Object' : 'Istari.colour' : 	Examining field 'Istari.colour' ...
	info - 'Object' : 'Istari.id' : 	Examining field 'Istari.id' ...
	info - 'Object' : 'Istari.invitedBy' : 	Examining field 'Istari.invitedBy' ...
	info - 'Object' : 'Istari.invitedBy' : 	Examining field argument 'Istari.invitedBy.id' ...
	info - 'Object' : 'Istari.name' : 	Examining field 'Istari.name' ...
	info - 'Object' : 'Istari.nameInQuenyan' : 	Examining field 'Istari.nameInQuenyan' ...
	info - 'Object' : 'Istari.temperament' : 	Examining field 'Istari.temperament' ...
	info - 'Enum' : 'Temperament' : Examining type 'Temperament' ...
	info - 'Object' : 'Istari.colour' : 	Examining field 'Istari.colour' ...
	info - 'Object' : 'Istari.id' : 	Examining field 'Istari.id' ...
	info - 'Object' : 'Istari.invitedBy' : 	Examining field 'Istari.invitedBy' ...
	info - 'Object' : 'Istari.name' : 	Examining field 'Istari.name' ...
	info - 'Object' : 'Istari.nameInQuenyan' : 	Examining field 'Istari.nameInQuenyan' ...
	info - 'Object' : 'Istari.temperament' : 	Examining field 'Istari.temperament' ...
	info - 'Interface' : 'Being.id' : 	Examining field 'Being.id' ...
	info - 'Interface' : 'Being.invitedBy' : 	Examining field 'Being.invitedBy' ...
	info - 'Interface' : 'Being.invitedBy' : 	Examining field argument 'Being.invitedBy.id' ...
	info - 'Interface' : 'Being.name' : 	Examining field 'Being.name' ...
	info - 'Interface' : 'Being.nameInQuenyan' : 	Examining field 'Being.nameInQuenyan' ...
	info - 'Interface' : 'Being.id' : 	Examining field 'Being.id' ...
	info - 'Interface' : 'Being.invitedBy' : 	Examining field 'Being.invitedBy' ...
	info - 'Interface' : 'Being.name' : 	Examining field 'Being.name' ...
	info - 'Interface' : 'Being.nameInQuenyan' : 	Examining field 'Being.nameInQuenyan' ...
	info - 'Object' : 'Query.allCharacters' : 	Examining field 'Query.allCharacters' ...
	info - 'Object' : 'Query.being' : 	Examining field 'Query.being' ...
	info - 'Object' : 'Query.beings' : 	Examining field 'Query.beings' ...
	info - 'Object' : 'Query.customScalar' : 	Examining field 'Query.customScalar' ...
	info - 'Object' : 'Query.deities' : 	Examining field 'Query.deities' ...
	info - 'Object' : 'Query.gods' : 	Examining field 'Query.gods' ...
	info - 'Object' : 'Query.wizards' : 	Examining field 'Query.wizards' ...
	info - 'Operation' : 'Mutation' : Examining operation 'Mutation' ...
	info - 'Object' : 'Mutation' : Examining type 'Mutation' ...
	info - 'Object' : 'Mutation.being' : 	Examining field 'Mutation.being' ...
	info - 'Object' : 'Mutation.being' : 	Examining field argument 'Mutation.being.questor' ...
	info - 'InputObject' : 'Questor' : Examining type 'Questor' ...
	info - 'InputObject' : 'Questor.beingID' : 	Examining input field 'Questor.beingID' ...
	info - 'InputObject' : 'Questor.nestedInput' : 	Examining input field 'Questor.nestedInput' ...
	info - 'InputObject' : 'NestedInput' : Examining type 'NestedInput' ...
	info - 'InputObject' : 'NestedInput.nestedInput' : 	Examining input field 'NestedInput.nestedInput' ...
	info - 'InputObject' : 'Questor.queryTarget' : 	Examining input field 'Questor.queryTarget' ...
BREAKING - 'InputObject' : 'Questor.queryTarget' : The new API has changed input field 'queryTarget' from type 'String' to 'Int'
BREAKING - 'InputObject' : 'Questor.newMandatoryField' : The new API has made the new input field 'newMandatoryField' non null and hence more strict for old consumers
	info - 'Object' : 'Mutation.sword' : 	Examining field 'Mutation.sword' ...
	info - 'Object' : 'Mutation.sword' : 	Examining field argument 'Mutation.sword.alloy' ...
	info - 'Object' : 'Mutation.sword' : 	Examining field argument 'Mutation.sword.bearer' ...
	info - 'Object' : 'Mutation.sword' : 	Examining field argument 'Mutation.sword.name' ...
	info - 'Object' : 'Mutation.sword' : 	Examining field argument 'Mutation.sword.temperament' ...
	info - 'Object' : 'Mutation.being' : 	Examining field 'Mutation.being' ...
	info - 'Object' : 'Mutation.sword' : 	Examining field 'Mutation.sword' ...


2 errors
0 warnings


	info - 'Operation' : 'Query' : Examining operation 'Query' ...
	info - 'Object' : 'Query' : Examining type 'Query' ...
	info - 'Object' : 'Query.allCharacters' : 	Examining field 'Query.allCharacters' ...
	info - 'Union' : 'Character' : Examining type 'Character' ...
BREAKING - 'Union' : 'Character' : The new API has changed 'Character' from a 'Union' to a 'Object'
	info - 'Object' : 'Query.being' : 	Examining field 'Query.being' ...
	info - 'Object' : 'Query.being' : 	Examining field argument 'Query.being.id' ...
	info - 'Object' : 'Query.being' : 	Examining field argument 'Query.being.type' ...
	info - 'Interface' : 'Being' : Examining type 'Being' ...
	info - 'Interface' : 'Being.id' : 	Examining field 'Being.id' ...
	info - 'Interface' : 'Being.invitedBy' : 	Examining field 'Being.invitedBy' ...
	info - 'Interface' : 'Being.invitedBy' : 	Examining field argument 'Being.invitedBy.id' ...
	info - 'Interface' : 'Being.name' : 	Examining field 'Being.name' ...
	info - 'Interface' : 'Being.nameInQuenyan' : 	Examining field 'Being.nameInQuenyan' ...
	info - 'Interface' : 'Being.id' : 	Examining field 'Being.id' ...
	info - 'Interface' : 'Being.invitedBy' : 	Examining field 'Being.invitedBy' ...
	info - 'Interface' : 'Being.name' : 	Examining field 'Being.name' ...
	info - 'Interface' : 'Being.nameInQuenyan' : 	Examining field 'Being.nameInQuenyan' ...
	info - 'Object' : 'Query.beings' : 	Examining field 'Query.beings' ...
	info - 'Object' : 'Query.beings' : 	Examining field argument 'Query.beings.type' ...
	info - 'Object' : 'Query.customScalar' : 	Examining field 'Query.customScalar' ...
	info - 'Scalar' : 'CustomScalar' : Examining type 'CustomScalar' ...
	info - 'Object' : 'Query.deities' : 	Examining field 'Query.deities' ...
	info - 'Object' : 'Deity' : Examining type 'Deity' ...
	info - 'Object' : 'Deity.id' : 	Examining field 'Deity.id' ...
	info - 'Object' : 'Deity.invitedBy' : 	Examining field 'Deity.invitedBy' ...
	info - 'Object' : 'Deity.invitedBy' : 	Examining field argument 'Deity.invitedBy.id' ...
	info - 'Object' : 'Deity.name' : 	Examining field 'Deity.name' ...
	info - 'Object' : 'Deity.nameInQuenyan' : 	Examining field 'Deity.nameInQuenyan' ...
	info - 'Object' : 'Deity.outlook' : 	Examining field 'Deity.outlook' ...
	info - 'Object' : 'Deity.id' : 	Examining field 'Deity.id' ...
	info - 'Object' : 'Deity.invitedBy' : 	Examining field 'Deity.invitedBy' ...
	info - 'Object' : 'Deity.name' : 	Examining field 'Deity.name' ...
	info - 'Object' : 'Deity.nameInQuenyan' : 	Examining field 'Deity.nameInQuenyan' ...
	info - 'Object' : 'Deity.outlook' : 	Examining field 'Deity.outlook' ...
	info - 'Interface' : 'Being.id' : 	Examining field 'Being.id' ...
	info - 'Interface' : 'Being.invitedBy' : 	Examining field 'Being.invitedBy' ...
	info - 'Interface' : 'Being.invitedBy' : 	Examining field argument 'Being.invitedBy.id' ...
	info - 'Interface' : 'Being.name' : 	Examining field 'Being.name' ...
	info - 'Interface' : 'Being.nameInQuenyan' : 	Examining field 'Being.nameInQuenyan' ...
	info - 'Interface' : 'Being.id' : 	Examining field 'Being.id' ...
	info - 'Interface' : 'Being.invitedBy' : 	Examining field 'Being.invitedBy' ...
	info - 'Interface' : 'Being.name' : 	Examining field 'Being.name' ...
	info - 'Interface' : 'Being.nameInQuenyan' : 	Examining field 'Being.nameInQuenyan' ...
	info - 'Object' : 'Query.gods' : 	Examining field 'Query.gods' ...
	info - 'Object' : 'Ainur' : Examining type 'Ainur' ...
	info - 'Object' : 'Ainur.id' : 	Examining field 'Ainur.id' ...
	info - 'Object' : 'Ainur.invitedBy' : 	Examining field 'Ainur.invitedBy' ...
	info - 'Object' : 'Ainur.invitedBy' : 	Examining field argument 'Ainur.invitedBy.id' ...
	info - 'Object' : 'Ainur.loves' : 	Examining field 'Ainur.loves' ...
	info - 'Object' : 'Ainur.name' : 	Examining field 'Ainur.name' ...
	info - 'Object' : 'Ainur.nameInQuenyan' : 	Examining field 'Ainur.nameInQuenyan' ...
	info - 'Object' : 'Ainur.id' : 	Examining field 'Ainur.id' ...
	info - 'Object' : 'Ainur.invitedBy' : 	Examining field 'Ainur.invitedBy' ...
	info - 'Object' : 'Ainur.loves' : 	Examining field 'Ainur.loves' ...
	info - 'Object' : 'Ainur.name' : 	Examining field 'Ainur.name' ...
	info - 'Object' : 'Ainur.nameInQuenyan' : 	Examining field 'Ainur.nameInQuenyan' ...
	info - 'Interface' : 'Being.id' : 	Examining field 'Being.id' ...
	info - 'Interface' : 'Being.invitedBy' : 	Examining field 'Being.invitedBy' ...
	info - 'Interface' : 'Being.invitedBy' : 	Examining field argument 'Being.invitedBy.id' ...
	info - 'Interface' : 'Being.name' : 	Examining field 'Being.name' ...
	info - 'Interface' : 'Being.nameInQuenyan' : 	Examining field 'Being.nameInQuenyan' ...
	info - 'Interface' : 'Being.id' : 	Examining field 'Being.id' ...
	info - 'Interface' : 'Being.invitedBy' : 	Examining field 'Being.invitedBy' ...
	info - 'Interface' : 'Being.name' : 	Examining field 'Being.name' ...
	info - 'Interface' : 'Being.nameInQuenyan' : 	Examining field 'Being.nameInQuenyan' ...
	info - 'Object' : 'Query.wizards' : 	Examining field 'Query.wizards' ...
	info - 'Object' : 'Istari' : Examining type 'Istari' ...
	info - 'Object' : 'Istari.colour' : 	Examining field 'Istari.colour' ...
	info - 'Object' : 'Istari.id' : 	Examining field 'Istari.id' ...
	info - 'Object' : 'Istari.invitedBy' : 	Examining field 'Istari.invitedBy' ...
	info - 'Object' : 'Istari.invitedBy' : 	Examining field argument 'Istari.invitedBy.id' ...
	info - 'Object' : 'Istari.name' : 	Examining field 'Istari.name' ...
	info - 'Object' : 'Istari.nameInQuenyan' : 	Examining field 'Istari.nameInQuenyan' ...
	info - 'Object' : 'Istari.temperament' : 	Examining field 'Istari.temperament' ...
	info - 'Enum' : 'Temperament' : Examining type 'Temperament' ...
	info - 'Object' : 'Istari.colour' : 	Examining field 'Istari.colour' ...
	info - 'Object' : 'Istari.id' : 	Examining field 'Istari.id' ...
	info - 'Object' : 'Istari.invitedBy' : 	Examining field 'Istari.invitedBy' ...
	info - 'Object' : 'Istari.name' : 	Examining field 'Istari.name' ...
	info - 'Object' : 'Istari.nameInQuenyan' : 	Examining field 'Istari.nameInQuenyan' ...
	info - 'Object' : 'Istari.temperament' : 	Examining field 'Istari.temperament' ...
	info - 'Interface' : 'Being.id' : 	Examining field 'Being.id' ...
	info - 'Interface' : 'Being.invitedBy' : 	Examining field 'Being.invitedBy' ...
	info - 'Interface' : 'Being.invitedBy' : 	Examining field argument 'Being.invitedBy.id' ...
	info - 'Interface' : 'Being.name' : 	Examining field 'Being.name' ...
	info - 'Interface' : 'Being.nameInQuenyan' : 	Examining field 'Being.nameInQuenyan' ...
	info - 'Interface' : 'Being.id' : 	Examining field 'Being.id' ...
	info - 'Interface' : 'Being.invitedBy' : 	Examining field 'Being.invitedBy' ...
	info - 'Interface' : 'Being.name' : 	Examining field 'Being.name' ...
	info - 'Interface' : 'Being.nameInQuenyan' : 	Examining field 'Being.nameInQuenyan' ...
	info - 'Object' : 'Query.allCharacters' : 	Examining field 'Query.allCharacters' ...
	info - 'Object' : 'Query.being' : 	Examining field 'Query.being' ...
	info - 'Object' : 'Query.beings' : 	Examining field 'Query.beings' ...
	info - 'Object' : 'Query.customScalar' : 	Examining field 'Query.customScalar' ...
	info - 'Object' : 'Query.deities' : 	Examining field 'Query.deities' ...
	info - 'Object' : 'Query.gods' : 	Examining field 'Query.gods' ...
	info - 'Object' : 'Query.wizards' : 	Examining field 'Query.wizards' ...
	info - 'Operation' : 'Mutation' : Examining operation 'Mutation' ...
	info - 'Object' : 'Mutation' : Examining type 'Mutation' ...
	info - 'Object' : 'Mutation.being' : 	Examining field 'Mutation.being' ...
	info - 'Object' : 'Mutation.being' : 	Examining field argument 'Mutation.being.questor' ...
	info - 'InputObject' : 'Questor' : Examining type 'Questor' ...
	info - 'InputObject' : 'Questor.beingID' : 	Examining input field 'Questor.beingID' ...
	info - 'InputObject' : 'Questor.nestedInput' : 	Examining input field 'Questor.nestedInput' ...
	info - 'InputObject' : 'NestedInput' : Examining type 'NestedInput' ...
	info - 'InputObject' : 'NestedInput.nestedInput' : 	Examining input field 'NestedInput.nestedInput' ...
	info - 'InputObject' : 'Questor.queryTarget' : 	Examining input field 'Questor.queryTarget' ...
	info - 'Object' : 'Mutation.sword' : 	Examining field 'Mutation.sword' ...
	info - 'Object' : 'Mutation.sword' : 	Examining field argument 'Mutation.sword.alloy' ...
	info - 'Object' : 'Mutation.sword' : 	Examining field argument 'Mutation.sword.bearer' ...
	info - 'Object' : 'Mutation.sword' : 	Examining field argument 'Mutation.sword.name' ...
	info - 'Object' : 'Mutation.sword' : 	Examining field argument 'Mutation.sword.temperament' ...
	info - 'Object' : 'Mutation.being' : 	Examining field 'Mutation.being' ...
	info - 'Object' : 'Mutation.sword' : 	Examining field 'Mutation.sword' ...


1 errors
0 warnings


	info - 'Operation' : 'Query' : Examining operation 'Query' ...
	info - 'Object' : 'Query' : Examining type 'Query' ...
	info - 'Object' : 'Query.allCharacters' : 	Examining field 'Query.allCharacters' ...
	info - 'Union' : 'Character' : Examining type 'Character' ...
	info - 'Object' : 'Query.being' : 	Examining field 'Query.being' ...
	info - 'Object' : 'Query.being' : 	Examining field argument 'Query.being.id' ...
	info - 'Object' : 'Query.being' : 	Examining field argument 'Query.being.type' ...
	info - 'Interface' : 'Being' : Examining type 'Being' ...
	info - 'Interface' : 'Being.id' : 	Examining field 'Being.id' ...
	info - 'Interface' : 'Being.invitedBy' : 	Examining field 'Being.invitedBy' ...
	info - 'Interface' : 'Being.invitedBy' : 	Examining field argument 'Being.invitedBy.id' ...
	info - 'Interface' : 'Being.name' : 	Examining field 'Being.name' ...
	info - 'Interface' : 'Being.nameInQuenyan' : 	Examining field 'Being.nameInQuenyan' ...
	info - 'Interface' : 'Being.id' : 	Examining field 'Being.id' ...
	info - 'Interface' : 'Being.invitedBy' : 	Examining field 'Being.invitedBy' ...
	info - 'Interface' : 'Being.name' : 	Examining field 'Being.name' ...
	info - 'Interface' : 'Being.nameInQuenyan' : 	Examining field 'Being.nameInQuenyan' ...
	info - 'Object' : 'Query.beings' : 	Examining field 'Query.beings' ...
	info - 'Object' : 'Query.beings' : 	Examining field argument 'Query.beings.type' ...
	info - 'Object' : 'Query.customScalar' : 	Examining field 'Query.customScalar' ...
	info - 'Scalar' : 'CustomScalar' : Examining type 'CustomScalar' ...
	info - 'Object' : 'Query.deities' : 	Examining field 'Query.deities' ...
	info - 'Object' : 'Deity' : Examining type 'Deity' ...
	info - 'Object' : 'Deity.id' : 	Examining field 'Deity.id' ...
	info - 'Object' : 'Deity.invitedBy' : 	Examining field 'Deity.invitedBy' ...
	info - 'Object' : 'Deity.invitedBy' : 	Examining field argument 'Deity.invitedBy.id' ...
	info - 'Object' : 'Deity.name' : 	Examining field 'Deity.name' ...
	info - 'Object' : 'Deity.nameInQuenyan' : 	Examining field 'Deity.nameInQuenyan' ...
	info - 'Object' : 'Deity.outlook' : 	Examining field 'Deity.outlook' ...
	info - 'Object' : 'Deity.id' : 	Examining field 'Deity.id' ...
	info - 'Object' : 'Deity.invitedBy' : 	Examining field 'Deity.invitedBy' ...
	info - 'Object' : 'Deity.name' : 	Examining field 'Deity.name' ...
	info - 'Object' : 'Deity.nameInQuenyan' : 	Examining field 'Deity.nameInQuenyan' ...
	info - 'Object' : 'Deity.outlook' : 	Examining field 'Deity.outlook' ...
	info - 'Interface' : 'Being.id' : 	Examining field 'Being.id' ...
	info - 'Interface' : 'Being.invitedBy' : 	Examining field 'Being.invitedBy' ...
	info - 'Interface' : 'Being.invitedBy' : 	Examining field argument 'Being.invitedBy.id' ...
	info - 'Interface' : 'Being.name' : 	Examining field 'Being.name' ...
	info - 'Interface' : 'Being.nameInQuenyan' : 	Examining field 'Being.nameInQuenyan' ...
	info - 'Interface' : 'Being.id' : 	Examining field 'Being.id' ...
	info - 'Interface' : 'Being.invitedBy' : 	Examining field 'Being.invitedBy' ...
	info - 'Interface' : 'Being.name' : 	Examining field 'Being.name' ...
	info - 'Interface' : 'Being.nameInQuenyan' : 	Examining field 'Being.nameInQuenyan' ...
	info - 'Object' : 'Query.gods' : 	Examining field 'Query.gods' ...
	info - 'Object' : 'Ainur' : Examining type 'Ainur' ...
	info - 'Object' : 'Ainur.id' : 	Examining field 'Ainur.id' ...
	info - 'Object' : 'Ainur.invitedBy' : 	Examining field 'Ainur.invitedBy' ...
	info - 'Object' : 'Ainur.invitedBy' : 	Examining field argument 'Ainur.invitedBy.id' ...
	info - 'Object' : 'Ainur.loves' : 	Examining field 'Ainur.loves' ...
	info - 'Object' : 'Ainur.name' : 	Examining field 'Ainur.name' ...
	info - 'Object' : 'Ainur.nameInQuenyan' : 	Examining field 'Ainur.nameInQuenyan' ...
	info - 'Object' : 'Ainur.id' : 	Examining field 'Ainur.id' ...
	info - 'Object' : 'Ainur.invitedBy' : 	Examining field 'Ainur.invitedBy' ...
	info - 'Object' : 'Ainur.loves' : 	Examining field 'Ainur.loves' ...
	info - 'Object' : 'Ainur.name' : 	Examining field 'Ainur.name' ...
	info - 'Object' : 'Ainur.nameInQuenyan' : 	Examining field 'Ainur.nameInQuenyan' ...
	info - 'Interface' : 'Being.id' : 	Examining field 'Being.id' ...
	info - 'Interface' : 'Being.invitedBy' : 	Examining field 'Being.invitedBy' ...
	info - 'Interface' : 'Being.invitedBy' : 	Examining field argument 'Being.invitedBy.id' ...
	info - 'Interface' : 'Being.name' : 	Examining field 'Being.name' ...
	info - 'Interface' : 'Being.nameInQuenyan' : 	Examining field 'Being.nameInQuenyan' ...
	info - 'Interface' : 'Being.id' : 	Examining field 'Being.id' ...
	info - 'Interface' : 'Being.invitedBy' : 	Examining field 'Being.invitedBy' ...
	info - 'Interface' : 'Being.name' : 	Examining field 'Being.name' ...
	info - 'Interface' : 'Being.nameInQuenyan' : 	Examining field 'Being.nameInQuenyan' ...
	info - 'Object' : 'Query.wizards' : 	Examining field 'Query.wizards' ...
	info - 'Object' : 'Istari' : Examining type 'Istari' ...
	info - 'Object' : 'Istari.colour' : 	Examining field 'Istari.colour' ...
	info - 'Object' : 'Istari.id' : 	Examining field 'Istari.id' ...
	info - 'Object' : 'Istari.invitedBy' : 	Examining field 'Istari.invitedBy' ...
	info - 'Object' : 'Istari.invitedBy' : 	Examining field argument 'Istari.invitedBy.id' ...
	info - 'Object' : 'Istari.name' : 	Examining field 'Istari.name' ...
	info - 'Object' : 'Istari.nameInQuenyan' : 	Examining field 'Istari.nameInQuenyan' ...
	info - 'Object' : 'Istari.temperament' : 	Examining field 'Istari.temperament' ...
	info - 'Enum' : 'Temperament' : Examining type 'Temperament' ...
	info - 'Object' : 'Istari.colour' : 	Examining field 'Istari.colour' ...
	info - 'Object' : 'Istari.id' : 	Examining field 'Istari.id' ...
	info - 'Object' : 'Istari.invitedBy' : 	Examining field 'Istari.invitedBy' ...
	info - 'Object' : 'Istari.name' : 	Examining field 'Istari.name' ...
	info - 'Object' : 'Istari.nameInQuenyan' : 	Examining field 'Istari.nameInQuenyan' ...
	info - 'Object' : 'Istari.temperament' : 	Examining field 'Istari.temperament' ...
	info - 'Interface' : 'Being.id' : 	Examining field 'Being.id' ...
	info - 'Interface' : 'Being.invitedBy' : 	Examining field 'Being.invitedBy' ...
	info - 'Interface' : 'Being.invitedBy' : 	Examining field argument 'Being.invitedBy.id' ...
	info - 'Interface' : 'Being.name' : 	Examining field 'Being.name' ...
	info - 'Interface' : 'Being.nameInQuenyan' : 	Examining field 'Being.nameInQuenyan' ...
	info - 'Interface' : 'Being.id' : 	Examining field 'Being.id' ...
	info - 'Interface' : 'Being.invitedBy' : 	Examining field 'Being.invitedBy' ...
	info - 'Interface' : 'Being.name' : 	Examining field 'Being.name' ...
	info - 'Interface' : 'Being.nameInQuenyan' : 	Examining field 'Being.nameInQuenyan' ...
	info - 'Object' : 'Query.allCharacters' : 	Examining field 'Query.allCharacters' ...
	info - 'Object' : 'Query.being' : 	Examining field 'Query.being' ...
	info - 'Object' : 'Query.beings' : 	Examining field 'Query.beings' ...
	info - 'Object' : 'Query.customScalar' : 	Examining field 'Query.customScalar' ...
	info - 'Object' : 'Query.deities' : 	Examining field 'Query.deities' ...
	info - 'Object' : 'Query.gods' : 	Examining field 'Query.gods' ...
	info - 'Object' : 'Query.wizards' : 	Examining field 'Query.wizards' ...
	info - 'Operation' : 'Mutation' : Examining operation 'Mutation' ...
	info - 'Object' : 'Mutation' : Examining type 'Mutation' ...
	info - 'Object' : 'Mutation.being' : 	Examining field 'Mutation.being' ...
	info - 'Object' : 'Mutation.being' : 	Examining field argument 'Mutation.being.questor' ...
BREAKING - 'Object' : 'Mutation.being' : The new API is missing the field argument 'Mutation.being.questor'
	info - 'Object' : 'Mutation.sword' : 	Examining field 'Mutation.sword' ...
BREAKING - 'Object' : 'Mutation.sword' : The new API has less arguments on field 'Mutation.sword' of type 'Mutation' than the old API
	info - 'Object' : 'Mutation.being' : 	Examining field 'Mutation.being' ...
	info - 'Object' : 'Mutation.sword' : 	Examining field 'Mutation.sword' ...


2 errors
0 warnings


	info - 'Operation' : 'Query' : Examining operation 'Query' ...
	info - 'Object' : 'Query' : Examining type 'Query' ...
	info - 'Object' : 'Query.allCharacters' : 	Examining field 'Query.allCharacters' ...
	info - 'Union' : 'Character' : Examining type 'Character' ...
	info - 'Object' : 'Query.being' : 	Examining field 'Query.being' ...
	info - 'Object' : 'Query.being' : 	Examining field argument 'Query.being.id' ...
	info - 'Object' : 'Query.being' : 	Examining field argument 'Query.being.type' ...
	info - 'Interface' : 'Being' : Examining type 'Being' ...
	info - 'Interface' : 'Being.id' : 	Examining field 'Being.id' ...
	info - 'Interface' : 'Being.invitedBy' : 	Examining field 'Being.invitedBy' ...
	info - 'Interface' : 'Being.invitedBy' : 	Examining field argument 'Being.invitedBy.id' ...
	info - 'Interface' : 'Being.name' : 	Examining field 'Being.name' ...
	info - 'Interface' : 'Being.nameInQuenyan' : 	Examining field 'Being.nameInQuenyan' ...
	info - 'Interface' : 'Being.id' : 	Examining field 'Being.id' ...
	info - 'Interface' : 'Being.invitedBy' : 	Examining field 'Being.invitedBy' ...
	info - 'Interface' : 'Being.name' : 	Examining field 'Being.name' ...
	info - 'Interface' : 'Being.nameInQuenyan' : 	Examining field 'Being.nameInQuenyan' ...
	info - 'Object' : 'Query.beings' : 	Examining field 'Query.beings' ...
	info - 'Object' : 'Query.beings' : 	Examining field argument 'Query.beings.type' ...
	info - 'Object' : 'Query.customScalar' : 	Examining field 'Query.customScalar' ...
	info - 'Scalar' : 'CustomScalar' : Examining type 'CustomScalar' ...
	info - 'Object' : 'Query.deities' : 	Examining field 'Query.deities' ...
	info - 'Object' : 'Deity' : Examining type 'Deity' ...
	info - 'Object' : 'Deity.id' : 	Examining field 'Deity.id' ...
	info - 'Object' : 'Deity.invitedBy' : 	Examining field 'Deity.invitedBy' ...
	info - 'Object' : 'Deity.invitedBy' : 	Examining field argument 'Deity.invitedBy.id' ...
	info - 'Object' : 'Deity.name' : 	Examining field 'Deity.name' ...
	info - 'Object' : 'Deity.nameInQuenyan' : 	Examining field 'Deity.nameInQuenyan' ...
	info - 'Object' : 'Deity.outlook' : 	Examining field 'Deity.outlook' ...
	info - 'Object' : 'Deity.id' : 	Examining field 'Deity.id' ...
	info - 'Object' : 'Deity.invitedBy' : 	Examining field 'Deity.invitedBy' ...
	info - 'Object' : 'Deity.name' : 	Examining field 'Deity.name' ...
	info - 'Object' : 'Deity.nameInQuenyan' : 	Examining field 'Deity.nameInQuenyan' ...
	info - 'Object' : 'Deity.outlook' : 	Examining field 'Deity.outlook' ...
	info - 'Interface' : 'Being.id' : 	Examining field 'Being.id' ...
	info - 'Interface' : 'Being.invitedBy' : 	Examining field 'Being.invitedBy' ...
	info - 'Interface' : 'Being.invitedBy' : 	Examining field argument 'Being.invitedBy.id' ...
	info - 'Interface' : 'Being.name' : 	Examining field 'Being.name' ...
	info - 'Interface' : 'Being.nameInQuenyan' : 	Examining field 'Being.nameInQuenyan' ...
	info - 'Interface' : 'Being.id' : 	Examining field 'Being.id' ...
	info - 'Interface' : 'Being.invitedBy' : 	Examining field 'Being.invitedBy' ...
	info - 'Interface' : 'Being.name' : 	Examining field 'Being.name' ...
	info - 'Interface' : 'Being.nameInQuenyan' : 	Examining field 'Being.nameInQuenyan' ...
	info - 'Object' : 'Query.gods' : 	Examining field 'Query.gods' ...
	info - 'Object' : 'Ainur' : Examining type 'Ainur' ...
	info - 'Object' : 'Ainur.id' : 	Examining field 'Ainur.id' ...
	info - 'Object' : 'Ainur.invitedBy' : 	Examining field 'Ainur.invitedBy' ...
	info - 'Object' : 'Ainur.invitedBy' : 	Examining field argument 'Ainur.invitedBy.id' ...
	info - 'Object' : 'Ainur.loves' : 	Examining field 'Ainur.loves' ...
	info - 'Object' : 'Ainur.name' : 	Examining field 'Ainur.name' ...
	info - 'Object' : 'Ainur.nameInQuenyan' : 	Examining field 'Ainur.nameInQuenyan' ...
	info - 'Object' : 'Ainur.id' : 	Examining field 'Ainur.id' ...
	info - 'Object' : 'Ainur.invitedBy' : 	Examining field 'Ainur.invitedBy' ...
	info - 'Object' : 'Ainur.loves' : 	Examining field 'Ainur.loves' ...
	info - 'Object' : 'Ainur.name' : 	Examining field 'Ainur.name' ...
	info - 'Object' : 'Ainur.nameInQuenyan' : 	Examining field 'Ainur.nameInQuenyan' ...
	info - 'Interface' : 'Being.id' : 	Examining field 'Being.id' ...
	info - 'Interface' : 'Being.invitedBy' : 	Examining field 'Being.invitedBy' ...
	info - 'Interface' : 'Being.invitedBy' : 	Examining field argument 'Being.invitedBy.id' ...
	info - 'Interface' : 'Being.name' : 	Examining field 'Being.name' ...
	info - 'Interface' : 'Being.nameInQuenyan' : 	Examining field 'Being.nameInQuenyan' ...
	info - 'Interface' : 'Being.id' : 	Examining field 'Being.id' ...
	info - 'Interface' : 'Being.invitedBy' : 	Examining field 'Being.invitedBy' ...
	info - 'Interface' : 'Being.name' : 	Examining field 'Being.name' ...
	info - 'Interface' : 'Being.nameInQuenyan' : 	Examining field 'Being.nameInQuenyan' ...
	info - 'Object' : 'Query.wizards' : 	Examining field 'Query.wizards' ...
	info - 'Object' : 'Istari' : Examining type 'Istari' ...
	info - 'Object' : 'Istari.colour' : 	Examining field 'Istari.colour' ...
	info - 'Object' : 'Istari.id' : 	Examining field 'Istari.id' ...
	info - 'Object' : 'Istari.invitedBy' : 	Examining field 'Istari.invitedBy' ...
	info - 'Object' : 'Istari.invitedBy' : 	Examining field argument 'Istari.invitedBy.id' ...
	info - 'Object' : 'Istari.name' : 	Examining field 'Istari.name' ...
	info - 'Object' : 'Istari.nameInQuenyan' : 	Examining field 'Istari.nameInQuenyan' ...
	info - 'Object' : 'Istari.temperament' : 	Examining field 'Istari.temperament' ...
	info - 'Enum' : 'Temperament' : Examining type 'Temperament' ...
BREAKING - 'Enum' : 'Temperament' : The new API is missing an enum value 'Duplicitous'
	info - 'Object' : 'Istari.colour' : 	Examining field 'Istari.colour' ...
	info - 'Object' : 'Istari.id' : 	Examining field 'Istari.id' ...
	info - 'Object' : 'Istari.invitedBy' : 	Examining field 'Istari.invitedBy' ...
	info - 'Object' : 'Istari.name' : 	Examining field 'Istari.name' ...
	info - 'Object' : 'Istari.nameInQuenyan' : 	Examining field 'Istari.nameInQuenyan' ...
	info - 'Object' : 'Istari.temperament' : 	Examining field 'Istari.temperament' ...
	info - 'Interface' : 'Being.id' : 	Examining field 'Being.id' ...
	info - 'Interface' : 'Being.invitedBy' : 	Examining field 'Being.invitedBy' ...
	info - 'Interface' : 'Being.invitedBy' : 	Examining field argument 'Being.invitedBy.id' ...
	info - 'Interface' : 'Being.name' : 	Examining field 'Being.name' ...
	info - 'Interface' : 'Being.nameInQuenyan' : 	Examining field 'Being.nameInQuenyan' ...
	info - 'Interface' : 'Being.id' : 	Examining field 'Being.id' ...
	info - 'Interface' : 'Being.invitedBy' : 	Examining field 'Being.invitedBy' ...
	info - 'Interface' : 'Being.name' : 	Examining field 'Being.name' ...
	info - 'Interface' : 'Being.nameInQuenyan' : 	Examining field 'Being.nameInQuenyan' ...
	info - 'Object' : 'Query.allCharacters' : 	Examining field 'Query.allCharacters' ...
	info - 'Object' : 'Query.being' : 	Examining field 'Query.being' ...
	info - 'Object' : 'Query.beings' : 	Examining field 'Query.beings' ...
	info - 'Object' : 'Query.customScalar' : 	Examining field 'Query.customScalar' ...
	info - 'Object' : 'Query.deities' : 	Examining field 'Query.deities' ...
	info - 'Object' : 'Query.gods' : 	Examining field 'Query.gods' ...
	info - 'Object' : 'Query.wizards' : 	Examining field 'Query.wizards' ...
	info - 'Operation' : 'Mutation' : Examining operation 'Mutation' ...
	info - 'Object' : 'Mutation' : Examining type 'Mutation' ...
	info - 'Object' : 'Mutation.being' : 	Examining field 'Mutation.being' ...
	info - 'Object' : 'Mutation.being' : 	Examining field argument 'Mutation.being.questor' ...
	info - 'InputObject' : 'Questor' : Examining type 'Questor' ...
	info - 'InputObject' : 'Questor.beingID' : 	Examining input field 'Questor.beingID' ...
	info - 'InputObject' : 'Questor.nestedInput' : 	Examining input field 'Questor.nestedInput' ...
	info - 'InputObject' : 'NestedInput' : Examining type 'NestedInput' ...
	info - 'InputObject' : 'NestedInput.nestedInput' : 	Examining input field 'NestedInput.nestedInput' ...
	info - 'InputObject' : 'Questor.queryTarget' : 	Examining input field 'Questor.queryTarget' ...
	info - 'Object' : 'Mutation.sword' : 	Examining field 'Mutation.sword' ...
	info - 'Object' : 'Mutation.sword' : 	Examining field argument 'Mutation.sword.alloy' ...
	info - 'Object' : 'Mutation.sword' : 	Examining field argument 'Mutation.sword.bearer' ...
	info - 'Object' : 'Mutation.sword' : 	Examining field argument 'Mutation.sword.name' ...
	info - 'Object' : 'Mutation.sword' : 	Examining field argument 'Mutation.sword.temperament' ...
	info - 'Object' : 'Mutation.being' : 	Examining field 'Mutation.being' ...
	info - 'Object' : 'Mutation.sword' : 	Examining field 'Mutation.sword' ...


1 errors
0 warnings


	info - 'Operation' : 'Query' : Examining operation 'Query' ...
	info - 'Object' : 'Query' : Examining type 'Query' ...
	info - 'Object' : 'Query.allCharacters' : 	Examining field 'Query.allCharacters' ...
	info - 'Union' : 'Character' : Examining type 'Character' ...
	info - 'Object' : 'Query.being' : 	Examining field 'Query.being' ...
	info - 'Object' : 'Query.being' : 	Examining field argument 'Query.being.id' ...
	info - 'Object' : 'Query.being' : 	Examining field argument 'Query.being.type' ...
	info - 'Interface' : 'Being' : Examining type 'Being' ...
	info - 'Interface' : 'Being.id' : 	Examining field 'Being.id' ...
	info - 'Interface' : 'Being.invitedBy' : 	Examining field 'Being.invitedBy' ...
	info - 'Interface' : 'Being.invitedBy' : 	Examining field argument 'Being.invitedBy.id' ...
	info - 'Interface' : 'Being.name' : 	Examining field 'Being.name' ...
	info - 'Interface' : 'Being.nameInQuenyan' : 	Examining field 'Being.nameInQuenyan' ...
	info - 'Interface' : 'Being.id' : 	Examining field 'Being.id' ...
	info - 'Interface' : 'Being.invitedBy' : 	Examining field 'Being.invitedBy' ...
	info - 'Interface' : 'Being.name' : 	Examining field 'Being.name' ...
	info - 'Interface' : 'Being.nameInQuenyan' : 	Examining field 'Being.nameInQuenyan' ...
	info - 'Object' : 'Query.beings' : 	Examining field 'Query.beings' ...
	info - 'Object' : 'Query.beings' : 	Examining field argument 'Query.beings.type' ...
	info - 'Object' : 'Query.customScalar' : 	Examining field 'Query.customScalar' ...
	info - 'Scalar' : 'CustomScalar' : Examining type 'CustomScalar' ...
	info - 'Object' : 'Query.deities' : 	Examining field 'Query.deities' ...
	info - 'Object' : 'Deity' : Examining type 'Deity' ...
	info - 'Object' : 'Deity.id' : 	Examining field 'Deity.id' ...
	info - 'Object' : 'Deity.invitedBy' : 	Examining field 'Deity.invitedBy' ...
	info - 'Object' : 'Deity.invitedBy' : 	Examining field argument 'Deity.invitedBy.id' ...
	info - 'Object' : 'Deity.name' : 	Examining field 'Deity.name' ...
	info - 'Object' : 'Deity.nameInQuenyan' : 	Examining field 'Deity.nameInQuenyan' ...
	info - 'Object' : 'Deity.outlook' : 	Examining field 'Deity.outlook' ...
	info - 'Object' : 'Deity.id' : 	Examining field 'Deity.id' ...
	info - 'Object' : 'Deity.invitedBy' : 	Examining field 'Deity.invitedBy' ...
	info - 'Object' : 'Deity.name' : 	Examining field 'Deity.name' ...
	info - 'Object' : 'Deity.nameInQuenyan' : 	Examining field 'Deity.nameInQuenyan' ...
	info - 'Object' : 'Deity.outlook' : 	Examining field 'Deity.outlook' ...
	info - 'Interface' : 'Being.id' : 	Examining field 'Being.id' ...
	info - 'Interface' : 'Being.invitedBy' : 	Examining field 'Being.invitedBy' ...
	info - 'Interface' : 'Being.invitedBy' : 	Examining field argument 'Being.invitedBy.id' ...
	info - 'Interface' : 'Being.name' : 	Examining field 'Being.name' ...
	info - 'Interface' : 'Being.nameInQuenyan' : 	Examining field 'Being.nameInQuenyan' ...
	info - 'Interface' : 'Being.id' : 	Examining field 'Being.id' ...
	info - 'Interface' : 'Being.invitedBy' : 	Examining field 'Being.invitedBy' ...
	info - 'Interface' : 'Being.name' : 	Examining field 'Being.name' ...
	info - 'Interface' : 'Being.nameInQuenyan' : 	Examining field 'Being.nameInQuenyan' ...
	info - 'Object' : 'Query.gods' : 	Examining field 'Query.gods' ...
	info - 'Object' : 'Ainur' : Examining type 'Ainur' ...
	info - 'Object' : 'Ainur.id' : 	Examining field 'Ainur.id' ...
	info - 'Object' : 'Ainur.invitedBy' : 	Examining field 'Ainur.invitedBy' ...
	info - 'Object' : 'Ainur.invitedBy' : 	Examining field argument 'Ainur.invitedBy.id' ...
	info - 'Object' : 'Ainur.loves' : 	Examining field 'Ainur.loves' ...
	info - 'Object' : 'Ainur.name' : 	Examining field 'Ainur.name' ...
	info - 'Object' : 'Ainur.nameInQuenyan' : 	Examining field 'Ainur.nameInQuenyan' ...
	info - 'Object' : 'Ainur.id' : 	Examining field 'Ainur.id' ...
	info - 'Object' : 'Ainur.invitedBy' : 	Examining field 'Ainur.invitedBy' ...
	info - 'Object' : 'Ainur.loves' : 	Examining field 'Ainur.loves' ...
	info - 'Object' : 'Ainur.name' : 	Examining field 'Ainur.name' ...
	info - 'Object' : 'Ainur.nameInQuenyan' : 	Examining field 'Ainur.nameInQuenyan' ...
	info - 'Interface' : 'Being.id' : 	Examining field 'Being.id' ...
	info - 'Interface' : 'Being.invitedBy' : 	Examining field 'Being.invitedBy' ...
	info - 'Interface' : 'Being.invitedBy' : 	Examining field argument 'Being.invitedBy.id' ...
	info - 'Interface' : 'Being.name' : 	Examining field 'Being.name' ...
	info - 'Interface' : 'Being.nameInQuenyan' : 	Examining field 'Being.nameInQuenyan' ...
	info - 'Interface' : 'Being.id' : 	Examining field 'Being.id' ...
	info - 'Interface' : 'Being.invitedBy' : 	Examining field 'Being.invitedBy' ...
	info - 'Interface' : 'Being.name' : 	Examining field 'Being.name' ...
	info - 'Interface' : 'Being.nameInQuenyan' : 	Examining field 'Being.nameInQuenyan' ...
	info - 'Object' : 'Query.wizards' : 	Examining field 'Query.wizards' ...
	info - 'Object' : 'Istari' : Examining type 'Istari' ...
	info - 'Object' : 'Istari.colour' : 	Examining field 'Istari.colour' ...
	info - 'Object' : 'Istari.id' : 	Examining field 'Istari.id' ...
	info - 'Object' : 'Istari.invitedBy' : 	Examining field 'Istari.invitedBy' ...
	info - 'Object' : 'Istari.invitedBy' : 	Examining field argument 'Istari.invitedBy.id' ...
	info - 'Object' : 'Istari.name' : 	Examining field 'Istari.name' ...
	info - 'Object' : 'Istari.nameInQuenyan' : 	Examining field 'Istari.nameInQuenyan' ...
	info - 'Object' : 'Istari.temperament' : 	Examining field 'Istari.temperament' ...
	info - 'Enum' : 'Temperament' : Examining type 'Temperament' ...
	info - 'Object' : 'Istari.colour' : 	Examining field 'Istari.colour' ...
	info - 'Object' : 'Istari.id' : 	Examining field 'Istari.id' ...
	info - 'Object' : 'Istari.invitedBy' : 	Examining field 'Istari.invitedBy' ...
	info - 'Object' : 'Istari.name' : 	Examining field 'Istari.name' ...
	info - 'Object' : 'Istari.nameInQuenyan' : 	Examining field 'Istari.nameInQuenyan' ...
	info - 'Object' : 'Istari.temperament' : 	Examining field 'Istari.temperament' ...
	info - 'Interface' : 'Being.id' : 	Examining field 'Being.id' ...
	info - 'Interface' : 'Being.invitedBy' : 	Examining field 'Being.invitedBy' ...
	info - 'Interface' : 'Being.invitedBy' : 	Examining field argument 'Being.invitedBy.id' ...
	info - 'Interface' : 'Being.name' : 	Examining field 'Being.name' ...
	info - 'Interface' : 'Being.nameInQuenyan' : 	Examining field 'Being.nameInQuenyan' ...
	info - 'Interface' : 'Being.id' : 	Examining field 'Being.id' ...
	info - 'Interface' : 'Being.invitedBy' : 	Examining field 'Being.invitedBy' ...
	info - 'Interface' : 'Being.name' : 	Examining field 'Being.name' ...
	info - 'Interface' : 'Being.nameInQuenyan' : 	Examining field 'Being.nameInQuenyan' ...
	info - 'Object' : 'Query.allCharacters' : 	Examining field 'Query.allCharacters' ...
	info - 'Object' : 'Query.being' : 	Examining field 'Query.being' ...
	info - 'Object' : 'Query.beings' : 	Examining field 'Query.beings' ...
	info - 'Object' : 'Query.customScalar' : 	Examining field 'Query.customScalar' ...
	info - 'Object' : 'Query.deities' : 	Examining field 'Query.deities' ...
	info - 'Object' : 'Query.gods' : 	Examining field 'Query.gods' ...
	info - 'Object' : 'Query.wizards' : 	Examining field 'Query.wizards' ...
	info - 'Operation' : 'Mutation' : Examining operation 'Mutation' ...
	info - 'Object' : 'Mutation' : Examining type 'Mutation' ...
	info - 'Object' : 'Mutation.being' : 	Examining field 'Mutation.being' ...
	info - 'Object' : 'Mutation.being' : 	Examining field argument 'Mutation.being.questor' ...
	info - 'InputObject' : 'Questor' : Examining type 'Questor' ...
	info - 'InputObject' : 'Questor.beingID' : 	Examining input field 'Questor.beingID' ...
	info - 'InputObject' : 'Questor.nestedInput' : 	Examining input field 'Questor.nestedInput' ...
	info - 'InputObject' : 'NestedInput' : Examining type 'NestedInput' ...
	info - 'InputObject' : 'NestedInput.nestedInput' : 	Examining input field 'NestedInput.nestedInput' ...
	info - 'InputObject' : 'Questor.queryTarget' : 	Examining input field 'Questor.queryTarget' ...
	info - 'Object' : 'Mutation.sword' : 	Examining field 'Mutation.sword' ...
	info - 'Object' : 'Mutation.sword' : 	Examining field argument 'Mutation.sword.alloy' ...
BREAKING - 'Object' : 'Mutation.sword' : The new API has changed field 'Mutation.sword' argument 'alloy' from type 'String' to 'Int'
	info - 'Object' : 'Mutation.sword' : 	Examining field argument 'Mutation.sword.bearer' ...
	info - 'Object' : 'Mutation.sword' : 	Examining field argument 'Mutation.sword.name' ...
BREAKING - 'Object' : 'Mutation.sword' : The new API has changed field 'Mutation.sword' argument 'name' from type 'String' to '[String]'
	info - 'Object' : 'Mutation.sword' : 	Examining field argument 'Mutation.sword.temperament' ...
	info - 'Object' : 'Mutation.being' : 	Examining field 'Mutation.being' ...
	info - 'Object' : 'Mutation.sword' : 	Examining field 'Mutation.sword' ...


2 errors
0 warnings


	info - 'Operation' : 'Query' : Examining operation 'Query' ...
	info - 'Object' : 'Query' : Examining type 'Query' ...
	info - 'Object' : 'Query.allCharacters' : 	Examining field 'Query.allCharacters' ...
	info - 'Union' : 'Character' : Examining type 'Character' ...
	info - 'Object' : 'Query.being' : 	Examining field 'Query.being' ...
	info - 'Object' : 'Query.being' : 	Examining field argument 'Query.being.id' ...
	info - 'Object' : 'Query.being' : 	Examining field argument 'Query.being.type' ...
DANGEROUS - 'Object' : 'Query.being' : The new API has changed default value on argument named 'type' on field 'Query.being' of type 'Query
BREAKING - 'Object' : 'Query.being' : The new API has made the new argument 'newArg' on field 'Query.being' non null and hence more strict for old consumers
	info - 'Interface' : 'Being' : Examining type 'Being' ...
	info - 'Interface' : 'Being.id' : 	Examining field 'Being.id' ...
	info - 'Interface' : 'Being.invitedBy' : 	Examining field 'Being.invitedBy' ...
	info - 'Interface' : 'Being.invitedBy' : 	Examining field argument 'Being.invitedBy.id' ...
	info - 'Interface' : 'Being.name' : 	Examining field 'Being.name' ...
	info - 'Interface' : 'Being.nameInQuenyan' : 	Examining field 'Being.nameInQuenyan' ...
	info - 'Interface' : 'Being.id' : 	Examining field 'Being.id' ...
	info - 'Interface' : 'Being.invitedBy' : 	Examining field 'Being.invitedBy' ...
	info - 'Interface' : 'Being.name' : 	Examining field 'Being.name' ...
	info - 'Interface' : 'Being.nameInQuenyan' : 	Examining field 'Being.nameInQuenyan' ...
	info - 'Object' : 'Query.beings' : 	Examining field 'Query.beings' ...
BREAKING - 'Object' : 'Query.beings' : The new API has changed field 'Query.beings' from type '[Being]' to 'Being'
	info - 'Object' : 'Query.beings' : 	Examining field argument 'Query.beings.type' ...
	info - 'Object' : 'Query.customScalar' : 	Examining field 'Query.customScalar' ...
BREAKING - 'Object' : 'Query.customScalar' : The new API has changed field 'Query.customScalar' from type 'CustomScalar' to '[CustomScalar]!'
	info - 'Scalar' : 'CustomScalar' : Examining type 'CustomScalar' ...
	info - 'Object' : 'Query.deities' : 	Examining field 'Query.deities' ...
	info - 'Object' : 'Deity' : Examining type 'Deity' ...
	info - 'Object' : 'Deity.id' : 	Examining field 'Deity.id' ...
	info - 'Object' : 'Deity.invitedBy' : 	Examining field 'Deity.invitedBy' ...
	info - 'Object' : 'Deity.invitedBy' : 	Examining field argument 'Deity.invitedBy.id' ...
	info - 'Object' : 'Deity.name' : 	Examining field 'Deity.name' ...
	info - 'Object' : 'Deity.nameInQuenyan' : 	Examining field 'Deity.nameInQuenyan' ...
	info - 'Object' : 'Deity.outlook' : 	Examining field 'Deity.outlook' ...
	info - 'Object' : 'Deity.id' : 	Examining field 'Deity.id' ...
	info - 'Object' : 'Deity.invitedBy' : 	Examining field 'Deity.invitedBy' ...
	info - 'Object' : 'Deity.name' : 	Examining field 'Deity.name' ...
	info - 'Object' : 'Deity.nameInQuenyan' : 	Examining field 'Deity.nameInQuenyan' ...
	info - 'Object' : 'Deity.outlook' : 	Examining field 'Deity.outlook' ...
	info - 'Interface' : 'Being.id' : 	Examining field 'Being.id' ...
	info - 'Interface' : 'Being.invitedBy' : 	Examining field 'Being.invitedBy' ...
	info - 'Interface' : 'Being.invitedBy' : 	Examining field argument 'Being.invitedBy.id' ...
	info - 'Interface' : 'Being.name' : 	Examining field 'Being.name' ...
	info - 'Interface' : 'Being.nameInQuenyan' : 	Examining field 'Being.nameInQuenyan' ...
	info - 'Interface' : 'Being.id' : 	Examining field 'Being.id' ...
	info - 'Interface' : 'Being.invitedBy' : 	Examining field 'Being.invitedBy' ...
	info - 'Interface' : 'Being.name' : 	Examining field 'Being.name' ...
	info - 'Interface' : 'Being.nameInQuenyan' : 	Examining field 'Being.nameInQuenyan' ...
	info - 'Object' : 'Query.gods' : 	Examining field 'Query.gods' ...
	info - 'Object' : 'Ainur' : Examining type 'Ainur' ...
	info - 'Object' : 'Ainur.id' : 	Examining field 'Ainur.id' ...
	info - 'Object' : 'Ainur.invitedBy' : 	Examining field 'Ainur.invitedBy' ...
	info - 'Object' : 'Ainur.invitedBy' : 	Examining field argument 'Ainur.invitedBy.id' ...
	info - 'Object' : 'Ainur.loves' : 	Examining field 'Ainur.loves' ...
	info - 'Object' : 'Ainur.name' : 	Examining field 'Ainur.name' ...
	info - 'Object' : 'Ainur.nameInQuenyan' : 	Examining field 'Ainur.nameInQuenyan' ...
	info - 'Object' : 'Ainur.id' : 	Examining field 'Ainur.id' ...
	info - 'Object' : 'Ainur.invitedBy' : 	Examining field 'Ainur.invitedBy' ...
	info - 'Object' : 'Ainur.loves' : 	Examining field 'Ainur.loves' ...
	info - 'Object' : 'Ainur.name' : 	Examining field 'Ainur.name' ...
	info - 'Object' : 'Ainur.nameInQuenyan' : 	Examining field 'Ainur.nameInQuenyan' ...
	info - 'Interface' : 'Being.id' : 	Examining field 'Being.id' ...
	info - 'Interface' : 'Being.invitedBy' : 	Examining field 'Being.invitedBy' ...
	info - 'Interface' : 'Being.invitedBy' : 	Examining field argument 'Being.invitedBy.id' ...
	info - 'Interface' : 'Being.name' : 	Examining field 'Being.name' ...
	info - 'Interface' : 'Being.nameInQuenyan' : 	Examining field 'Being.nameInQuenyan' ...
	info - 'Interface' : 'Being.id' : 	Examining field 'Being.id' ...
	info - 'Interface' : 'Being.invitedBy' : 	Examining field 'Being.invitedBy' ...
	info - 'Interface' : 'Being.name' : 	Examining field 'Being.name' ...
	info - 'Interface' : 'Being.nameInQuenyan' : 	Examining field 'Being.nameInQuenyan' ...
	info - 'Object' : 'Query.wizards' : 	Examining field 'Query.wizards' ...
BREAKING - 'Object' : 'Query.wizards' : The new API has changed field 'Query.wizards' from type '[Istari]' to '[Istari!]'
	info - 'Object' : 'Istari' : Examining type 'Istari' ...
	info - 'Object' : 'Istari.colour' : 	Examining field 'Istari.colour' ...
	info - 'Object' : 'Istari.id' : 	Examining field 'Istari.id' ...
	info - 'Object' : 'Istari.invitedBy' : 	Examining field 'Istari.invitedBy' ...
	info - 'Object' : 'Istari.invitedBy' : 	Examining field argument 'Istari.invitedBy.id' ...
	info - 'Object' : 'Istari.name' : 	Examining field 'Istari.name' ...
	info - 'Object' : 'Istari.nameInQuenyan' : 	Examining field 'Istari.nameInQuenyan' ...
	info - 'Object' : 'Istari.temperament' : 	Examining field 'Istari.temperament' ...
	info - 'Enum' : 'Temperament' : Examining type 'Temperament' ...
	info - 'Object' : 'Istari.colour' : 	Examining field 'Istari.colour' ...
	info - 'Object' : 'Istari.id' : 	Examining field 'Istari.id' ...
	info - 'Object' : 'Istari.invitedBy' : 	Examining field 'Istari.invitedBy' ...
	info - 'Object' : 'Istari.name' : 	Examining field 'Istari.name' ...
	info - 'Object' : 'Istari.nameInQuenyan' : 	Examining field 'Istari.nameInQuenyan' ...
	info - 'Object' : 'Istari.temperament' : 	Examining field 'Istari.temperament' ...
	info - 'Interface' : 'Being.id' : 	Examining field 'Being.id' ...
	info - 'Interface' : 'Being.invitedBy' : 	Examining field 'Being.invitedBy' ...
	info - 'Interface' : 'Being.invitedBy' : 	Examining field argument 'Being.invitedBy.id' ...
	info - 'Interface' : 'Being.name' : 	Examining field 'Being.name' ...
	info - 'Interface' : 'Being.nameInQuenyan' : 	Examining field 'Being.nameInQuenyan' ...
	info - 'Interface' : 'Being.id' : 	Examining field 'Being.id' ...
	info - 'Interface' : 'Being.invitedBy' : 	Examining field 'Being.invitedBy' ...
	info - 'Interface' : 'Being.name' : 	Examining field 'Being.name' ...
	info - 'Interface' : 'Being.nameInQuenyan' : 	Examining field 'Being.nameInQuenyan' ...
	info - 'Object' : 'Query.allCharacters' : 	Examining field 'Query.allCharacters' ...
	info - 'Object' : 'Query.being' : 	Examining field 'Query.being' ...
	info - 'Object' : 'Query.beings' : 	Examining field 'Query.beings' ...
	info - 'Object' : 'Query.customScalar' : 	Examining field 'Query.customScalar' ...
	info - 'Object' : 'Query.deities' : 	Examining field 'Query.deities' ...
	info - 'Object' : 'Query.gods' : 	Examining field 'Query.gods' ...
	info - 'Object' : 'Query.wizards' : 	Examining field 'Query.wizards' ...
	info - 'Operation' : 'Mutation' : Examining operation 'Mutation' ...
	info - 'Object' : 'Mutation' : Examining type 'Mutation' ...
	info - 'Object' : 'Mutation.being' : 	Examining field 'Mutation.being' ...
	info - 'Object' : 'Mutation.being' : 	Examining field argument 'Mutation.being.questor' ...
	info - 'InputObject' : 'Questor' : Examining type 'Questor' ...
	info - 'InputObject' : 'Questor.beingID' : 	Examining input field 'Questor.beingID' ...
	info - 'InputObject' : 'Questor.nestedInput' : 	Examining input field 'Questor.nestedInput' ...
	info - 'InputObject' : 'NestedInput' : Examining type 'NestedInput' ...
	info - 'InputObject' : 'NestedInput.nestedInput' : 	Examining input field 'NestedInput.nestedInput' ...
	info - 'InputObject' : 'Questor.queryTarget' : 	Examining input field 'Questor.queryTarget' ...
	info - 'Object' : 'Mutation.sword' : 	Examining field 'Mutation.sword' ...
	info - 'Object' : 'Mutation.sword' : 	Examining field argument 'Mutation.sword.alloy' ...
	info - 'Object' : 'Mutation.sword' : 	Examining field argument 'Mutation.sword.bearer' ...
	info - 'Object' : 'Mutation.sword' : 	Examining field argument 'Mutation.sword.name' ...
	info - 'Object' : 'Mutation.sword' : 	Examining field argument 'Mutation.sword.temperament' ...
	info - 'Object' : 'Mutation.being' : 	Examining field 'Mutation.being' ...
	info - 'Object' : 'Mutation.sword' : 	Examining field 'Mutation.sword' ...


4 errors
1 warnings


	info - 'Operation' : 'Query' : Examining operation 'Query' ...
	info - 'Object' : 'Query' : Examining type 'Query' ...
	info - 'Object' : 'Query.allCharacters' : 	Examining field 'Query.allCharacters' ...
	info - 'Union' : 'Character' : Examining type 'Character' ...
DANGEROUS - 'Union' : 'Character' : The new API has added a new union member type 'BenignFigure'
	info - 'Object' : 'Query.being' : 	Examining field 'Query.being' ...
	info - 'Object' : 'Query.being' : 	Examining field argument 'Query.being.id' ...
	info - 'Object' : 'Query.being' : 	Examining field argument 'Query.being.type' ...
DANGEROUS - 'Object' : 'Query.being' : The new API has changed default value on argument named 'type' on field 'Query.being' of type 'Query
	info - 'Interface' : 'Being' : Examining type 'Being' ...
	info - 'Interface' : 'Being.id' : 	Examining field 'Being.id' ...
	info - 'Interface' : 'Being.invitedBy' : 	Examining field 'Being.invitedBy' ...
	info - 'Interface' : 'Being.invitedBy' : 	Examining field argument 'Being.invitedBy.id' ...
	info - 'Interface' : 'Being.name' : 	Examining field 'Being.name' ...
	info - 'Interface' : 'Being.nameInQuenyan' : 	Examining field 'Being.nameInQuenyan' ...
	info - 'Interface' : 'Being.id' : 	Examining field 'Being.id' ...
	info - 'Interface' : 'Being.invitedBy' : 	Examining field 'Being.invitedBy' ...
	info - 'Interface' : 'Being.name' : 	Examining field 'Being.name' ...
	info - 'Interface' : 'Being.nameInQuenyan' : 	Examining field 'Being.nameInQuenyan' ...
	info - 'Object' : 'Query.beings' : 	Examining field 'Query.beings' ...
	info - 'Object' : 'Query.beings' : 	Examining field argument 'Query.beings.type' ...
	info - 'Object' : 'Query.customScalar' : 	Examining field 'Query.customScalar' ...
	info - 'Scalar' : 'CustomScalar' : Examining type 'CustomScalar' ...
	info - 'Object' : 'Query.deities' : 	Examining field 'Query.deities' ...
	info - 'Object' : 'Deity' : Examining type 'Deity' ...
	info - 'Object' : 'Deity.id' : 	Examining field 'Deity.id' ...
	info - 'Object' : 'Deity.invitedBy' : 	Examining field 'Deity.invitedBy' ...
	info - 'Object' : 'Deity.invitedBy' : 	Examining field argument 'Deity.invitedBy.id' ...
	info - 'Object' : 'Deity.name' : 	Examining field 'Deity.name' ...
	info - 'Object' : 'Deity.nameInQuenyan' : 	Examining field 'Deity.nameInQuenyan' ...
	info - 'Object' : 'Deity.outlook' : 	Examining field 'Deity.outlook' ...
	info - 'Object' : 'Deity.id' : 	Examining field 'Deity.id' ...
	info - 'Object' : 'Deity.invitedBy' : 	Examining field 'Deity.invitedBy' ...
	info - 'Object' : 'Deity.name' : 	Examining field 'Deity.name' ...
	info - 'Object' : 'Deity.nameInQuenyan' : 	Examining field 'Deity.nameInQuenyan' ...
	info - 'Object' : 'Deity.outlook' : 	Examining field 'Deity.outlook' ...
	info - 'Interface' : 'Being.id' : 	Examining field 'Being.id' ...
	info - 'Interface' : 'Being.invitedBy' : 	Examining field 'Being.invitedBy' ...
	info - 'Interface' : 'Being.invitedBy' : 	Examining field argument 'Being.invitedBy.id' ...
	info - 'Interface' : 'Being.name' : 	Examining field 'Being.name' ...
	info - 'Interface' : 'Being.nameInQuenyan' : 	Examining field 'Being.nameInQuenyan' ...
	info - 'Interface' : 'Being.id' : 	Examining field 'Being.id' ...
	info - 'Interface' : 'Being.invitedBy' : 	Examining field 'Being.invitedBy' ...
	info - 'Interface' : 'Being.name' : 	Examining field 'Being.name' ...
	info - 'Interface' : 'Being.nameInQuenyan' : 	Examining field 'Being.nameInQuenyan' ...
	info - 'Object' : 'Query.gods' : 	Examining field 'Query.gods' ...
	info - 'Object' : 'Ainur' : Examining type 'Ainur' ...
	info - 'Object' : 'Ainur.id' : 	Examining field 'Ainur.id' ...
	info - 'Object' : 'Ainur.invitedBy' : 	Examining field 'Ainur.invitedBy' ...
	info - 'Object' : 'Ainur.invitedBy' : 	Examining field argument 'Ainur.invitedBy.id' ...
	info - 'Object' : 'Ainur.loves' : 	Examining field 'Ainur.loves' ...
	info - 'Object' : 'Ainur.name' : 	Examining field 'Ainur.name' ...
	info - 'Object' : 'Ainur.nameInQuenyan' : 	Examining field 'Ainur.nameInQuenyan' ...
	info - 'Object' : 'Ainur.id' : 	Examining field 'Ainur.id' ...
	info - 'Object' : 'Ainur.invitedBy' : 	Examining field 'Ainur.invitedBy' ...
	info - 'Object' : 'Ainur.loves' : 	Examining field 'Ainur.loves' ...
	info - 'Object' : 'Ainur.name' : 	Examining field 'Ainur.name' ...
	info - 'Object' : 'Ainur.nameInQuenyan' : 	Examining field 'Ainur.nameInQuenyan' ...
	info - 'Interface' : 'Being.id' : 	Examining field 'Being.id' ...
	info - 'Interface' : 'Being.invitedBy' : 	Examining field 'Being.invitedBy' ...
	info - 'Interface' : 'Being.invitedBy' : 	Examining field argument 'Being.invitedBy.id' ...
	info - 'Interface' : 'Being.name' : 	Examining field 'Being.name' ...
	info - 'Interface' : 'Being.nameInQuenyan' : 	Examining field 'Being.nameInQuenyan' ...
	info - 'Interface' : 'Being.id' : 	Examining field 'Being.id' ...
	info - 'Interface' : 'Being.invitedBy' : 	Examining field 'Being.invitedBy' ...
	info - 'Interface' : 'Being.name' : 	Examining field 'Being.name' ...
	info - 'Interface' : 'Being.nameInQuenyan' : 	Examining field 'Being.nameInQuenyan' ...
	info - 'Object' : 'Query.wizards' : 	Examining field 'Query.wizards' ...
	info - 'Object' : 'Istari' : Examining type 'Istari' ...
	info - 'Object' : 'Istari.colour' : 	Examining field 'Istari.colour' ...
	info - 'Object' : 'Istari.id' : 	Examining field 'Istari.id' ...
	info - 'Object' : 'Istari.invitedBy' : 	Examining field 'Istari.invitedBy' ...
	info - 'Object' : 'Istari.invitedBy' : 	Examining field argument 'Istari.invitedBy.id' ...
	info - 'Object' : 'Istari.name' : 	Examining field 'Istari.name' ...
	info - 'Object' : 'Istari.nameInQuenyan' : 	Examining field 'Istari.nameInQuenyan' ...
	info - 'Object' : 'Istari.temperament' : 	Examining field 'Istari.temperament' ...
	info - 'Enum' : 'Temperament' : Examining type 'Temperament' ...
DANGEROUS - 'Enum' : 'Temperament' : The new API has added a new enum value 'Nonplussed'
	info - 'Object' : 'Istari.colour' : 	Examining field 'Istari.colour' ...
	info - 'Object' : 'Istari.id' : 	Examining field 'Istari.id' ...
	info - 'Object' : 'Istari.invitedBy' : 	Examining field 'Istari.invitedBy' ...
	info - 'Object' : 'Istari.name' : 	Examining field 'Istari.name' ...
	info - 'Object' : 'Istari.nameInQuenyan' : 	Examining field 'Istari.nameInQuenyan' ...
	info - 'Object' : 'Istari.temperament' : 	Examining field 'Istari.temperament' ...
	info - 'Interface' : 'Being.id' : 	Examining field 'Being.id' ...
	info - 'Interface' : 'Being.invitedBy' : 	Examining field 'Being.invitedBy' ...
	info - 'Interface' : 'Being.invitedBy' : 	Examining field argument 'Being.invitedBy.id' ...
	info - 'Interface' : 'Being.name' : 	Examining field 'Being.name' ...
	info - 'Interface' : 'Being.nameInQuenyan' : 	Examining field 'Being.nameInQuenyan' ...
	info - 'Interface' : 'Being.id' : 	Examining field 'Being.id' ...
	info - 'Interface' : 'Being.invitedBy' : 	Examining field 'Being.invitedBy' ...
	info - 'Interface' : 'Being.name' : 	Examining field 'Being.name' ...
	info - 'Interface' : 'Being.nameInQuenyan' : 	Examining field 'Being.nameInQuenyan' ...
	info - 'Object' : 'Query.allCharacters' : 	Examining field 'Query.allCharacters' ...
	info - 'Object' : 'Query.being' : 	Examining field 'Query.being' ...
	info - 'Object' : 'Query.beings' : 	Examining field 'Query.beings' ...
	info - 'Object' : 'Query.customScalar' : 	Examining field 'Query.customScalar' ...
	info - 'Object' : 'Query.deities' : 	Examining field 'Query.deities' ...
	info - 'Object' : 'Query.gods' : 	Examining field 'Query.gods' ...
	info - 'Object' : 'Query.wizards' : 	Examining field 'Query.wizards' ...
	info - 'Operation' : 'Mutation' : Examining operation 'Mutation' ...
	info - 'Object' : 'Mutation' : Examining type 'Mutation' ...
	info - 'Object' : 'Mutation.being' : 	Examining field 'Mutation.being' ...
	info - 'Object' : 'Mutation.being' : 	Examining field argument 'Mutation.being.questor' ...
	info - 'InputObject' : 'Questor' : Examining type 'Questor' ...
	info - 'InputObject' : 'Questor.beingID' : 	Examining input field 'Questor.beingID' ...
	info - 'InputObject' : 'Questor.nestedInput' : 	Examining input field 'Questor.nestedInput' ...
	info - 'InputObject' : 'NestedInput' : Examining type 'NestedInput' ...
	info - 'InputObject' : 'NestedInput.nestedInput' : 	Examining input field 'NestedInput.nestedInput' ...
	info - 'InputObject' : 'Questor.queryTarget' : 	Examining input field 'Questor.queryTarget' ...
	info - 'Object' : 'Mutation.sword' : 	Examining field 'Mutation.sword' ...
	info - 'Object' : 'Mutation.sword' : 	Examining field argument 'Mutation.sword.alloy' ...
	info - 'Object' : 'Mutation.sword' : 	Examining field argument 'Mutation.sword.bearer' ...
	info - 'Object' : 'Mutation.sword' : 	Examining field argument 'Mutation.sword.name' ...
	info - 'Object' : 'Mutation.sword' : 	Examining field argument 'Mutation.sword.temperament' ...
	info - 'Object' : 'Mutation.being' : 	Examining field 'Mutation.being' ...
	info - 'Object' : 'Mutation.sword' : 	Examining field 'Mutation.sword' ...


0 errors
3 warnings


]]></system-out>
  <system-err><![CDATA[]]></system-err>
</testsuite>
