<?xml version="1.0" encoding="UTF-8"?>
<testsuite name="graphql.execution.nextgen.result.ExecutionResultNodeTest" tests="10" skipped="0" failures="0" errors="0" timestamp="2019-10-01T16:24:16" hostname="pc1295" time="0.005">
  <properties/>
  <testcase name="construction of objects with new errors works[0]" classname="graphql.execution.nextgen.result.ExecutionResultNodeTest" time="0.001"/>
  <testcase name="construction of objects with new errors works[1]" classname="graphql.execution.nextgen.result.ExecutionResultNodeTest" time="0.0"/>
  <testcase name="construction of objects with new errors works[2]" classname="graphql.execution.nextgen.result.ExecutionResultNodeTest" time="0.001"/>
  <testcase name="construction of objects with new errors works[3]" classname="graphql.execution.nextgen.result.ExecutionResultNodeTest" time="0.0"/>
  <testcase name="construction of objects with new esi works[0]" classname="graphql.execution.nextgen.result.ExecutionResultNodeTest" time="0.001"/>
  <testcase name="construction of objects with new esi works[1]" classname="graphql.execution.nextgen.result.ExecutionResultNodeTest" time="0.0"/>
  <testcase name="construction of objects with new esi works[2]" classname="graphql.execution.nextgen.result.ExecutionResultNodeTest" time="0.0"/>
  <testcase name="construction of objects with new children works[0]" classname="graphql.execution.nextgen.result.ExecutionResultNodeTest" time="0.0"/>
  <testcase name="construction of objects with new children works[1]" classname="graphql.execution.nextgen.result.ExecutionResultNodeTest" time="0.0"/>
  <testcase name="construction of objects with new children works[2]" classname="graphql.execution.nextgen.result.ExecutionResultNodeTest" time="0.001"/>
  <system-out><![CDATA[]]></system-out>
  <system-err><![CDATA[]]></system-err>
</testsuite>
