<?xml version="1.0" encoding="UTF-8"?>
<testsuite name="graphql.validation.rules.VariableTypesMatchRuleTest" tests="2" skipped="0" failures="0" errors="0" timestamp="2019-10-01T16:24:18" hostname="pc1295" time="0.015">
  <properties/>
  <testcase name="invalid type" classname="graphql.validation.rules.VariableTypesMatchRuleTest" time="0.015"/>
  <testcase name="validation error message contains type information - issue 911 " classname="graphql.validation.rules.VariableTypesMatchRuleTest" time="0.0"/>
  <system-out><![CDATA[]]></system-out>
  <system-err><![CDATA[]]></system-err>
</testsuite>
