<?xml version="1.0" encoding="UTF-8"?>
<testsuite name="graphql.language.AstSignatureTest" tests="1" skipped="0" failures="0" errors="0" timestamp="2019-10-01T16:24:20" hostname="pc1295" time="0.018">
  <properties/>
  <testcase name="can make a signature for a query" classname="graphql.language.AstSignatureTest" time="0.018"/>
  <system-out><![CDATA[]]></system-out>
  <system-err><![CDATA[]]></system-err>
</testsuite>
