<?xml version="1.0" encoding="UTF-8"?>
<testsuite name="graphql.language.NodeTraverserTest" tests="7" skipped="0" failures="0" errors="0" timestamp="2019-10-01T16:24:20" hostname="pc1295" time="0.049">
  <properties/>
  <testcase name="traverse nodes in depth first" classname="graphql.language.NodeTraverserTest" time="0.022"/>
  <testcase name="traverse nodes returns accumulate" classname="graphql.language.NodeTraverserTest" time="0.004"/>
  <testcase name="traverse nodes in pre-order" classname="graphql.language.NodeTraverserTest" time="0.007"/>
  <testcase name="traverse nodes in post-order" classname="graphql.language.NodeTraverserTest" time="0.007"/>
  <testcase name="uses root vars" classname="graphql.language.NodeTraverserTest" time="0.003"/>
  <testcase name="uses custom getChildren" classname="graphql.language.NodeTraverserTest" time="0.002"/>
  <testcase name="one visit with result" classname="graphql.language.NodeTraverserTest" time="0.004"/>
  <system-out><![CDATA[]]></system-out>
  <system-err><![CDATA[]]></system-err>
</testsuite>
