<?xml version="1.0" encoding="UTF-8"?>
<testsuite name="graphql.validation.rules.NoUndefinedVariablesTest" tests="4" skipped="0" failures="0" errors="0" timestamp="2019-10-01T16:24:18" hostname="pc1295" time="0.009">
  <properties/>
  <testcase name="undefined variable" classname="graphql.validation.rules.NoUndefinedVariablesTest" time="0.007"/>
  <testcase name="all variables definied" classname="graphql.validation.rules.NoUndefinedVariablesTest" time="0.001"/>
  <testcase name="all variables in fragments deeply defined" classname="graphql.validation.rules.NoUndefinedVariablesTest" time="0.001"/>
  <testcase name="variable in fragment not defined by operation" classname="graphql.validation.rules.NoUndefinedVariablesTest" time="0.0"/>
  <system-out><![CDATA[]]></system-out>
  <system-err><![CDATA[]]></system-err>
</testsuite>
