<?xml version="1.0" encoding="UTF-8"?>
<testsuite name="graphql.schema.AsyncDataFetcherTest" tests="2" skipped="0" failures="0" errors="0" timestamp="2019-10-01T16:24:06" hostname="pc1295" time="0.021">
  <properties/>
  <testcase name="A data fetcher can be made asynchronous with AsynchronousDataFetcher#async" classname="graphql.schema.AsyncDataFetcherTest" time="0.015"/>
  <testcase name="will accept its own executor" classname="graphql.schema.AsyncDataFetcherTest" time="0.006"/>
  <system-out><![CDATA[]]></system-out>
  <system-err><![CDATA[]]></system-err>
</testsuite>
