<?xml version="1.0" encoding="UTF-8"?>
<testsuite name="graphql.language.NodeUtilTest" tests="2" skipped="0" failures="0" errors="0" timestamp="2019-10-01T16:24:20" hostname="pc1295" time="0.006">
  <properties/>
  <testcase name="getOperation: when multiple operations are defined in the query and operation name is missing then it should throw UnknownOperationException" classname="graphql.language.NodeUtilTest" time="0.006"/>
  <testcase name="getOperation: when multiple operations are defined in the query and operation name doesn't match any of the query operations then it should throw UnknownOperationException" classname="graphql.language.NodeUtilTest" time="0.0"/>
  <system-out><![CDATA[]]></system-out>
  <system-err><![CDATA[]]></system-err>
</testsuite>
