<?xml version="1.0" encoding="UTF-8"?>
<testsuite name="graphql.schema.GraphQLScalarTypeTest" tests="1" skipped="0" failures="0" errors="0" timestamp="2019-10-01T16:24:05" hostname="pc1295" time="0.017">
  <properties/>
  <testcase name="builder works as expected" classname="graphql.schema.GraphQLScalarTypeTest" time="0.017"/>
  <system-out><![CDATA[]]></system-out>
  <system-err><![CDATA[]]></system-err>
</testsuite>
