<?xml version="1.0" encoding="UTF-8"?>
<testsuite name="graphql.introspection.IntrospectionTest" tests="1" skipped="0" failures="0" errors="0" timestamp="2019-10-01T16:24:18" hostname="pc1295" time="0.027">
  <properties/>
  <testcase name="bug 1186 - introspection depth check" classname="graphql.introspection.IntrospectionTest" time="0.027"/>
  <system-out><![CDATA[]]></system-out>
  <system-err><![CDATA[]]></system-err>
</testsuite>
