<?xml version="1.0" encoding="UTF-8"?>
<testsuite name="graphql.RelaySchemaTest" tests="3" skipped="0" failures="0" errors="0" timestamp="2019-10-01T16:24:19" hostname="pc1295" time="0.013">
  <properties/>
  <testcase name="Validate Relay Node schema" classname="graphql.RelaySchemaTest" time="0.01"/>
  <testcase name="Validate Relay StuffConnection schema" classname="graphql.RelaySchemaTest" time="0.002"/>
  <testcase name="Validate Relay StuffEdge schema" classname="graphql.RelaySchemaTest" time="0.001"/>
  <system-out><![CDATA[]]></system-out>
  <system-err><![CDATA[]]></system-err>
</testsuite>
