<?xml version="1.0" encoding="UTF-8"?>
<testsuite name="graphql.execution.ExecutionStrategyEquivalenceTest" tests="5" skipped="0" failures="0" errors="0" timestamp="2019-10-01T16:24:10" hostname="pc1295" time="0.018">
  <properties/>
  <testcase name="execution strategy equivalence (strategy: async)" classname="graphql.execution.ExecutionStrategyEquivalenceTest" time="0.004"/>
  <testcase name="execution strategy equivalence (strategy: asyncSerial)" classname="graphql.execution.ExecutionStrategyEquivalenceTest" time="0.003"/>
  <testcase name="execution strategy equivalence (strategy: breadthFirst)" classname="graphql.execution.ExecutionStrategyEquivalenceTest" time="0.003"/>
  <testcase name="execution strategy equivalence (strategy: executorService)" classname="graphql.execution.ExecutionStrategyEquivalenceTest" time="0.004"/>
  <testcase name="execution strategy equivalence (strategy: breadthFirst)" classname="graphql.execution.ExecutionStrategyEquivalenceTest" time="0.004"/>
  <system-out><![CDATA[]]></system-out>
  <system-err><![CDATA[]]></system-err>
</testsuite>
