<?xml version="1.0" encoding="UTF-8"?>
<testsuite name="graphql.validation.SpecValidation562Test" tests="3" skipped="0" failures="0" errors="0" timestamp="2019-10-01T16:24:18" hostname="pc1295" time="0.005">
  <properties/>
  <testcase name="Directives Are In Valid Locations -- Skip query" classname="graphql.validation.SpecValidation562Test" time="0.004"/>
  <testcase name="Directives Are In Valid Locations -- Skip frag def" classname="graphql.validation.SpecValidation562Test" time="0.001"/>
  <testcase name="Directives Are In Valid Locations -- Skip inline frag def" classname="graphql.validation.SpecValidation562Test" time="0.0"/>
  <system-out><![CDATA[]]></system-out>
  <system-err><![CDATA[]]></system-err>
</testsuite>
