<?xml version="1.0" encoding="UTF-8"?>
<testsuite name="graphql.validation.SpecValidation5421Test" tests="1" skipped="0" failures="0" errors="0" timestamp="2019-10-01T16:24:18" hostname="pc1295" time="0.003">
  <properties/>
  <testcase name="5.4.2.1 Fragment spread target defined " classname="graphql.validation.SpecValidation5421Test" time="0.003"/>
  <system-out><![CDATA[]]></system-out>
  <system-err><![CDATA[]]></system-err>
</testsuite>
