<?xml version="1.0" encoding="UTF-8"?>
<testsuite name="graphql.validation.ValidateCustomDirectives" tests="2" skipped="0" failures="0" errors="0" timestamp="2019-10-01T16:24:18" hostname="pc1295" time="0.006">
  <properties/>
  <testcase name="Schema with custom directive validates query with same directive" classname="graphql.validation.ValidateCustomDirectives" time="0.005"/>
  <testcase name="Schema with custom directive validates query parameters" classname="graphql.validation.ValidateCustomDirectives" time="0.001"/>
  <system-out><![CDATA[]]></system-out>
  <system-err><![CDATA[]]></system-err>
</testsuite>
