<?xml version="1.0" encoding="UTF-8"?>
<testsuite name="graphql.validation.SpecValidation532Test" tests="2" skipped="0" failures="0" errors="0" timestamp="2019-10-01T16:24:18" hostname="pc1295" time="0.005">
  <properties/>
  <testcase name="5.3.2 Field Selection Merging - conflicting fields in mutually exclusive fragments" classname="graphql.validation.SpecValidation532Test" time="0.004"/>
  <testcase name="5.3.2 Field Selection Merging - field responses must be shapes which can be merged" classname="graphql.validation.SpecValidation532Test" time="0.001"/>
  <system-out><![CDATA[]]></system-out>
  <system-err><![CDATA[]]></system-err>
</testsuite>
