<?xml version="1.0" encoding="UTF-8"?>
<testsuite name="graphql.schema.GraphqlTypeComparatorsTest" tests="7" skipped="0" failures="0" errors="0" timestamp="2019-10-01T16:24:08" hostname="pc1295" time="0.073">
  <properties/>
  <testcase name="test that types sorted from the schema" classname="graphql.schema.GraphqlTypeComparatorsTest" time="0.014"/>
  <testcase name="test that fields in a type are sorted" classname="graphql.schema.GraphqlTypeComparatorsTest" time="0.012"/>
  <testcase name="test that members in a union are sorted" classname="graphql.schema.GraphqlTypeComparatorsTest" time="0.008"/>
  <testcase name="test that implementations in a object type are sorted" classname="graphql.schema.GraphqlTypeComparatorsTest" time="0.009"/>
  <testcase name="test that args in a field in a type are sorted" classname="graphql.schema.GraphqlTypeComparatorsTest" time="0.008"/>
  <testcase name="test that enum values in a enum are sorted" classname="graphql.schema.GraphqlTypeComparatorsTest" time="0.009"/>
  <testcase name="test that input fields in a input type are sorted" classname="graphql.schema.GraphqlTypeComparatorsTest" time="0.013"/>
  <system-out><![CDATA[]]></system-out>
  <system-err><![CDATA[]]></system-err>
</testsuite>
