<?xml version="1.0" encoding="UTF-8"?>
<testsuite name="graphql.validation.rules.VariableDefaultValuesOfCorrectTypeTest" tests="2" skipped="0" failures="0" errors="0" timestamp="2019-10-01T16:24:18" hostname="pc1295" time="0.019">
  <properties/>
  <testcase name="NonNull type, but with default value" classname="graphql.validation.rules.VariableDefaultValuesOfCorrectTypeTest" time="0.012"/>
  <testcase name="default value has wrong type" classname="graphql.validation.rules.VariableDefaultValuesOfCorrectTypeTest" time="0.006"/>
  <system-out><![CDATA[]]></system-out>
  <system-err><![CDATA[]]></system-err>
</testsuite>
