<?xml version="1.0" encoding="UTF-8"?>
<testsuite name="graphql.execution.instrumentation.dataloader.DataLoaderPerformanceWithChainedInstrumentationTest" tests="6" skipped="1" failures="0" errors="0" timestamp="2019-10-01T16:24:11" hostname="pc1295" time="0.699">
  <properties/>
  <testcase name="chainedInstrumentation: 760 ensure data loader is performant for lists" classname="graphql.execution.instrumentation.dataloader.DataLoaderPerformanceWithChainedInstrumentationTest" time="0.091"/>
  <testcase name="chainedInstrumentation: 970 ensure data loader is performant for multiple field with lists" classname="graphql.execution.instrumentation.dataloader.DataLoaderPerformanceWithChainedInstrumentationTest" time="0.0">
    <skipped/>
  </testcase>
  <testcase name="chainedInstrumentation: ensure data loader is performant for lists using async batch loading" classname="graphql.execution.instrumentation.dataloader.DataLoaderPerformanceWithChainedInstrumentationTest" time="0.128"/>
  <testcase name="chainedInstrumentation: 970 ensure data loader is performant for multiple field with lists using async batch loading" classname="graphql.execution.instrumentation.dataloader.DataLoaderPerformanceWithChainedInstrumentationTest" time="0.219"/>
  <testcase name="chainedInstrumentation: data loader will work with deferred queries" classname="graphql.execution.instrumentation.dataloader.DataLoaderPerformanceWithChainedInstrumentationTest" time="0.139"/>
  <testcase name="chainedInstrumentation: data loader will work with deferred queries on multiple levels deep" classname="graphql.execution.instrumentation.dataloader.DataLoaderPerformanceWithChainedInstrumentationTest" time="0.122"/>
  <system-out><![CDATA[ids[shop-1, shop-2, shop-3]
getDepartmentsForShops batch: [Shop{id='shop-1', name='Shop 1', departmentIds=[department-1, department-2, department-3]}, Shop{id='shop-2', name='Shop 2', departmentIds=[department-4, department-5, department-6]}, Shop{id='shop-3', name='Shop 3', departmentIds=[department-7, department-8, department-9]}]
result [[Department{id='department-1', name='Department 1', productIds=[product-1]}, Department{id='department-2', name='Department 2', productIds=[product-2]}, Department{id='department-3', name='Department 3', productIds=[product-3]}], [Department{id='department-4', name='Department 4', productIds=[product-4]}, Department{id='department-5', name='Department 5', productIds=[product-5]}, Department{id='department-6', name='Department 6', productIds=[product-6]}], [Department{id='department-7', name='Department 7', productIds=[product-7]}, Department{id='department-8', name='Department 8', productIds=[product-8]}, Department{id='department-9', name='Department 9', productIds=[product-9]}]]
getProductsForDepartments batch: [Department{id='department-1', name='Department 1', productIds=[product-1]}, Department{id='department-2', name='Department 2', productIds=[product-2]}, Department{id='department-3', name='Department 3', productIds=[product-3]}, Department{id='department-4', name='Department 4', productIds=[product-4]}, Department{id='department-5', name='Department 5', productIds=[product-5]}, Department{id='department-6', name='Department 6', productIds=[product-6]}, Department{id='department-7', name='Department 7', productIds=[product-7]}, Department{id='department-8', name='Department 8', productIds=[product-8]}, Department{id='department-9', name='Department 9', productIds=[product-9]}]
ids[shop-1, shop-2, shop-3]
getDepartmentsForShops batch: [Shop{id='shop-1', name='Shop 1', departmentIds=[department-1, department-2, department-3]}, Shop{id='shop-2', name='Shop 2', departmentIds=[department-4, department-5, department-6]}, Shop{id='shop-3', name='Shop 3', departmentIds=[department-7, department-8, department-9]}]
result [[Department{id='department-1', name='Department 1', productIds=[product-1]}, Department{id='department-2', name='Department 2', productIds=[product-2]}, Department{id='department-3', name='Department 3', productIds=[product-3]}], [Department{id='department-4', name='Department 4', productIds=[product-4]}, Department{id='department-5', name='Department 5', productIds=[product-5]}, Department{id='department-6', name='Department 6', productIds=[product-6]}], [Department{id='department-7', name='Department 7', productIds=[product-7]}, Department{id='department-8', name='Department 8', productIds=[product-8]}, Department{id='department-9', name='Department 9', productIds=[product-9]}]]
getProductsForDepartments batch: [Department{id='department-1', name='Department 1', productIds=[product-1]}, Department{id='department-2', name='Department 2', productIds=[product-2]}, Department{id='department-3', name='Department 3', productIds=[product-3]}, Department{id='department-4', name='Department 4', productIds=[product-4]}, Department{id='department-5', name='Department 5', productIds=[product-5]}, Department{id='department-6', name='Department 6', productIds=[product-6]}, Department{id='department-7', name='Department 7', productIds=[product-7]}, Department{id='department-8', name='Department 8', productIds=[product-8]}, Department{id='department-9', name='Department 9', productIds=[product-9]}]
ids[shop-1, shop-2, shop-3, exshop-1, exshop-2, exshop-3]
getDepartmentsForShops batch: [Shop{id='shop-1', name='Shop 1', departmentIds=[department-1, department-2, department-3]}, Shop{id='shop-2', name='Shop 2', departmentIds=[department-4, department-5, department-6]}, Shop{id='shop-3', name='Shop 3', departmentIds=[department-7, department-8, department-9]}, Shop{id='exshop-1', name='ExShop 1', departmentIds=[department-1, department-2, department-3]}, Shop{id='exshop-2', name='ExShop 2', departmentIds=[department-4, department-5, department-6]}, Shop{id='exshop-3', name='ExShop 3', departmentIds=[department-7, department-8, department-9]}]
result [[Department{id='department-1', name='Department 1', productIds=[product-1]}, Department{id='department-2', name='Department 2', productIds=[product-2]}, Department{id='department-3', name='Department 3', productIds=[product-3]}], [Department{id='department-4', name='Department 4', productIds=[product-4]}, Department{id='department-5', name='Department 5', productIds=[product-5]}, Department{id='department-6', name='Department 6', productIds=[product-6]}], [Department{id='department-7', name='Department 7', productIds=[product-7]}, Department{id='department-8', name='Department 8', productIds=[product-8]}, Department{id='department-9', name='Department 9', productIds=[product-9]}], [Department{id='department-1', name='Department 1', productIds=[product-1]}, Department{id='department-2', name='Department 2', productIds=[product-2]}, Department{id='department-3', name='Department 3', productIds=[product-3]}], [Department{id='department-4', name='Department 4', productIds=[product-4]}, Department{id='department-5', name='Department 5', productIds=[product-5]}, Department{id='department-6', name='Department 6', productIds=[product-6]}], [Department{id='department-7', name='Department 7', productIds=[product-7]}, Department{id='department-8', name='Department 8', productIds=[product-8]}, Department{id='department-9', name='Department 9', productIds=[product-9]}]]
getProductsForDepartments batch: [Department{id='department-1', name='Department 1', productIds=[product-1]}, Department{id='department-2', name='Department 2', productIds=[product-2]}, Department{id='department-3', name='Department 3', productIds=[product-3]}, Department{id='department-4', name='Department 4', productIds=[product-4]}, Department{id='department-5', name='Department 5', productIds=[product-5]}, Department{id='department-6', name='Department 6', productIds=[product-6]}, Department{id='department-7', name='Department 7', productIds=[product-7]}, Department{id='department-8', name='Department 8', productIds=[product-8]}, Department{id='department-9', name='Department 9', productIds=[product-9]}]
ids[shop-1]
getDepartmentsForShops batch: [Shop{id='shop-1', name='Shop 1', departmentIds=[department-1, department-2, department-3]}]
result [[Department{id='department-1', name='Department 1', productIds=[product-1]}, Department{id='department-2', name='Department 2', productIds=[product-2]}, Department{id='department-3', name='Department 3', productIds=[product-3]}]]
getProductsForDepartments batch: [Department{id='department-1', name='Department 1', productIds=[product-1]}, Department{id='department-2', name='Department 2', productIds=[product-2]}, Department{id='department-3', name='Department 3', productIds=[product-3]}]
ids[shop-2]
getDepartmentsForShops batch: [Shop{id='shop-2', name='Shop 2', departmentIds=[department-4, department-5, department-6]}]
result [[Department{id='department-4', name='Department 4', productIds=[product-4]}, Department{id='department-5', name='Department 5', productIds=[product-5]}, Department{id='department-6', name='Department 6', productIds=[product-6]}]]
getProductsForDepartments batch: [Department{id='department-4', name='Department 4', productIds=[product-4]}, Department{id='department-5', name='Department 5', productIds=[product-5]}, Department{id='department-6', name='Department 6', productIds=[product-6]}]
ids[shop-3]
getDepartmentsForShops batch: [Shop{id='shop-3', name='Shop 3', departmentIds=[department-7, department-8, department-9]}]
result [[Department{id='department-7', name='Department 7', productIds=[product-7]}, Department{id='department-8', name='Department 8', productIds=[product-8]}, Department{id='department-9', name='Department 9', productIds=[product-9]}]]
getProductsForDepartments batch: [Department{id='department-7', name='Department 7', productIds=[product-7]}, Department{id='department-8', name='Department 8', productIds=[product-8]}, Department{id='department-9', name='Department 9', productIds=[product-9]}]
ids[shop-1]
getDepartmentsForShops batch: [Shop{id='shop-1', name='Shop 1', departmentIds=[department-1, department-2, department-3]}]
result [[Department{id='department-1', name='Department 1', productIds=[product-1]}, Department{id='department-2', name='Department 2', productIds=[product-2]}, Department{id='department-3', name='Department 3', productIds=[product-3]}]]
getProductsForDepartments batch: [Department{id='department-1', name='Department 1', productIds=[product-1]}, Department{id='department-2', name='Department 2', productIds=[product-2]}, Department{id='department-3', name='Department 3', productIds=[product-3]}]
ids[shop-2]
getDepartmentsForShops batch: [Shop{id='shop-2', name='Shop 2', departmentIds=[department-4, department-5, department-6]}]
result [[Department{id='department-4', name='Department 4', productIds=[product-4]}, Department{id='department-5', name='Department 5', productIds=[product-5]}, Department{id='department-6', name='Department 6', productIds=[product-6]}]]
getProductsForDepartments batch: [Department{id='department-4', name='Department 4', productIds=[product-4]}, Department{id='department-5', name='Department 5', productIds=[product-5]}, Department{id='department-6', name='Department 6', productIds=[product-6]}]
ids[shop-3]
getDepartmentsForShops batch: [Shop{id='shop-3', name='Shop 3', departmentIds=[department-7, department-8, department-9]}]
result [[Department{id='department-7', name='Department 7', productIds=[product-7]}, Department{id='department-8', name='Department 8', productIds=[product-8]}, Department{id='department-9', name='Department 9', productIds=[product-9]}]]
getProductsForDepartments batch: [Department{id='department-7', name='Department 7', productIds=[product-7]}, Department{id='department-8', name='Department 8', productIds=[product-8]}, Department{id='department-9', name='Department 9', productIds=[product-9]}]
]]></system-out>
  <system-err><![CDATA[]]></system-err>
</testsuite>
