<?xml version="1.0" encoding="UTF-8"?>
<testsuite name="graphql.execution.nextgen.result.ResultNodesUtilTest" tests="1" skipped="0" failures="0" errors="0" timestamp="2019-10-01T16:24:16" hostname="pc1295" time="0.021">
  <properties/>
  <testcase name="convert errors for null values" classname="graphql.execution.nextgen.result.ResultNodesUtilTest" time="0.021"/>
  <system-out><![CDATA[]]></system-out>
  <system-err><![CDATA[]]></system-err>
</testsuite>
