<?xml version="1.0" encoding="UTF-8"?>
<testsuite name="graphql.execution.AbsoluteGraphQLErrorTest" tests="6" skipped="0" failures="0" errors="0" timestamp="2019-10-01T16:24:16" hostname="pc1295" time="0.019">
  <properties/>
  <testcase name="constructor works as expected" classname="graphql.execution.AbsoluteGraphQLErrorTest" time="0.017"/>
  <testcase name="constructor handles missing path" classname="graphql.execution.AbsoluteGraphQLErrorTest" time="0.001"/>
  <testcase name="when constructor receives empty path it should return the base field path" classname="graphql.execution.AbsoluteGraphQLErrorTest" time="0.0"/>
  <testcase name="constructor handles missing locations as null" classname="graphql.execution.AbsoluteGraphQLErrorTest" time="0.0"/>
  <testcase name="when constructor receives empty locations it should return the base field locations" classname="graphql.execution.AbsoluteGraphQLErrorTest" time="0.001"/>
  <testcase name="constructor transforms multiple source locations" classname="graphql.execution.AbsoluteGraphQLErrorTest" time="0.0"/>
  <system-out><![CDATA[]]></system-out>
  <system-err><![CDATA[]]></system-err>
</testsuite>
