<?xml version="1.0" encoding="UTF-8"?>
<testsuite name="graphql.execution.DataFetcherResultTest" tests="3" skipped="0" failures="0" errors="0" timestamp="2019-10-01T16:24:16" hostname="pc1295" time="0.005">
  <properties/>
  <testcase name="basic building" classname="graphql.execution.DataFetcherResultTest" time="0.004"/>
  <testcase name="hasErrors can be called" classname="graphql.execution.DataFetcherResultTest" time="0.0"/>
  <testcase name="map relative is off by default" classname="graphql.execution.DataFetcherResultTest" time="0.001"/>
  <system-out><![CDATA[]]></system-out>
  <system-err><![CDATA[]]></system-err>
</testsuite>
