<?xml version="1.0" encoding="UTF-8"?>
<testsuite name="graphql.validation.rules.UniqueFragmentNamesTest" tests="1" skipped="0" failures="0" errors="0" timestamp="2019-10-01T16:24:18" hostname="pc1295" time="0.004">
  <properties/>
  <testcase name="duplicate fragment names are not allowed" classname="graphql.validation.rules.UniqueFragmentNamesTest" time="0.004"/>
  <system-out><![CDATA[]]></system-out>
  <system-err><![CDATA[]]></system-err>
</testsuite>
