<?xml version="1.0" encoding="UTF-8"?>
<testsuite name="graphql.execution.instrumentation.dataloader.Issue1178DataLoaderDispatchTest" tests="1" skipped="0" failures="0" errors="0" timestamp="2019-10-01T16:24:14" hostname="pc1295" time="0.364">
  <properties/>
  <testcase name="shouldn't dispatch twice in multithreaded env" classname="graphql.execution.instrumentation.dataloader.Issue1178DataLoaderDispatchTest" time="0.364"/>
  <system-out><![CDATA[]]></system-out>
  <system-err><![CDATA[]]></system-err>
</testsuite>
