<?xml version="1.0" encoding="UTF-8"?>
<testsuite name="graphql.parser.IDLParserTest" tests="24" skipped="0" failures="0" errors="0" timestamp="2019-10-01T16:24:21" hostname="pc1295" time="0.037">
  <properties/>
  <testcase name="StarWars schema" classname="graphql.parser.IDLParserTest" time="0.009"/>
  <testcase name="interface schema" classname="graphql.parser.IDLParserTest" time="0.002"/>
  <testcase name="enum schema" classname="graphql.parser.IDLParserTest" time="0.001"/>
  <testcase name="object schema" classname="graphql.parser.IDLParserTest" time="0.001"/>
  <testcase name="scalar schema" classname="graphql.parser.IDLParserTest" time="0.001"/>
  <testcase name="union schema" classname="graphql.parser.IDLParserTest" time="0.001"/>
  <testcase name="input object schema" classname="graphql.parser.IDLParserTest" time="0.0"/>
  <testcase name="toplevel schema" classname="graphql.parser.IDLParserTest" time="0.002"/>
  <testcase name="extend schema" classname="graphql.parser.IDLParserTest" time="0.001"/>
  <testcase name="directive schema" classname="graphql.parser.IDLParserTest" time="0.0"/>
  <testcase name="comment support on definitions" classname="graphql.parser.IDLParserTest" time="0.006"/>
  <testcase name="comments on field arguments" classname="graphql.parser.IDLParserTest" time="0.0"/>
  <testcase name="empty type definition" classname="graphql.parser.IDLParserTest" time="0.001"/>
  <testcase name="empty type definition with body" classname="graphql.parser.IDLParserTest" time="0.0"/>
  <testcase name="type implements can have &amp; character for extra names" classname="graphql.parser.IDLParserTest" time="0.0"/>
  <testcase name="object type extensions" classname="graphql.parser.IDLParserTest" time="0.002"/>
  <testcase name="interface type extensions" classname="graphql.parser.IDLParserTest" time="0.001"/>
  <testcase name="union type extensions" classname="graphql.parser.IDLParserTest" time="0.001"/>
  <testcase name="enum type extensions" classname="graphql.parser.IDLParserTest" time="0.001"/>
  <testcase name="scalar type extensions" classname="graphql.parser.IDLParserTest" time="0.001"/>
  <testcase name="input object type extensions" classname="graphql.parser.IDLParserTest" time="0.001"/>
  <testcase name="source name is available when specified" classname="graphql.parser.IDLParserTest" time="0.0"/>
  <testcase name="able to allow special names for field names" classname="graphql.parser.IDLParserTest" time="0.001"/>
  <testcase name="parse description with emoji characters" classname="graphql.parser.IDLParserTest" time="0.003"/>
  <system-out><![CDATA[]]></system-out>
  <system-err><![CDATA[]]></system-err>
</testsuite>
