<?xml version="1.0" encoding="UTF-8"?>
<testsuite name="graphql.execution.directives.QueryDirectivesIntegrationTest" tests="2" skipped="0" failures="0" errors="0" timestamp="2019-10-01T16:24:10" hostname="pc1295" time="0.028">
  <properties/>
  <testcase name="can collector directives as expected" classname="graphql.execution.directives.QueryDirectivesIntegrationTest" time="0.023"/>
  <testcase name="wont create directives for peer fields accidentally" classname="graphql.execution.directives.QueryDirectivesIntegrationTest" time="0.005"/>
  <system-out><![CDATA[]]></system-out>
  <system-err><![CDATA[]]></system-err>
</testsuite>
