<?xml version="1.0" encoding="UTF-8"?>
<testsuite name="graphql.schema.GraphQLArgumentTest" tests="2" skipped="0" failures="0" errors="0" timestamp="2019-10-01T16:24:08" hostname="pc1295" time="0.007">
  <properties/>
  <testcase name="object can be transformed" classname="graphql.schema.GraphQLArgumentTest" time="0.006"/>
  <testcase name="directive support on arguments via builder" classname="graphql.schema.GraphQLArgumentTest" time="0.001"/>
  <system-out><![CDATA[]]></system-out>
  <system-err><![CDATA[]]></system-err>
</testsuite>
